<?xml version="1.0" encoding="UTF-8"?><testsuites time="11.575"><testsuite name="Checking root path redirect" tests="1" failures="1" errors="0" time="0.031" timestamp="2019-09-23T13:02:55.874Z" package="functional/tests/01-HomePage/01-redirects"><testcase name="ReferenceError: Can't find variable: basePath" classname="functional/tests/01-HomePage/01-redirects" time="0.031"><error type="error"><![CDATA[test@phantomjs://code/01-redirects.js:10:43
phantomjs://platform/tester.js:1131:24
[native code]
begin@phantomjs://platform/tester.js:1161:24
global code@phantomjs://code/01-redirects.js:2:18
injectJs@[native code]
exec@phantomjs://platform/tester.js:1304:21
runTest@phantomjs://platform/tester.js:1663:14
_check@phantomjs://platform/tester.js:1648:25]]></error><failure type="uncaughtError"><![CDATA[ReferenceError: Can't find variable: basePath]]></failure></testcase><system-out><![CDATA[]]></system-out></testsuite><testsuite name="Checking http -&gt; https redirect" tests="1" failures="1" errors="0" time="0.002" timestamp="2019-09-23T13:02:55.877Z" package="functional/tests/01-HomePage/01-redirects"><testcase name="ReferenceError: Can't find variable: baseDomain" classname="functional/tests/01-HomePage/01-redirects" time="0.002"><error type="error"><![CDATA[test@phantomjs://code/01-redirects.js:36:49
phantomjs://platform/tester.js:1131:24
[native code]
begin@phantomjs://platform/tester.js:1161:24
global code@phantomjs://code/01-redirects.js:28:18
injectJs@[native code]
exec@phantomjs://platform/tester.js:1304:21
runTest@phantomjs://platform/tester.js:1663:14
_check@phantomjs://platform/tester.js:1648:25]]></error><failure type="uncaughtError"><![CDATA[ReferenceError: Can't find variable: baseDomain]]></failure></testcase><system-out><![CDATA[]]></system-out></testsuite><testsuite name="Checking homepage" tests="1" failures="1" errors="0" time="0.016" timestamp="2019-09-23T13:02:55.877Z" package="functional/tests/01-HomePage/02-home"><testcase name="ReferenceError: Can't find variable: basePath" classname="functional/tests/01-HomePage/02-home" time="0.016"><error type="error"><![CDATA[test@phantomjs://code/02-home.js:10:30
phantomjs://platform/tester.js:1131:24
[native code]
begin@phantomjs://platform/tester.js:1161:24
global code@phantomjs://code/02-home.js:2:18
injectJs@[native code]
exec@phantomjs://platform/tester.js:1304:21
runTest@phantomjs://platform/tester.js:1663:14
_check@phantomjs://platform/tester.js:1648:25]]></error><failure type="uncaughtError"><![CDATA[ReferenceError: Can't find variable: basePath]]></failure></testcase><system-out><![CDATA[]]></system-out></testsuite><testsuite name="Checking the guidance popup" tests="1" failures="1" errors="0" time="0.019" timestamp="2019-09-23T13:02:55.878Z" package="functional/tests/01-HomePage/03-guidance"><testcase name="ReferenceError: Can't find variable: basePath" classname="functional/tests/01-HomePage/03-guidance" time="0.019"><error type="error"><![CDATA[test@phantomjs://code/03-guidance.js:6:30
phantomjs://platform/tester.js:1131:24
[native code]
begin@phantomjs://platform/tester.js:1161:24
global code@phantomjs://code/03-guidance.js:2:18
injectJs@[native code]
exec@phantomjs://platform/tester.js:1304:21
runTest@phantomjs://platform/tester.js:1663:14
_check@phantomjs://platform/tester.js:1648:25]]></error><failure type="uncaughtError"><![CDATA[ReferenceError: Can't find variable: basePath]]></failure></testcase><system-out><![CDATA[]]></system-out></testsuite><testsuite name="Checking &quot;Terms and Conditions&quot; page" tests="1" failures="1" errors="0" time="0.023" timestamp="2019-09-23T13:02:55.878Z" package="functional/tests/01-HomePage/04-terms"><testcase name="ReferenceError: Can't find variable: basePath" classname="functional/tests/01-HomePage/04-terms" time="0.023"><error type="error"><![CDATA[test@phantomjs://code/04-terms.js:10:30
phantomjs://platform/tester.js:1131:24
[native code]
begin@phantomjs://platform/tester.js:1161:24
global code@phantomjs://code/04-terms.js:2:18
injectJs@[native code]
exec@phantomjs://platform/tester.js:1304:21
runTest@phantomjs://platform/tester.js:1663:14
_check@phantomjs://platform/tester.js:1648:25]]></error><failure type="uncaughtError"><![CDATA[ReferenceError: Can't find variable: basePath]]></failure></testcase><system-out><![CDATA[]]></system-out></testsuite><testsuite name="Checking &quot;Privacy Notice&quot; page" tests="1" failures="1" errors="0" time="0.019" timestamp="2019-09-23T13:02:55.878Z" package="functional/tests/01-HomePage/05-privacy"><testcase name="ReferenceError: Can't find variable: basePath" classname="functional/tests/01-HomePage/05-privacy" time="0.019"><error type="error"><![CDATA[test@phantomjs://code/05-privacy.js:10:30
phantomjs://platform/tester.js:1131:24
[native code]
begin@phantomjs://platform/tester.js:1161:24
global code@phantomjs://code/05-privacy.js:2:18
injectJs@[native code]
exec@phantomjs://platform/tester.js:1304:21
runTest@phantomjs://platform/tester.js:1663:14
_check@phantomjs://platform/tester.js:1648:25]]></error><failure type="uncaughtError"><![CDATA[ReferenceError: Can't find variable: basePath]]></failure></testcase><system-out><![CDATA[]]></system-out></testsuite><testsuite name="Checking &quot;Cookies Disabled&quot; page" tests="1" failures="1" errors="0" time="0.021" timestamp="2019-09-23T13:02:55.878Z" package="functional/tests/01-HomePage/06-noCookies"><testcase name="ReferenceError: Can't find variable: basePath" classname="functional/tests/01-HomePage/06-noCookies" time="0.021"><error type="error"><![CDATA[test@phantomjs://code/06-noCookies.js:13:30
phantomjs://platform/tester.js:1131:24
[native code]
begin@phantomjs://platform/tester.js:1161:24
global code@phantomjs://code/06-noCookies.js:2:18
injectJs@[native code]
exec@phantomjs://platform/tester.js:1304:21
runTest@phantomjs://platform/tester.js:1663:14
_check@phantomjs://platform/tester.js:1648:25]]></error><failure type="uncaughtError"><![CDATA[ReferenceError: Can't find variable: basePath]]></failure></testcase><system-out><![CDATA[]]></system-out></testsuite><testsuite name="Checking signup form validation" tests="1" failures="1" errors="0" time="0.019" timestamp="2019-09-23T13:02:55.878Z" package="functional/tests/02-Signup/01-validation"><testcase name="ReferenceError: Can't find variable: basePath" classname="functional/tests/02-Signup/01-validation" time="0.019"><error type="error"><![CDATA[test@phantomjs://code/01-validation.js:10:30
phantomjs://platform/tester.js:1131:24
[native code]
begin@phantomjs://platform/tester.js:1161:24
global code@phantomjs://code/01-validation.js:2:18
injectJs@[native code]
exec@phantomjs://platform/tester.js:1304:21
runTest@phantomjs://platform/tester.js:1663:14
_check@phantomjs://platform/tester.js:1648:25]]></error><failure type="uncaughtError"><![CDATA[ReferenceError: Can't find variable: basePath]]></failure></testcase><system-out><![CDATA[]]></system-out></testsuite><testsuite name="Checking for a successful signup" tests="1" failures="1" errors="0" time="0.023" timestamp="2019-09-23T13:02:55.878Z" package="functional/tests/02-Signup/02-signup"><testcase name="ReferenceError: Can't find variable: basePath" classname="functional/tests/02-Signup/02-signup" time="0.023"><error type="error"><![CDATA[test@phantomjs://code/02-signup.js:12:30
phantomjs://platform/tester.js:1131:24
[native code]
begin@phantomjs://platform/tester.js:1161:24
global code@phantomjs://code/02-signup.js:2:18
injectJs@[native code]
exec@phantomjs://platform/tester.js:1304:21
runTest@phantomjs://platform/tester.js:1663:14
_check@phantomjs://platform/tester.js:1648:25]]></error><failure type="uncaughtError"><![CDATA[ReferenceError: Can't find variable: basePath]]></failure></testcase><system-out><![CDATA[]]></system-out></testsuite><testsuite name="Checking account activation" tests="1" failures="1" errors="0" time="5.072" timestamp="2019-09-23T13:02:55.878Z" package="functional/tests/02-Signup/03-activate"><testcase name="ReferenceError: Can't find variable: userNumber" classname="functional/tests/02-Signup/03-activate" time="5.072"><error type="error"><![CDATA[getActivationLink@phantomjs://code/03-activate.js:19:68
_check@phantomjs://platform/casper.js:2188:30]]></error><failure type="uncaughtError"><![CDATA[ReferenceError: Can't find variable: userNumber]]></failure></testcase><system-out><![CDATA[]]></system-out></testsuite><testsuite name="Adding About me details" tests="1" failures="1" errors="0" time="0.008" timestamp="2019-09-23T13:02:55.879Z" package="functional/tests/02-Signup/04-about-me"><testcase name="ReferenceError: Can't find variable: basePath" classname="functional/tests/02-Signup/04-about-me" time="0.008"><error type="error"><![CDATA[test@phantomjs://code/04-about-me.js:10:30
phantomjs://platform/tester.js:1131:24
[native code]
begin@phantomjs://platform/tester.js:1161:24
global code@phantomjs://code/04-about-me.js:2:18
injectJs@[native code]
exec@phantomjs://platform/tester.js:1304:21
runTest@phantomjs://platform/tester.js:1663:14
_check@phantomjs://platform/tester.js:1648:25]]></error><failure type="uncaughtError"><![CDATA[ReferenceError: Can't find variable: basePath]]></failure></testcase><system-out><![CDATA[]]></system-out></testsuite><testsuite name="Checking login form validation" tests="1" failures="1" errors="0" time="0.023" timestamp="2019-09-23T13:02:55.879Z" package="functional/tests/03-Authentication/01-validation"><testcase name="ReferenceError: Can't find variable: basePath" classname="functional/tests/03-Authentication/01-validation" time="0.023"><error type="error"><![CDATA[test@phantomjs://code/01-validation.js:10:30
phantomjs://platform/tester.js:1131:24
[native code]
begin@phantomjs://platform/tester.js:1161:24
global code@phantomjs://code/01-validation.js:2:18
injectJs@[native code]
exec@phantomjs://platform/tester.js:1304:21
runTest@phantomjs://platform/tester.js:1663:14
_check@phantomjs://platform/tester.js:1648:25]]></error><failure type="uncaughtError"><![CDATA[ReferenceError: Can't find variable: basePath]]></failure></testcase><system-out><![CDATA[]]></system-out></testsuite><testsuite name="Checking for a successful login" tests="1" failures="1" errors="0" time="0.018" timestamp="2019-09-23T13:02:55.879Z" package="functional/tests/03-Authentication/02-login"><testcase name="ReferenceError: Can't find variable: basePath" classname="functional/tests/03-Authentication/02-login" time="0.018"><error type="error"><![CDATA[test@phantomjs://code/02-login.js:10:30
phantomjs://platform/tester.js:1131:24
[native code]
begin@phantomjs://platform/tester.js:1161:24
global code@phantomjs://code/02-login.js:2:18
injectJs@[native code]
exec@phantomjs://platform/tester.js:1304:21
runTest@phantomjs://platform/tester.js:1663:14
_check@phantomjs://platform/tester.js:1648:25]]></error><failure type="uncaughtError"><![CDATA[ReferenceError: Can't find variable: basePath]]></failure></testcase><system-out><![CDATA[]]></system-out></testsuite><testsuite name="Check password reset process" tests="1" failures="1" errors="0" time="0.02" timestamp="2019-09-23T13:02:55.879Z" package="functional/tests/04-PasswordReset/01-password-reset"><testcase name="ReferenceError: Can't find variable: basePath" classname="functional/tests/04-PasswordReset/01-password-reset" time="0.02"><error type="error"><![CDATA[test@phantomjs://code/01-password-reset.js:10:30
phantomjs://platform/tester.js:1131:24
[native code]
begin@phantomjs://platform/tester.js:1161:24
global code@phantomjs://code/01-password-reset.js:2:18
injectJs@[native code]
exec@phantomjs://platform/tester.js:1304:21
runTest@phantomjs://platform/tester.js:1663:14
_check@phantomjs://platform/tester.js:1648:25]]></error><failure type="uncaughtError"><![CDATA[ReferenceError: Can't find variable: basePath]]></failure></testcase><system-out><![CDATA[]]></system-out></testsuite><testsuite name="Checking password reset email" tests="1" failures="1" errors="0" time="5.068" timestamp="2019-09-23T13:02:55.879Z" package="functional/tests/04-PasswordReset/02-use-email-link"><testcase name="ReferenceError: Can't find variable: userNumber" classname="functional/tests/04-PasswordReset/02-use-email-link" time="5.068"><error type="error"><![CDATA[getPasswordResetLink@phantomjs://code/02-use-email-link.js:19:68
_check@phantomjs://platform/casper.js:2188:30]]></error><failure type="uncaughtError"><![CDATA[ReferenceError: Can't find variable: userNumber]]></failure></testcase><system-out><![CDATA[]]></system-out></testsuite><testsuite name="Checking for a successful login" tests="1" failures="1" errors="0" time="0.009" timestamp="2019-09-23T13:02:55.879Z" package="functional/tests/04-PasswordReset/06-login"><testcase name="ReferenceError: Can't find variable: basePath" classname="functional/tests/04-PasswordReset/06-login" time="0.009"><error type="error"><![CDATA[test@phantomjs://code/06-login.js:10:30
phantomjs://platform/tester.js:1131:24
[native code]
begin@phantomjs://platform/tester.js:1161:24
global code@phantomjs://code/06-login.js:2:18
injectJs@[native code]
exec@phantomjs://platform/tester.js:1304:21
runTest@phantomjs://platform/tester.js:1663:14
_check@phantomjs://platform/tester.js:1648:25]]></error><failure type="uncaughtError"><![CDATA[ReferenceError: Can't find variable: basePath]]></failure></testcase><system-out><![CDATA[]]></system-out></testsuite><testsuite name="Checking clicking 'Create a new LPA' from the Dashboard" tests="1" failures="1" errors="0" time="0.01" timestamp="2019-09-23T13:02:55.879Z" package="functional/tests/05-CreatePfLpa/01-dashboard"><testcase name="ReferenceError: Can't find variable: basePath" classname="functional/tests/05-CreatePfLpa/01-dashboard" time="0.01"><error type="error"><![CDATA[test@phantomjs://code/01-dashboard.js:10:30
phantomjs://platform/tester.js:1131:24
[native code]
begin@phantomjs://platform/tester.js:1161:24
global code@phantomjs://code/01-dashboard.js:2:18
injectJs@[native code]
exec@phantomjs://platform/tester.js:1304:21
runTest@phantomjs://platform/tester.js:1663:14
_check@phantomjs://platform/tester.js:1648:25]]></error><failure type="uncaughtError"><![CDATA[ReferenceError: Can't find variable: basePath]]></failure></testcase><system-out><![CDATA[]]></system-out></testsuite><testsuite name="Checking user can select an LPA type and create an LPA of the chosen type" tests="1" failures="1" errors="0" time="0.022" timestamp="2019-09-23T13:02:55.879Z" package="functional/tests/05-CreatePfLpa/02-type"><testcase name="ReferenceError: Can't find variable: basePath" classname="functional/tests/05-CreatePfLpa/02-type" time="0.022"><error type="error"><![CDATA[test@phantomjs://code/02-type.js:10:30
phantomjs://platform/tester.js:1131:24
[native code]
begin@phantomjs://platform/tester.js:1161:24
global code@phantomjs://code/02-type.js:2:18
injectJs@[native code]
exec@phantomjs://platform/tester.js:1304:21
runTest@phantomjs://platform/tester.js:1663:14
_check@phantomjs://platform/tester.js:1648:25]]></error><failure type="uncaughtError"><![CDATA[ReferenceError: Can't find variable: basePath]]></failure></testcase><system-out><![CDATA[]]></system-out></testsuite><testsuite name="Checking user can add donor" tests="2" failures="2" errors="0" time="0.02" timestamp="2019-09-23T13:02:55.879Z" package="functional/tests/05-CreatePfLpa/03-donor"><testcase name="ReferenceError: Can't find variable: paths" classname="functional/tests/05-CreatePfLpa/03-donor" time="0.019"><error type="error"><![CDATA[setUp@phantomjs://code/03-donor.js:5:26
begin@phantomjs://platform/tester.js:1158:25
global code@phantomjs://code/03-donor.js:2:18
injectJs@[native code]
exec@phantomjs://platform/tester.js:1304:21
runTest@phantomjs://platform/tester.js:1663:14
_check@phantomjs://platform/tester.js:1648:25]]></error><failure type="uncaughtError"><![CDATA[ReferenceError: Can't find variable: paths]]></failure></testcase><testcase name="ReferenceError: Can't find variable: whenLpaStartsPath" classname="functional/tests/05-CreatePfLpa/03-donor" time="0.001"><error type="error"><![CDATA[tearDown@phantomjs://code/03-donor.js:10:44
done@phantomjs://platform/tester.js:1213:28
begin@phantomjs://platform/tester.js:1170:18
global code@phantomjs://code/03-donor.js:2:18
injectJs@[native code]
exec@phantomjs://platform/tester.js:1304:21
runTest@phantomjs://platform/tester.js:1663:14
_check@phantomjs://platform/tester.js:1648:25]]></error><failure type="uncaughtError"><![CDATA[ReferenceError: Can't find variable: whenLpaStartsPath]]></failure></testcase><system-out><![CDATA[]]></system-out></testsuite><testsuite name="Checking user can set when lpa starts" tests="2" failures="2" errors="0" time="0.018" timestamp="2019-09-23T13:02:55.879Z" package="functional/tests/05-CreatePfLpa/04-when-lpa-starts"><testcase name="ReferenceError: Can't find variable: paths" classname="functional/tests/05-CreatePfLpa/04-when-lpa-starts" time="0.017"><error type="error"><![CDATA[setUp@phantomjs://code/04-when-lpa-starts.js:5:34
begin@phantomjs://platform/tester.js:1158:25
global code@phantomjs://code/04-when-lpa-starts.js:2:18
injectJs@[native code]
exec@phantomjs://platform/tester.js:1304:21
runTest@phantomjs://platform/tester.js:1663:14
_check@phantomjs://platform/tester.js:1648:25]]></error><failure type="uncaughtError"><![CDATA[ReferenceError: Can't find variable: paths]]></failure></testcase><testcase name="ReferenceError: Can't find variable: attorneyPath" classname="functional/tests/05-CreatePfLpa/04-when-lpa-starts" time="0.001"><error type="error"><![CDATA[tearDown@phantomjs://code/04-when-lpa-starts.js:10:47
done@phantomjs://platform/tester.js:1213:28
begin@phantomjs://platform/tester.js:1170:18
global code@phantomjs://code/04-when-lpa-starts.js:2:18
injectJs@[native code]
exec@phantomjs://platform/tester.js:1304:21
runTest@phantomjs://platform/tester.js:1663:14
_check@phantomjs://platform/tester.js:1648:25]]></error><failure type="uncaughtError"><![CDATA[ReferenceError: Can't find variable: attorneyPath]]></failure></testcase><system-out><![CDATA[]]></system-out></testsuite><testsuite name="Checking user can add primary attorney" tests="2" failures="2" errors="0" time="0.018" timestamp="2019-09-23T13:02:55.879Z" package="functional/tests/05-CreatePfLpa/05-primary-attorney"><testcase name="ReferenceError: Can't find variable: paths" classname="functional/tests/05-CreatePfLpa/05-primary-attorney" time="0.018"><error type="error"><![CDATA[setUp@phantomjs://code/05-primary-attorney.js:5:36
begin@phantomjs://platform/tester.js:1158:25
global code@phantomjs://code/05-primary-attorney.js:2:18
injectJs@[native code]
exec@phantomjs://platform/tester.js:1304:21
runTest@phantomjs://platform/tester.js:1663:14
_check@phantomjs://platform/tester.js:1648:25]]></error><failure type="uncaughtError"><![CDATA[ReferenceError: Can't find variable: paths]]></failure></testcase><testcase name="ReferenceError: Can't find variable: replacementAttorneyPath" classname="functional/tests/05-CreatePfLpa/05-primary-attorney" time="0"><error type="error"><![CDATA[tearDown@phantomjs://code/05-primary-attorney.js:11:60
done@phantomjs://platform/tester.js:1213:28
begin@phantomjs://platform/tester.js:1170:18
global code@phantomjs://code/05-primary-attorney.js:2:18
injectJs@[native code]
exec@phantomjs://platform/tester.js:1304:21
runTest@phantomjs://platform/tester.js:1663:14
_check@phantomjs://platform/tester.js:1648:25]]></error><failure type="uncaughtError"><![CDATA[ReferenceError: Can't find variable: replacementAttorneyPath]]></failure></testcase><system-out><![CDATA[]]></system-out></testsuite><testsuite name="Checking user can access how primary attorney make decision page" tests="2" failures="2" errors="0" time="0.023" timestamp="2019-09-23T13:02:55.880Z" package="functional/tests/05-CreatePfLpa/06-how-primary-attorneys-make-decision"><testcase name="ReferenceError: Can't find variable: paths" classname="functional/tests/05-CreatePfLpa/06-how-primary-attorneys-make-decision" time="0.022"><error type="error"><![CDATA[setUp@phantomjs://code/06-how-primary-attorneys-make-decision.js:5:42
begin@phantomjs://platform/tester.js:1158:25
global code@phantomjs://code/06-how-primary-attorneys-make-decision.js:2:18
injectJs@[native code]
exec@phantomjs://platform/tester.js:1304:21
runTest@phantomjs://platform/tester.js:1663:14
_check@phantomjs://platform/tester.js:1648:25]]></error><failure type="uncaughtError"><![CDATA[ReferenceError: Can't find variable: paths]]></failure></testcase><testcase name="ReferenceError: Can't find variable: replacementAttorneyPath" classname="functional/tests/05-CreatePfLpa/06-how-primary-attorneys-make-decision" time="0.001"><error type="error"><![CDATA[tearDown@phantomjs://code/06-how-primary-attorneys-make-decision.js:10:66
done@phantomjs://platform/tester.js:1213:28
begin@phantomjs://platform/tester.js:1170:18
global code@phantomjs://code/06-how-primary-attorneys-make-decision.js:2:18
injectJs@[native code]
exec@phantomjs://platform/tester.js:1304:21
runTest@phantomjs://platform/tester.js:1663:14
_check@phantomjs://platform/tester.js:1648:25]]></error><failure type="uncaughtError"><![CDATA[ReferenceError: Can't find variable: replacementAttorneyPath]]></failure></testcase><system-out><![CDATA[]]></system-out></testsuite><testsuite name="Checking user can add replacement attorney" tests="2" failures="2" errors="0" time="0.018" timestamp="2019-09-23T13:02:55.880Z" package="functional/tests/05-CreatePfLpa/07-replacement-attorney"><testcase name="ReferenceError: Can't find variable: paths" classname="functional/tests/05-CreatePfLpa/07-replacement-attorney" time="0.017"><error type="error"><![CDATA[setUp@phantomjs://code/07-replacement-attorney.js:5:40
begin@phantomjs://platform/tester.js:1158:25
global code@phantomjs://code/07-replacement-attorney.js:2:18
injectJs@[native code]
exec@phantomjs://platform/tester.js:1304:21
runTest@phantomjs://platform/tester.js:1663:14
_check@phantomjs://platform/tester.js:1648:25]]></error><failure type="uncaughtError"><![CDATA[ReferenceError: Can't find variable: paths]]></failure></testcase><testcase name="ReferenceError: Can't find variable: whenReplacementAttorneyStepInPath" classname="functional/tests/05-CreatePfLpa/07-replacement-attorney" time="0.001"><error type="error"><![CDATA[tearDown@phantomjs://code/07-replacement-attorney.js:11:74
done@phantomjs://platform/tester.js:1213:28
begin@phantomjs://platform/tester.js:1170:18
global code@phantomjs://code/07-replacement-attorney.js:2:18
injectJs@[native code]
exec@phantomjs://platform/tester.js:1304:21
runTest@phantomjs://platform/tester.js:1663:14
_check@phantomjs://platform/tester.js:1648:25]]></error><failure type="uncaughtError"><![CDATA[ReferenceError: Can't find variable: whenReplacementAttorneyStepInPath]]></failure></testcase><system-out><![CDATA[]]></system-out></testsuite><testsuite name="Checking user can set when replacement attorney step in page" tests="2" failures="2" errors="0" time="0.021" timestamp="2019-09-23T13:02:55.880Z" package="functional/tests/05-CreatePfLpa/08-when-replacement-attorney-step-in"><testcase name="ReferenceError: Can't find variable: paths" classname="functional/tests/05-CreatePfLpa/08-when-replacement-attorney-step-in" time="0.02"><error type="error"><![CDATA[setUp@phantomjs://code/08-when-replacement-attorney-step-in.js:5:39
begin@phantomjs://platform/tester.js:1158:25
global code@phantomjs://code/08-when-replacement-attorney-step-in.js:2:18
injectJs@[native code]
exec@phantomjs://platform/tester.js:1304:21
runTest@phantomjs://platform/tester.js:1663:14
_check@phantomjs://platform/tester.js:1648:25]]></error><failure type="uncaughtError"><![CDATA[ReferenceError: Can't find variable: paths]]></failure></testcase><testcase name="ReferenceError: Can't find variable: howReplacementAttorneysMakeDecisionPath" classname="functional/tests/05-CreatePfLpa/08-when-replacement-attorney-step-in" time="0.001"><error type="error"><![CDATA[tearDown@phantomjs://code/08-when-replacement-attorney-step-in.js:11:79
done@phantomjs://platform/tester.js:1213:28
begin@phantomjs://platform/tester.js:1170:18
global code@phantomjs://code/08-when-replacement-attorney-step-in.js:2:18
injectJs@[native code]
exec@phantomjs://platform/tester.js:1304:21
runTest@phantomjs://platform/tester.js:1663:14
_check@phantomjs://platform/tester.js:1648:25]]></error><failure type="uncaughtError"><![CDATA[ReferenceError: Can't find variable: howReplacementAttorneysMakeDecisionPath]]></failure></testcase><system-out><![CDATA[]]></system-out></testsuite><testsuite name="Checking user can access how primary attorney make decision page" tests="2" failures="2" errors="0" time="0.02" timestamp="2019-09-23T13:02:55.880Z" package="functional/tests/05-CreatePfLpa/09-how-replacement-attorneys-make-decision"><testcase name="ReferenceError: Can't find variable: paths" classname="functional/tests/05-CreatePfLpa/09-how-replacement-attorneys-make-decision" time="0.019"><error type="error"><![CDATA[setUp@phantomjs://code/09-how-replacement-attorneys-make-decision.js:5:53
begin@phantomjs://platform/tester.js:1158:25
global code@phantomjs://code/09-how-replacement-attorneys-make-decision.js:2:18
injectJs@[native code]
exec@phantomjs://platform/tester.js:1304:21
runTest@phantomjs://platform/tester.js:1663:14
_check@phantomjs://platform/tester.js:1648:25]]></error><failure type="uncaughtError"><![CDATA[ReferenceError: Can't find variable: paths]]></failure></testcase><testcase name="ReferenceError: Can't find variable: certificateProviderPath" classname="functional/tests/05-CreatePfLpa/09-how-replacement-attorneys-make-decision" time="0.001"><error type="error"><![CDATA[tearDown@phantomjs://code/09-how-replacement-attorneys-make-decision.js:10:77
done@phantomjs://platform/tester.js:1213:28
begin@phantomjs://platform/tester.js:1170:18
global code@phantomjs://code/09-how-replacement-attorneys-make-decision.js:2:18
injectJs@[native code]
exec@phantomjs://platform/tester.js:1304:21
runTest@phantomjs://platform/tester.js:1663:14
_check@phantomjs://platform/tester.js:1648:25]]></error><failure type="uncaughtError"><![CDATA[ReferenceError: Can't find variable: certificateProviderPath]]></failure></testcase><system-out><![CDATA[]]></system-out></testsuite><testsuite name="Checking user can add certificate provider" tests="2" failures="2" errors="0" time="0.022" timestamp="2019-09-23T13:02:55.880Z" package="functional/tests/05-CreatePfLpa/10-certificate-provider"><testcase name="ReferenceError: Can't find variable: paths" classname="functional/tests/05-CreatePfLpa/10-certificate-provider" time="0.022"><error type="error"><![CDATA[setUp@phantomjs://code/10-certificate-provider.js:5:40
begin@phantomjs://platform/tester.js:1158:25
global code@phantomjs://code/10-certificate-provider.js:2:18
injectJs@[native code]
exec@phantomjs://platform/tester.js:1304:21
runTest@phantomjs://platform/tester.js:1663:14
_check@phantomjs://platform/tester.js:1648:25]]></error><failure type="uncaughtError"><![CDATA[ReferenceError: Can't find variable: paths]]></failure></testcase><testcase name="ReferenceError: Can't find variable: peopleToNotifyPath" classname="functional/tests/05-CreatePfLpa/10-certificate-provider" time="0"><error type="error"><![CDATA[tearDown@phantomjs://code/10-certificate-provider.js:10:59
done@phantomjs://platform/tester.js:1213:28
begin@phantomjs://platform/tester.js:1170:18
global code@phantomjs://code/10-certificate-provider.js:2:18
injectJs@[native code]
exec@phantomjs://platform/tester.js:1304:21
runTest@phantomjs://platform/tester.js:1663:14
_check@phantomjs://platform/tester.js:1648:25]]></error><failure type="uncaughtError"><![CDATA[ReferenceError: Can't find variable: peopleToNotifyPath]]></failure></testcase><system-out><![CDATA[]]></system-out></testsuite><testsuite name="Checking user can add people to notify" tests="2" failures="2" errors="0" time="0.019" timestamp="2019-09-23T13:02:55.880Z" package="functional/tests/05-CreatePfLpa/11-people-to-notify"><testcase name="ReferenceError: Can't find variable: paths" classname="functional/tests/05-CreatePfLpa/11-people-to-notify" time="0.018"><error type="error"><![CDATA[setUp@phantomjs://code/11-people-to-notify.js:5:35
begin@phantomjs://platform/tester.js:1158:25
global code@phantomjs://code/11-people-to-notify.js:2:18
injectJs@[native code]
exec@phantomjs://platform/tester.js:1304:21
runTest@phantomjs://platform/tester.js:1663:14
_check@phantomjs://platform/tester.js:1648:25]]></error><failure type="uncaughtError"><![CDATA[ReferenceError: Can't find variable: paths]]></failure></testcase><testcase name="ReferenceError: Can't find variable: instructionPath" classname="functional/tests/05-CreatePfLpa/11-people-to-notify" time="0.001"><error type="error"><![CDATA[tearDown@phantomjs://code/11-people-to-notify.js:10:51
done@phantomjs://platform/tester.js:1213:28
begin@phantomjs://platform/tester.js:1170:18
global code@phantomjs://code/11-people-to-notify.js:2:18
injectJs@[native code]
exec@phantomjs://platform/tester.js:1304:21
runTest@phantomjs://platform/tester.js:1663:14
_check@phantomjs://platform/tester.js:1648:25]]></error><failure type="uncaughtError"><![CDATA[ReferenceError: Can't find variable: instructionPath]]></failure></testcase><system-out><![CDATA[]]></system-out></testsuite><testsuite name="Checking instructions page" tests="2" failures="2" errors="0" time="0.021" timestamp="2019-09-23T13:02:55.880Z" package="functional/tests/05-CreatePfLpa/12-instructions"><testcase name="ReferenceError: Can't find variable: paths" classname="functional/tests/05-CreatePfLpa/12-instructions" time="0.02"><error type="error"><![CDATA[setUp@phantomjs://code/12-instructions.js:5:29
begin@phantomjs://platform/tester.js:1158:25
global code@phantomjs://code/12-instructions.js:2:18
injectJs@[native code]
exec@phantomjs://platform/tester.js:1304:21
runTest@phantomjs://platform/tester.js:1663:14
_check@phantomjs://platform/tester.js:1648:25]]></error><failure type="uncaughtError"><![CDATA[ReferenceError: Can't find variable: paths]]></failure></testcase><testcase name="ReferenceError: Can't find variable: applicantpath" classname="functional/tests/05-CreatePfLpa/12-instructions" time="0.001"><error type="error"><![CDATA[tearDown@phantomjs://code/12-instructions.js:10:43
done@phantomjs://platform/tester.js:1213:28
begin@phantomjs://platform/tester.js:1170:18
global code@phantomjs://code/12-instructions.js:2:18
injectJs@[native code]
exec@phantomjs://platform/tester.js:1304:21
runTest@phantomjs://platform/tester.js:1663:14
_check@phantomjs://platform/tester.js:1648:25]]></error><failure type="uncaughtError"><![CDATA[ReferenceError: Can't find variable: applicantpath]]></failure></testcase><system-out><![CDATA[]]></system-out></testsuite><testsuite name="Checking Summary page" tests="2" failures="2" errors="0" time="0.023" timestamp="2019-09-23T13:02:55.880Z" package="functional/tests/05-CreatePfLpa/13-summary"><testcase name="ReferenceError: Can't find variable: paths" classname="functional/tests/05-CreatePfLpa/13-summary" time="0.022"><error type="error"><![CDATA[setUp@phantomjs://code/13-summary.js:7:27
begin@phantomjs://platform/tester.js:1158:25
global code@phantomjs://code/13-summary.js:4:18
injectJs@[native code]
exec@phantomjs://platform/tester.js:1304:21
runTest@phantomjs://platform/tester.js:1663:14
_check@phantomjs://platform/tester.js:1648:25]]></error><failure type="uncaughtError"><![CDATA[ReferenceError: Can't find variable: paths]]></failure></testcase><testcase name="ReferenceError: Can't find variable: summaryPath" classname="functional/tests/05-CreatePfLpa/13-summary" time="0.001"><error type="error"><![CDATA[tearDown@phantomjs://code/13-summary.js:14:39
done@phantomjs://platform/tester.js:1213:28
begin@phantomjs://platform/tester.js:1170:18
global code@phantomjs://code/13-summary.js:4:18
injectJs@[native code]
exec@phantomjs://platform/tester.js:1304:21
runTest@phantomjs://platform/tester.js:1663:14
_check@phantomjs://platform/tester.js:1648:25]]></error><failure type="uncaughtError"><![CDATA[ReferenceError: Can't find variable: summaryPath]]></failure></testcase><system-out><![CDATA[]]></system-out></testsuite><testsuite name="Checking user can select an applicant" tests="2" failures="2" errors="0" time="0.017" timestamp="2019-09-23T13:02:55.880Z" package="functional/tests/05-CreatePfLpa/14-applicant"><testcase name="ReferenceError: Can't find variable: paths" classname="functional/tests/05-CreatePfLpa/14-applicant" time="0.017"><error type="error"><![CDATA[setUp@phantomjs://code/14-applicant.js:5:27
begin@phantomjs://platform/tester.js:1158:25
global code@phantomjs://code/14-applicant.js:2:18
injectJs@[native code]
exec@phantomjs://platform/tester.js:1304:21
runTest@phantomjs://platform/tester.js:1663:14
_check@phantomjs://platform/tester.js:1648:25]]></error><failure type="uncaughtError"><![CDATA[ReferenceError: Can't find variable: paths]]></failure></testcase><testcase name="ReferenceError: Can't find variable: correspondentPath" classname="functional/tests/05-CreatePfLpa/14-applicant" time="0"><error type="error"><![CDATA[tearDown@phantomjs://code/14-applicant.js:10:45
done@phantomjs://platform/tester.js:1213:28
begin@phantomjs://platform/tester.js:1170:18
global code@phantomjs://code/14-applicant.js:2:18
injectJs@[native code]
exec@phantomjs://platform/tester.js:1304:21
runTest@phantomjs://platform/tester.js:1663:14
_check@phantomjs://platform/tester.js:1648:25]]></error><failure type="uncaughtError"><![CDATA[ReferenceError: Can't find variable: correspondentPath]]></failure></testcase><system-out><![CDATA[]]></system-out></testsuite><testsuite name="Checking user can access correspondent page" tests="2" failures="2" errors="0" time="0.019" timestamp="2019-09-23T13:02:55.881Z" package="functional/tests/05-CreatePfLpa/15-correspondent"><testcase name="ReferenceError: Can't find variable: paths" classname="functional/tests/05-CreatePfLpa/15-correspondent" time="0.018"><error type="error"><![CDATA[setUp@phantomjs://code/15-correspondent.js:5:34
begin@phantomjs://platform/tester.js:1158:25
global code@phantomjs://code/15-correspondent.js:2:18
injectJs@[native code]
exec@phantomjs://platform/tester.js:1304:21
runTest@phantomjs://platform/tester.js:1663:14
_check@phantomjs://platform/tester.js:1648:25]]></error><failure type="uncaughtError"><![CDATA[ReferenceError: Can't find variable: paths]]></failure></testcase><testcase name="ReferenceError: Can't find variable: whoAreYouPath" classname="functional/tests/05-CreatePfLpa/15-correspondent" time="0.001"><error type="error"><![CDATA[tearDown@phantomjs://code/15-correspondent.js:10:48
done@phantomjs://platform/tester.js:1213:28
begin@phantomjs://platform/tester.js:1170:18
global code@phantomjs://code/15-correspondent.js:2:18
injectJs@[native code]
exec@phantomjs://platform/tester.js:1304:21
runTest@phantomjs://platform/tester.js:1663:14
_check@phantomjs://platform/tester.js:1648:25]]></error><failure type="uncaughtError"><![CDATA[ReferenceError: Can't find variable: whoAreYouPath]]></failure></testcase><system-out><![CDATA[]]></system-out></testsuite><testsuite name="Checking user can access who are you page" tests="2" failures="2" errors="0" time="0.019" timestamp="2019-09-23T13:02:55.881Z" package="functional/tests/05-CreatePfLpa/16-who-are-you"><testcase name="ReferenceError: Can't find variable: paths" classname="functional/tests/05-CreatePfLpa/16-who-are-you" time="0.019"><error type="error"><![CDATA[setUp@phantomjs://code/16-who-are-you.js:5:27
begin@phantomjs://platform/tester.js:1158:25
global code@phantomjs://code/16-who-are-you.js:2:18
injectJs@[native code]
exec@phantomjs://platform/tester.js:1304:21
runTest@phantomjs://platform/tester.js:1663:14
_check@phantomjs://platform/tester.js:1648:25]]></error><failure type="uncaughtError"><![CDATA[ReferenceError: Can't find variable: paths]]></failure></testcase><testcase name="ReferenceError: Can't find variable: repeatApplicationPath" classname="functional/tests/05-CreatePfLpa/16-who-are-you" time="0"><error type="error"><![CDATA[tearDown@phantomjs://code/16-who-are-you.js:10:49
done@phantomjs://platform/tester.js:1213:28
begin@phantomjs://platform/tester.js:1170:18
global code@phantomjs://code/16-who-are-you.js:2:18
injectJs@[native code]
exec@phantomjs://platform/tester.js:1304:21
runTest@phantomjs://platform/tester.js:1663:14
_check@phantomjs://platform/tester.js:1648:25]]></error><failure type="uncaughtError"><![CDATA[ReferenceError: Can't find variable: repeatApplicationPath]]></failure></testcase><system-out><![CDATA[]]></system-out></testsuite><testsuite name="Checking user can access repeat application page" tests="2" failures="2" errors="0" time="0.022" timestamp="2019-09-23T13:02:55.881Z" package="functional/tests/05-CreatePfLpa/17-repeat-application"><testcase name="ReferenceError: Can't find variable: paths" classname="functional/tests/05-CreatePfLpa/17-repeat-application" time="0.022"><error type="error"><![CDATA[setUp@phantomjs://code/17-repeat-application.js:5:35
begin@phantomjs://platform/tester.js:1158:25
global code@phantomjs://code/17-repeat-application.js:2:18
injectJs@[native code]
exec@phantomjs://platform/tester.js:1304:21
runTest@phantomjs://platform/tester.js:1663:14
_check@phantomjs://platform/tester.js:1648:25]]></error><failure type="uncaughtError"><![CDATA[ReferenceError: Can't find variable: paths]]></failure></testcase><testcase name="ReferenceError: Can't find variable: feeReductionPath" classname="functional/tests/05-CreatePfLpa/17-repeat-application" time="0"><error type="error"><![CDATA[tearDown@phantomjs://code/17-repeat-application.js:10:52
done@phantomjs://platform/tester.js:1213:28
begin@phantomjs://platform/tester.js:1170:18
global code@phantomjs://code/17-repeat-application.js:2:18
injectJs@[native code]
exec@phantomjs://platform/tester.js:1304:21
runTest@phantomjs://platform/tester.js:1663:14
_check@phantomjs://platform/tester.js:1648:25]]></error><failure type="uncaughtError"><![CDATA[ReferenceError: Can't find variable: feeReductionPath]]></failure></testcase><system-out><![CDATA[]]></system-out></testsuite><testsuite name="Checking user can access fee reduction page" tests="2" failures="2" errors="0" time="0.019" timestamp="2019-09-23T13:02:55.881Z" package="functional/tests/05-CreatePfLpa/18-fee-reduction"><testcase name="ReferenceError: Can't find variable: paths" classname="functional/tests/05-CreatePfLpa/18-fee-reduction" time="0.018"><error type="error"><![CDATA[setUp@phantomjs://code/18-fee-reduction.js:5:33
begin@phantomjs://platform/tester.js:1158:25
global code@phantomjs://code/18-fee-reduction.js:2:18
injectJs@[native code]
exec@phantomjs://platform/tester.js:1304:21
runTest@phantomjs://platform/tester.js:1663:14
_check@phantomjs://platform/tester.js:1648:25]]></error><failure type="uncaughtError"><![CDATA[ReferenceError: Can't find variable: paths]]></failure></testcase><testcase name="ReferenceError: Can't find variable: checkoutPath" classname="functional/tests/05-CreatePfLpa/18-fee-reduction" time="0.001"><error type="error"><![CDATA[tearDown@phantomjs://code/18-fee-reduction.js:10:46
done@phantomjs://platform/tester.js:1213:28
begin@phantomjs://platform/tester.js:1170:18
global code@phantomjs://code/18-fee-reduction.js:2:18
injectJs@[native code]
exec@phantomjs://platform/tester.js:1304:21
runTest@phantomjs://platform/tester.js:1663:14
_check@phantomjs://platform/tester.js:1648:25]]></error><failure type="uncaughtError"><![CDATA[ReferenceError: Can't find variable: checkoutPath]]></failure></testcase><system-out><![CDATA[]]></system-out></testsuite><testsuite name="Checking Checkout page" tests="1" failures="1" errors="0" time="0.029" timestamp="2019-09-23T13:02:55.881Z" package="functional/tests/05-CreatePfLpa/19-checkout"><testcase name="ReferenceError: Can't find variable: paths" classname="functional/tests/05-CreatePfLpa/19-checkout" time="0.029"><error type="error"><![CDATA[setUp@phantomjs://code/19-checkout.js:7:29
begin@phantomjs://platform/tester.js:1158:25
global code@phantomjs://code/19-checkout.js:4:18
injectJs@[native code]
exec@phantomjs://platform/tester.js:1304:21
runTest@phantomjs://platform/tester.js:1663:14
_check@phantomjs://platform/tester.js:1648:25]]></error><failure type="uncaughtError"><![CDATA[ReferenceError: Can't find variable: paths]]></failure></testcase><system-out><![CDATA[]]></system-out></testsuite><testsuite name="Checking user can access payment page" tests="2" failures="2" errors="0" time="0.009" timestamp="2019-09-23T13:02:55.881Z" package="functional/tests/05-CreatePfLpa/20-complete"><testcase name="ReferenceError: Can't find variable: paths" classname="functional/tests/05-CreatePfLpa/20-complete" time="0.009"><error type="error"><![CDATA[setUp@phantomjs://code/20-complete.js:5:28
begin@phantomjs://platform/tester.js:1158:25
global code@phantomjs://code/20-complete.js:2:18
injectJs@[native code]
exec@phantomjs://platform/tester.js:1304:21
runTest@phantomjs://platform/tester.js:1663:14
_check@phantomjs://platform/tester.js:1648:25]]></error><failure type="uncaughtError"><![CDATA[ReferenceError: Can't find variable: paths]]></failure></testcase><testcase name="ReferenceError: Can't find variable: completePath" classname="functional/tests/05-CreatePfLpa/20-complete" time="0"><error type="error"><![CDATA[tearDown@phantomjs://code/20-complete.js:11:41
done@phantomjs://platform/tester.js:1213:28
begin@phantomjs://platform/tester.js:1170:18
global code@phantomjs://code/20-complete.js:2:18
injectJs@[native code]
exec@phantomjs://platform/tester.js:1304:21
runTest@phantomjs://platform/tester.js:1663:14
_check@phantomjs://platform/tester.js:1648:25]]></error><failure type="uncaughtError"><![CDATA[ReferenceError: Can't find variable: completePath]]></failure></testcase><system-out><![CDATA[]]></system-out></testsuite><testsuite name="Checking clicking 'Create a new LPA' from the Dashboard" tests="1" failures="1" errors="0" time="0.027" timestamp="2019-09-23T13:02:55.881Z" package="functional/tests/15-CreateHwLpa/010-dashboard"><testcase name="ReferenceError: Can't find variable: basePath" classname="functional/tests/15-CreateHwLpa/010-dashboard" time="0.027"><error type="error"><![CDATA[test@phantomjs://code/010-dashboard.js:10:30
phantomjs://platform/tester.js:1131:24
[native code]
begin@phantomjs://platform/tester.js:1161:24
global code@phantomjs://code/010-dashboard.js:2:18
injectJs@[native code]
exec@phantomjs://platform/tester.js:1304:21
runTest@phantomjs://platform/tester.js:1663:14
_check@phantomjs://platform/tester.js:1648:25]]></error><failure type="uncaughtError"><![CDATA[ReferenceError: Can't find variable: basePath]]></failure></testcase><system-out><![CDATA[]]></system-out></testsuite><testsuite name="Checking user can select an LPA type and create an LPA of the chosen type" tests="1" failures="1" errors="0" time="0.015" timestamp="2019-09-23T13:02:55.881Z" package="functional/tests/15-CreateHwLpa/020-type"><testcase name="ReferenceError: Can't find variable: basePath" classname="functional/tests/15-CreateHwLpa/020-type" time="0.015"><error type="error"><![CDATA[test@phantomjs://code/020-type.js:10:30
phantomjs://platform/tester.js:1131:24
[native code]
begin@phantomjs://platform/tester.js:1161:24
global code@phantomjs://code/020-type.js:2:18
injectJs@[native code]
exec@phantomjs://platform/tester.js:1304:21
runTest@phantomjs://platform/tester.js:1663:14
_check@phantomjs://platform/tester.js:1648:25]]></error><failure type="uncaughtError"><![CDATA[ReferenceError: Can't find variable: basePath]]></failure></testcase><system-out><![CDATA[]]></system-out></testsuite><testsuite name="Checking user can add donor" tests="2" failures="2" errors="0" time="0.022" timestamp="2019-09-23T13:02:55.882Z" package="functional/tests/15-CreateHwLpa/030-donor"><testcase name="ReferenceError: Can't find variable: paths" classname="functional/tests/15-CreateHwLpa/030-donor" time="0.021"><error type="error"><![CDATA[setUp@phantomjs://code/030-donor.js:5:26
begin@phantomjs://platform/tester.js:1158:25
global code@phantomjs://code/030-donor.js:2:18
injectJs@[native code]
exec@phantomjs://platform/tester.js:1304:21
runTest@phantomjs://platform/tester.js:1663:14
_check@phantomjs://platform/tester.js:1648:25]]></error><failure type="uncaughtError"><![CDATA[ReferenceError: Can't find variable: paths]]></failure></testcase><testcase name="ReferenceError: Can't find variable: lifeSustainingPath" classname="functional/tests/15-CreateHwLpa/030-donor" time="0.001"><error type="error"><![CDATA[tearDown@phantomjs://code/030-donor.js:10:45
done@phantomjs://platform/tester.js:1213:28
begin@phantomjs://platform/tester.js:1170:18
global code@phantomjs://code/030-donor.js:2:18
injectJs@[native code]
exec@phantomjs://platform/tester.js:1304:21
runTest@phantomjs://platform/tester.js:1663:14
_check@phantomjs://platform/tester.js:1648:25]]></error><failure type="uncaughtError"><![CDATA[ReferenceError: Can't find variable: lifeSustainingPath]]></failure></testcase><system-out><![CDATA[]]></system-out></testsuite><testsuite name="Checking user can set life sustaining treatment" tests="2" failures="2" errors="0" time="0.024" timestamp="2019-09-23T13:02:55.882Z" package="functional/tests/15-CreateHwLpa/040-life-sustaining-treatment"><testcase name="ReferenceError: Can't find variable: paths" classname="functional/tests/15-CreateHwLpa/040-life-sustaining-treatment" time="0.023"><error type="error"><![CDATA[setUp@phantomjs://code/040-life-sustaining-treatment.js:5:35
begin@phantomjs://platform/tester.js:1158:25
global code@phantomjs://code/040-life-sustaining-treatment.js:2:18
injectJs@[native code]
exec@phantomjs://platform/tester.js:1304:21
runTest@phantomjs://platform/tester.js:1663:14
_check@phantomjs://platform/tester.js:1648:25]]></error><failure type="uncaughtError"><![CDATA[ReferenceError: Can't find variable: paths]]></failure></testcase><testcase name="ReferenceError: Can't find variable: attorneyPath" classname="functional/tests/15-CreateHwLpa/040-life-sustaining-treatment" time="0.001"><error type="error"><![CDATA[tearDown@phantomjs://code/040-life-sustaining-treatment.js:10:48
done@phantomjs://platform/tester.js:1213:28
begin@phantomjs://platform/tester.js:1170:18
global code@phantomjs://code/040-life-sustaining-treatment.js:2:18
injectJs@[native code]
exec@phantomjs://platform/tester.js:1304:21
runTest@phantomjs://platform/tester.js:1663:14
_check@phantomjs://platform/tester.js:1648:25]]></error><failure type="uncaughtError"><![CDATA[ReferenceError: Can't find variable: attorneyPath]]></failure></testcase><system-out><![CDATA[]]></system-out></testsuite><testsuite name="Checking user can add primary attorney" tests="2" failures="2" errors="0" time="0.016" timestamp="2019-09-23T13:02:55.882Z" package="functional/tests/15-CreateHwLpa/050-primary-attorney"><testcase name="ReferenceError: Can't find variable: paths" classname="functional/tests/15-CreateHwLpa/050-primary-attorney" time="0.016"><error type="error"><![CDATA[setUp@phantomjs://code/050-primary-attorney.js:5:36
begin@phantomjs://platform/tester.js:1158:25
global code@phantomjs://code/050-primary-attorney.js:2:18
injectJs@[native code]
exec@phantomjs://platform/tester.js:1304:21
runTest@phantomjs://platform/tester.js:1663:14
_check@phantomjs://platform/tester.js:1648:25]]></error><failure type="uncaughtError"><![CDATA[ReferenceError: Can't find variable: paths]]></failure></testcase><testcase name="ReferenceError: Can't find variable: replacementAttorneyPath" classname="functional/tests/15-CreateHwLpa/050-primary-attorney" time="0"><error type="error"><![CDATA[tearDown@phantomjs://code/050-primary-attorney.js:11:60
done@phantomjs://platform/tester.js:1213:28
begin@phantomjs://platform/tester.js:1170:18
global code@phantomjs://code/050-primary-attorney.js:2:18
injectJs@[native code]
exec@phantomjs://platform/tester.js:1304:21
runTest@phantomjs://platform/tester.js:1663:14
_check@phantomjs://platform/tester.js:1648:25]]></error><failure type="uncaughtError"><![CDATA[ReferenceError: Can't find variable: replacementAttorneyPath]]></failure></testcase><system-out><![CDATA[]]></system-out></testsuite><testsuite name="Checking user can access how primary attorney make decision page" tests="2" failures="2" errors="0" time="0.02" timestamp="2019-09-23T13:02:55.882Z" package="functional/tests/15-CreateHwLpa/060-how-primary-attorneys-make-decision"><testcase name="ReferenceError: Can't find variable: paths" classname="functional/tests/15-CreateHwLpa/060-how-primary-attorneys-make-decision" time="0.02"><error type="error"><![CDATA[setUp@phantomjs://code/060-how-primary-attorneys-make-decision.js:5:42
begin@phantomjs://platform/tester.js:1158:25
global code@phantomjs://code/060-how-primary-attorneys-make-decision.js:2:18
injectJs@[native code]
exec@phantomjs://platform/tester.js:1304:21
runTest@phantomjs://platform/tester.js:1663:14
_check@phantomjs://platform/tester.js:1648:25]]></error><failure type="uncaughtError"><![CDATA[ReferenceError: Can't find variable: paths]]></failure></testcase><testcase name="ReferenceError: Can't find variable: replacementAttorneyPath" classname="functional/tests/15-CreateHwLpa/060-how-primary-attorneys-make-decision" time="0"><error type="error"><![CDATA[tearDown@phantomjs://code/060-how-primary-attorneys-make-decision.js:10:66
done@phantomjs://platform/tester.js:1213:28
begin@phantomjs://platform/tester.js:1170:18
global code@phantomjs://code/060-how-primary-attorneys-make-decision.js:2:18
injectJs@[native code]
exec@phantomjs://platform/tester.js:1304:21
runTest@phantomjs://platform/tester.js:1663:14
_check@phantomjs://platform/tester.js:1648:25]]></error><failure type="uncaughtError"><![CDATA[ReferenceError: Can't find variable: replacementAttorneyPath]]></failure></testcase><system-out><![CDATA[]]></system-out></testsuite><testsuite name="Checking user can add replacement attorney" tests="2" failures="2" errors="0" time="0.019" timestamp="2019-09-23T13:02:55.882Z" package="functional/tests/15-CreateHwLpa/070-replacement-attorney"><testcase name="ReferenceError: Can't find variable: paths" classname="functional/tests/15-CreateHwLpa/070-replacement-attorney" time="0.019"><error type="error"><![CDATA[setUp@phantomjs://code/070-replacement-attorney.js:5:40
begin@phantomjs://platform/tester.js:1158:25
global code@phantomjs://code/070-replacement-attorney.js:2:18
injectJs@[native code]
exec@phantomjs://platform/tester.js:1304:21
runTest@phantomjs://platform/tester.js:1663:14
_check@phantomjs://platform/tester.js:1648:25]]></error><failure type="uncaughtError"><![CDATA[ReferenceError: Can't find variable: paths]]></failure></testcase><testcase name="ReferenceError: Can't find variable: whenReplacementAttorneyStepInPath" classname="functional/tests/15-CreateHwLpa/070-replacement-attorney" time="0"><error type="error"><![CDATA[tearDown@phantomjs://code/070-replacement-attorney.js:11:74
done@phantomjs://platform/tester.js:1213:28
begin@phantomjs://platform/tester.js:1170:18
global code@phantomjs://code/070-replacement-attorney.js:2:18
injectJs@[native code]
exec@phantomjs://platform/tester.js:1304:21
runTest@phantomjs://platform/tester.js:1663:14
_check@phantomjs://platform/tester.js:1648:25]]></error><failure type="uncaughtError"><![CDATA[ReferenceError: Can't find variable: whenReplacementAttorneyStepInPath]]></failure></testcase><system-out><![CDATA[]]></system-out></testsuite><testsuite name="Checking user can set when replacement attorney step in page" tests="2" failures="2" errors="0" time="0.022" timestamp="2019-09-23T13:02:55.882Z" package="functional/tests/15-CreateHwLpa/080-when-replacement-attorney-step-in"><testcase name="ReferenceError: Can't find variable: paths" classname="functional/tests/15-CreateHwLpa/080-when-replacement-attorney-step-in" time="0.021"><error type="error"><![CDATA[setUp@phantomjs://code/080-when-replacement-attorney-step-in.js:5:39
begin@phantomjs://platform/tester.js:1158:25
global code@phantomjs://code/080-when-replacement-attorney-step-in.js:2:18
injectJs@[native code]
exec@phantomjs://platform/tester.js:1304:21
runTest@phantomjs://platform/tester.js:1663:14
_check@phantomjs://platform/tester.js:1648:25]]></error><failure type="uncaughtError"><![CDATA[ReferenceError: Can't find variable: paths]]></failure></testcase><testcase name="ReferenceError: Can't find variable: howReplacementAttorneysMakeDecisionPath" classname="functional/tests/15-CreateHwLpa/080-when-replacement-attorney-step-in" time="0.001"><error type="error"><![CDATA[tearDown@phantomjs://code/080-when-replacement-attorney-step-in.js:11:79
done@phantomjs://platform/tester.js:1213:28
begin@phantomjs://platform/tester.js:1170:18
global code@phantomjs://code/080-when-replacement-attorney-step-in.js:2:18
injectJs@[native code]
exec@phantomjs://platform/tester.js:1304:21
runTest@phantomjs://platform/tester.js:1663:14
_check@phantomjs://platform/tester.js:1648:25]]></error><failure type="uncaughtError"><![CDATA[ReferenceError: Can't find variable: howReplacementAttorneysMakeDecisionPath]]></failure></testcase><system-out><![CDATA[]]></system-out></testsuite><testsuite name="Checking user can access how primary attorney make decision page" tests="2" failures="2" errors="0" time="0.026" timestamp="2019-09-23T13:02:55.882Z" package="functional/tests/15-CreateHwLpa/090-how-replacement-attorneys-make-decision"><testcase name="ReferenceError: Can't find variable: paths" classname="functional/tests/15-CreateHwLpa/090-how-replacement-attorneys-make-decision" time="0.026"><error type="error"><![CDATA[setUp@phantomjs://code/090-how-replacement-attorneys-make-decision.js:5:53
begin@phantomjs://platform/tester.js:1158:25
global code@phantomjs://code/090-how-replacement-attorneys-make-decision.js:2:18
injectJs@[native code]
exec@phantomjs://platform/tester.js:1304:21
runTest@phantomjs://platform/tester.js:1663:14
_check@phantomjs://platform/tester.js:1648:25]]></error><failure type="uncaughtError"><![CDATA[ReferenceError: Can't find variable: paths]]></failure></testcase><testcase name="ReferenceError: Can't find variable: certificateProviderPath" classname="functional/tests/15-CreateHwLpa/090-how-replacement-attorneys-make-decision" time="0"><error type="error"><![CDATA[tearDown@phantomjs://code/090-how-replacement-attorneys-make-decision.js:10:77
done@phantomjs://platform/tester.js:1213:28
begin@phantomjs://platform/tester.js:1170:18
global code@phantomjs://code/090-how-replacement-attorneys-make-decision.js:2:18
injectJs@[native code]
exec@phantomjs://platform/tester.js:1304:21
runTest@phantomjs://platform/tester.js:1663:14
_check@phantomjs://platform/tester.js:1648:25]]></error><failure type="uncaughtError"><![CDATA[ReferenceError: Can't find variable: certificateProviderPath]]></failure></testcase><system-out><![CDATA[]]></system-out></testsuite><testsuite name="Checking user can add certificate provider" tests="2" failures="2" errors="0" time="0.014" timestamp="2019-09-23T13:02:55.882Z" package="functional/tests/15-CreateHwLpa/100-certificate-provider"><testcase name="ReferenceError: Can't find variable: paths" classname="functional/tests/15-CreateHwLpa/100-certificate-provider" time="0.014"><error type="error"><![CDATA[setUp@phantomjs://code/100-certificate-provider.js:5:40
begin@phantomjs://platform/tester.js:1158:25
global code@phantomjs://code/100-certificate-provider.js:2:18
injectJs@[native code]
exec@phantomjs://platform/tester.js:1304:21
runTest@phantomjs://platform/tester.js:1663:14
_check@phantomjs://platform/tester.js:1648:25]]></error><failure type="uncaughtError"><![CDATA[ReferenceError: Can't find variable: paths]]></failure></testcase><testcase name="ReferenceError: Can't find variable: peopleToNotifyPath" classname="functional/tests/15-CreateHwLpa/100-certificate-provider" time="0"><error type="error"><![CDATA[tearDown@phantomjs://code/100-certificate-provider.js:10:59
done@phantomjs://platform/tester.js:1213:28
begin@phantomjs://platform/tester.js:1170:18
global code@phantomjs://code/100-certificate-provider.js:2:18
injectJs@[native code]
exec@phantomjs://platform/tester.js:1304:21
runTest@phantomjs://platform/tester.js:1663:14
_check@phantomjs://platform/tester.js:1648:25]]></error><failure type="uncaughtError"><![CDATA[ReferenceError: Can't find variable: peopleToNotifyPath]]></failure></testcase><system-out><![CDATA[]]></system-out></testsuite><testsuite name="Checking user can add people to notify" tests="2" failures="2" errors="0" time="0.021" timestamp="2019-09-23T13:02:55.882Z" package="functional/tests/15-CreateHwLpa/110-people-to-notify"><testcase name="ReferenceError: Can't find variable: paths" classname="functional/tests/15-CreateHwLpa/110-people-to-notify" time="0.021"><error type="error"><![CDATA[setUp@phantomjs://code/110-people-to-notify.js:5:35
begin@phantomjs://platform/tester.js:1158:25
global code@phantomjs://code/110-people-to-notify.js:2:18
injectJs@[native code]
exec@phantomjs://platform/tester.js:1304:21
runTest@phantomjs://platform/tester.js:1663:14
_check@phantomjs://platform/tester.js:1648:25]]></error><failure type="uncaughtError"><![CDATA[ReferenceError: Can't find variable: paths]]></failure></testcase><testcase name="ReferenceError: Can't find variable: instructionPath" classname="functional/tests/15-CreateHwLpa/110-people-to-notify" time="0"><error type="error"><![CDATA[tearDown@phantomjs://code/110-people-to-notify.js:10:51
done@phantomjs://platform/tester.js:1213:28
begin@phantomjs://platform/tester.js:1170:18
global code@phantomjs://code/110-people-to-notify.js:2:18
injectJs@[native code]
exec@phantomjs://platform/tester.js:1304:21
runTest@phantomjs://platform/tester.js:1663:14
_check@phantomjs://platform/tester.js:1648:25]]></error><failure type="uncaughtError"><![CDATA[ReferenceError: Can't find variable: instructionPath]]></failure></testcase><system-out><![CDATA[]]></system-out></testsuite><testsuite name="Checking instructions page" tests="2" failures="2" errors="0" time="0.022" timestamp="2019-09-23T13:02:55.882Z" package="functional/tests/15-CreateHwLpa/120-instructions"><testcase name="ReferenceError: Can't find variable: paths" classname="functional/tests/15-CreateHwLpa/120-instructions" time="0.022"><error type="error"><![CDATA[setUp@phantomjs://code/120-instructions.js:5:29
begin@phantomjs://platform/tester.js:1158:25
global code@phantomjs://code/120-instructions.js:2:18
injectJs@[native code]
exec@phantomjs://platform/tester.js:1304:21
runTest@phantomjs://platform/tester.js:1663:14
_check@phantomjs://platform/tester.js:1648:25]]></error><failure type="uncaughtError"><![CDATA[ReferenceError: Can't find variable: paths]]></failure></testcase><testcase name="ReferenceError: Can't find variable: applicantpath" classname="functional/tests/15-CreateHwLpa/120-instructions" time="0"><error type="error"><![CDATA[tearDown@phantomjs://code/120-instructions.js:10:43
done@phantomjs://platform/tester.js:1213:28
begin@phantomjs://platform/tester.js:1170:18
global code@phantomjs://code/120-instructions.js:2:18
injectJs@[native code]
exec@phantomjs://platform/tester.js:1304:21
runTest@phantomjs://platform/tester.js:1663:14
_check@phantomjs://platform/tester.js:1648:25]]></error><failure type="uncaughtError"><![CDATA[ReferenceError: Can't find variable: applicantpath]]></failure></testcase><system-out><![CDATA[]]></system-out></testsuite><testsuite name="Checking Summary page" tests="2" failures="2" errors="0" time="0.023" timestamp="2019-09-23T13:02:55.883Z" package="functional/tests/15-CreateHwLpa/130-summary"><testcase name="ReferenceError: Can't find variable: paths" classname="functional/tests/15-CreateHwLpa/130-summary" time="0.023"><error type="error"><![CDATA[setUp@phantomjs://code/130-summary.js:7:27
begin@phantomjs://platform/tester.js:1158:25
global code@phantomjs://code/130-summary.js:4:18
injectJs@[native code]
exec@phantomjs://platform/tester.js:1304:21
runTest@phantomjs://platform/tester.js:1663:14
_check@phantomjs://platform/tester.js:1648:25]]></error><failure type="uncaughtError"><![CDATA[ReferenceError: Can't find variable: paths]]></failure></testcase><testcase name="ReferenceError: Can't find variable: summaryPath" classname="functional/tests/15-CreateHwLpa/130-summary" time="0"><error type="error"><![CDATA[tearDown@phantomjs://code/130-summary.js:14:39
done@phantomjs://platform/tester.js:1213:28
begin@phantomjs://platform/tester.js:1170:18
global code@phantomjs://code/130-summary.js:4:18
injectJs@[native code]
exec@phantomjs://platform/tester.js:1304:21
runTest@phantomjs://platform/tester.js:1663:14
_check@phantomjs://platform/tester.js:1648:25]]></error><failure type="uncaughtError"><![CDATA[ReferenceError: Can't find variable: summaryPath]]></failure></testcase><system-out><![CDATA[]]></system-out></testsuite><testsuite name="Checking user can select an applicant" tests="2" failures="2" errors="0" time="0.018" timestamp="2019-09-23T13:02:55.883Z" package="functional/tests/15-CreateHwLpa/140-applicant"><testcase name="ReferenceError: Can't find variable: paths" classname="functional/tests/15-CreateHwLpa/140-applicant" time="0.017"><error type="error"><![CDATA[setUp@phantomjs://code/140-applicant.js:5:27
begin@phantomjs://platform/tester.js:1158:25
global code@phantomjs://code/140-applicant.js:2:18
injectJs@[native code]
exec@phantomjs://platform/tester.js:1304:21
runTest@phantomjs://platform/tester.js:1663:14
_check@phantomjs://platform/tester.js:1648:25]]></error><failure type="uncaughtError"><![CDATA[ReferenceError: Can't find variable: paths]]></failure></testcase><testcase name="ReferenceError: Can't find variable: correspondentPath" classname="functional/tests/15-CreateHwLpa/140-applicant" time="0.001"><error type="error"><![CDATA[tearDown@phantomjs://code/140-applicant.js:10:45
done@phantomjs://platform/tester.js:1213:28
begin@phantomjs://platform/tester.js:1170:18
global code@phantomjs://code/140-applicant.js:2:18
injectJs@[native code]
exec@phantomjs://platform/tester.js:1304:21
runTest@phantomjs://platform/tester.js:1663:14
_check@phantomjs://platform/tester.js:1648:25]]></error><failure type="uncaughtError"><![CDATA[ReferenceError: Can't find variable: correspondentPath]]></failure></testcase><system-out><![CDATA[]]></system-out></testsuite><testsuite name="Checking user can access correspondent page" tests="2" failures="2" errors="0" time="0.018" timestamp="2019-09-23T13:02:55.883Z" package="functional/tests/15-CreateHwLpa/150-correspondent"><testcase name="ReferenceError: Can't find variable: paths" classname="functional/tests/15-CreateHwLpa/150-correspondent" time="0.018"><error type="error"><![CDATA[setUp@phantomjs://code/150-correspondent.js:5:34
begin@phantomjs://platform/tester.js:1158:25
global code@phantomjs://code/150-correspondent.js:2:18
injectJs@[native code]
exec@phantomjs://platform/tester.js:1304:21
runTest@phantomjs://platform/tester.js:1663:14
_check@phantomjs://platform/tester.js:1648:25]]></error><failure type="uncaughtError"><![CDATA[ReferenceError: Can't find variable: paths]]></failure></testcase><testcase name="ReferenceError: Can't find variable: whoAreYouPath" classname="functional/tests/15-CreateHwLpa/150-correspondent" time="0"><error type="error"><![CDATA[tearDown@phantomjs://code/150-correspondent.js:10:48
done@phantomjs://platform/tester.js:1213:28
begin@phantomjs://platform/tester.js:1170:18
global code@phantomjs://code/150-correspondent.js:2:18
injectJs@[native code]
exec@phantomjs://platform/tester.js:1304:21
runTest@phantomjs://platform/tester.js:1663:14
_check@phantomjs://platform/tester.js:1648:25]]></error><failure type="uncaughtError"><![CDATA[ReferenceError: Can't find variable: whoAreYouPath]]></failure></testcase><system-out><![CDATA[]]></system-out></testsuite><testsuite name="Checking user can access who are you page" tests="2" failures="2" errors="0" time="0.021" timestamp="2019-09-23T13:02:55.883Z" package="functional/tests/15-CreateHwLpa/160-who-are-you"><testcase name="ReferenceError: Can't find variable: paths" classname="functional/tests/15-CreateHwLpa/160-who-are-you" time="0.02"><error type="error"><![CDATA[setUp@phantomjs://code/160-who-are-you.js:5:28
begin@phantomjs://platform/tester.js:1158:25
global code@phantomjs://code/160-who-are-you.js:2:18
injectJs@[native code]
exec@phantomjs://platform/tester.js:1304:21
runTest@phantomjs://platform/tester.js:1663:14
_check@phantomjs://platform/tester.js:1648:25]]></error><failure type="uncaughtError"><![CDATA[ReferenceError: Can't find variable: paths]]></failure></testcase><testcase name="ReferenceError: Can't find variable: repeatApplicationPath" classname="functional/tests/15-CreateHwLpa/160-who-are-you" time="0.001"><error type="error"><![CDATA[tearDown@phantomjs://code/160-who-are-you.js:10:50
done@phantomjs://platform/tester.js:1213:28
begin@phantomjs://platform/tester.js:1170:18
global code@phantomjs://code/160-who-are-you.js:2:18
injectJs@[native code]
exec@phantomjs://platform/tester.js:1304:21
runTest@phantomjs://platform/tester.js:1663:14
_check@phantomjs://platform/tester.js:1648:25]]></error><failure type="uncaughtError"><![CDATA[ReferenceError: Can't find variable: repeatApplicationPath]]></failure></testcase><system-out><![CDATA[]]></system-out></testsuite><testsuite name="Checking user can access repeat application page" tests="2" failures="2" errors="0" time="0.023" timestamp="2019-09-23T13:02:55.883Z" package="functional/tests/15-CreateHwLpa/170-repeat-application"><testcase name="ReferenceError: Can't find variable: paths" classname="functional/tests/15-CreateHwLpa/170-repeat-application" time="0.022"><error type="error"><![CDATA[setUp@phantomjs://code/170-repeat-application.js:5:35
begin@phantomjs://platform/tester.js:1158:25
global code@phantomjs://code/170-repeat-application.js:2:18
injectJs@[native code]
exec@phantomjs://platform/tester.js:1304:21
runTest@phantomjs://platform/tester.js:1663:14
_check@phantomjs://platform/tester.js:1648:25]]></error><failure type="uncaughtError"><![CDATA[ReferenceError: Can't find variable: paths]]></failure></testcase><testcase name="ReferenceError: Can't find variable: feeReductionPath" classname="functional/tests/15-CreateHwLpa/170-repeat-application" time="0.001"><error type="error"><![CDATA[tearDown@phantomjs://code/170-repeat-application.js:10:52
done@phantomjs://platform/tester.js:1213:28
begin@phantomjs://platform/tester.js:1170:18
global code@phantomjs://code/170-repeat-application.js:2:18
injectJs@[native code]
exec@phantomjs://platform/tester.js:1304:21
runTest@phantomjs://platform/tester.js:1663:14
_check@phantomjs://platform/tester.js:1648:25]]></error><failure type="uncaughtError"><![CDATA[ReferenceError: Can't find variable: feeReductionPath]]></failure></testcase><system-out><![CDATA[]]></system-out></testsuite><testsuite name="Checking user can access fee reduction page" tests="2" failures="2" errors="0" time="0.018" timestamp="2019-09-23T13:02:55.883Z" package="functional/tests/15-CreateHwLpa/180-fee-reduction"><testcase name="ReferenceError: Can't find variable: paths" classname="functional/tests/15-CreateHwLpa/180-fee-reduction" time="0.018"><error type="error"><![CDATA[setUp@phantomjs://code/180-fee-reduction.js:5:33
begin@phantomjs://platform/tester.js:1158:25
global code@phantomjs://code/180-fee-reduction.js:2:18
injectJs@[native code]
exec@phantomjs://platform/tester.js:1304:21
runTest@phantomjs://platform/tester.js:1663:14
_check@phantomjs://platform/tester.js:1648:25]]></error><failure type="uncaughtError"><![CDATA[ReferenceError: Can't find variable: paths]]></failure></testcase><testcase name="ReferenceError: Can't find variable: checkoutPath" classname="functional/tests/15-CreateHwLpa/180-fee-reduction" time="0"><error type="error"><![CDATA[tearDown@phantomjs://code/180-fee-reduction.js:10:46
done@phantomjs://platform/tester.js:1213:28
begin@phantomjs://platform/tester.js:1170:18
global code@phantomjs://code/180-fee-reduction.js:2:18
injectJs@[native code]
exec@phantomjs://platform/tester.js:1304:21
runTest@phantomjs://platform/tester.js:1663:14
_check@phantomjs://platform/tester.js:1648:25]]></error><failure type="uncaughtError"><![CDATA[ReferenceError: Can't find variable: checkoutPath]]></failure></testcase><system-out><![CDATA[]]></system-out></testsuite><testsuite name="Checking Checkout page" tests="1" failures="1" errors="0" time="0.024" timestamp="2019-09-23T13:02:55.883Z" package="functional/tests/15-CreateHwLpa/190-checkout"><testcase name="ReferenceError: Can't find variable: paths" classname="functional/tests/15-CreateHwLpa/190-checkout" time="0.024"><error type="error"><![CDATA[setUp@phantomjs://code/190-checkout.js:7:29
begin@phantomjs://platform/tester.js:1158:25
global code@phantomjs://code/190-checkout.js:4:18
injectJs@[native code]
exec@phantomjs://platform/tester.js:1304:21
runTest@phantomjs://platform/tester.js:1663:14
_check@phantomjs://platform/tester.js:1648:25]]></error><failure type="uncaughtError"><![CDATA[ReferenceError: Can't find variable: paths]]></failure></testcase><system-out><![CDATA[]]></system-out></testsuite><testsuite name="Checking user can access payment page" tests="2" failures="2" errors="0" time="0.017" timestamp="2019-09-23T13:02:55.883Z" package="functional/tests/15-CreateHwLpa/200-complete"><testcase name="ReferenceError: Can't find variable: paths" classname="functional/tests/15-CreateHwLpa/200-complete" time="0.016"><error type="error"><![CDATA[setUp@phantomjs://code/200-complete.js:5:28
begin@phantomjs://platform/tester.js:1158:25
global code@phantomjs://code/200-complete.js:2:18
injectJs@[native code]
exec@phantomjs://platform/tester.js:1304:21
runTest@phantomjs://platform/tester.js:1663:14
_check@phantomjs://platform/tester.js:1648:25]]></error><failure type="uncaughtError"><![CDATA[ReferenceError: Can't find variable: paths]]></failure></testcase><testcase name="ReferenceError: Can't find variable: completePath" classname="functional/tests/15-CreateHwLpa/200-complete" time="0.001"><error type="error"><![CDATA[tearDown@phantomjs://code/200-complete.js:11:41
done@phantomjs://platform/tester.js:1213:28
begin@phantomjs://platform/tester.js:1170:18
global code@phantomjs://code/200-complete.js:2:18
injectJs@[native code]
exec@phantomjs://platform/tester.js:1304:21
runTest@phantomjs://platform/tester.js:1663:14
_check@phantomjs://platform/tester.js:1648:25]]></error><failure type="uncaughtError"><![CDATA[ReferenceError: Can't find variable: completePath]]></failure></testcase><system-out><![CDATA[]]></system-out></testsuite><testsuite name="Checking cloning an LPA from the Dashboard" tests="2" failures="2" errors="0" time="0.019" timestamp="2019-09-23T13:02:55.884Z" package="functional/tests/25-CreatePfLpaClone/01-dashboard"><testcase name="ReferenceError: Can't find variable: paths" classname="functional/tests/25-CreatePfLpaClone/01-dashboard" time="0.018"><error type="error"><![CDATA[setUp@phantomjs://code/01-dashboard.js:5:27
begin@phantomjs://platform/tester.js:1158:25
global code@phantomjs://code/01-dashboard.js:2:18
injectJs@[native code]
exec@phantomjs://platform/tester.js:1304:21
runTest@phantomjs://platform/tester.js:1663:14
_check@phantomjs://platform/tester.js:1648:25]]></error><failure type="uncaughtError"><![CDATA[ReferenceError: Can't find variable: paths]]></failure></testcase><testcase name="ReferenceError: Can't find variable: clonePath" classname="functional/tests/25-CreatePfLpaClone/01-dashboard" time="0.001"><error type="error"><![CDATA[tearDown@phantomjs://code/01-dashboard.js:11:37
done@phantomjs://platform/tester.js:1213:28
begin@phantomjs://platform/tester.js:1170:18
global code@phantomjs://code/01-dashboard.js:2:18
injectJs@[native code]
exec@phantomjs://platform/tester.js:1304:21
runTest@phantomjs://platform/tester.js:1663:14
_check@phantomjs://platform/tester.js:1648:25]]></error><failure type="uncaughtError"><![CDATA[ReferenceError: Can't find variable: clonePath]]></failure></testcase><system-out><![CDATA[]]></system-out></testsuite><testsuite name="Checking user can select an LPA type and create an LPA of the chosen type" tests="2" failures="2" errors="0" time="0.024" timestamp="2019-09-23T13:02:55.884Z" package="functional/tests/25-CreatePfLpaClone/02-type"><testcase name="ReferenceError: Can't find variable: paths" classname="functional/tests/25-CreatePfLpaClone/02-type" time="0.023"><error type="error"><![CDATA[setUp@phantomjs://code/02-type.js:5:25
begin@phantomjs://platform/tester.js:1158:25
global code@phantomjs://code/02-type.js:2:18
injectJs@[native code]
exec@phantomjs://platform/tester.js:1304:21
runTest@phantomjs://platform/tester.js:1663:14
_check@phantomjs://platform/tester.js:1648:25]]></error><failure type="uncaughtError"><![CDATA[ReferenceError: Can't find variable: paths]]></failure></testcase><testcase name="ReferenceError: Can't find variable: donorPath" classname="functional/tests/25-CreatePfLpaClone/02-type" time="0.001"><error type="error"><![CDATA[tearDown@phantomjs://code/02-type.js:10:35
done@phantomjs://platform/tester.js:1213:28
begin@phantomjs://platform/tester.js:1170:18
global code@phantomjs://code/02-type.js:2:18
injectJs@[native code]
exec@phantomjs://platform/tester.js:1304:21
runTest@phantomjs://platform/tester.js:1663:14
_check@phantomjs://platform/tester.js:1648:25]]></error><failure type="uncaughtError"><![CDATA[ReferenceError: Can't find variable: donorPath]]></failure></testcase><system-out><![CDATA[]]></system-out></testsuite><testsuite name="Checking user can add donor" tests="2" failures="2" errors="0" time="0.017" timestamp="2019-09-23T13:02:55.884Z" package="functional/tests/25-CreatePfLpaClone/03-donor"><testcase name="ReferenceError: Can't find variable: paths" classname="functional/tests/25-CreatePfLpaClone/03-donor" time="0.016"><error type="error"><![CDATA[setUp@phantomjs://code/03-donor.js:5:26
begin@phantomjs://platform/tester.js:1158:25
global code@phantomjs://code/03-donor.js:2:18
injectJs@[native code]
exec@phantomjs://platform/tester.js:1304:21
runTest@phantomjs://platform/tester.js:1663:14
_check@phantomjs://platform/tester.js:1648:25]]></error><failure type="uncaughtError"><![CDATA[ReferenceError: Can't find variable: paths]]></failure></testcase><testcase name="ReferenceError: Can't find variable: whenLpaStartsPath" classname="functional/tests/25-CreatePfLpaClone/03-donor" time="0.001"><error type="error"><![CDATA[tearDown@phantomjs://code/03-donor.js:10:44
done@phantomjs://platform/tester.js:1213:28
begin@phantomjs://platform/tester.js:1170:18
global code@phantomjs://code/03-donor.js:2:18
injectJs@[native code]
exec@phantomjs://platform/tester.js:1304:21
runTest@phantomjs://platform/tester.js:1663:14
_check@phantomjs://platform/tester.js:1648:25]]></error><failure type="uncaughtError"><![CDATA[ReferenceError: Can't find variable: whenLpaStartsPath]]></failure></testcase><system-out><![CDATA[]]></system-out></testsuite><testsuite name="Checking user can set when lpa starts" tests="2" failures="2" errors="0" time="0.024" timestamp="2019-09-23T13:02:55.884Z" package="functional/tests/25-CreatePfLpaClone/04-when-lpa-starts"><testcase name="ReferenceError: Can't find variable: paths" classname="functional/tests/25-CreatePfLpaClone/04-when-lpa-starts" time="0.024"><error type="error"><![CDATA[setUp@phantomjs://code/04-when-lpa-starts.js:5:34
begin@phantomjs://platform/tester.js:1158:25
global code@phantomjs://code/04-when-lpa-starts.js:2:18
injectJs@[native code]
exec@phantomjs://platform/tester.js:1304:21
runTest@phantomjs://platform/tester.js:1663:14
_check@phantomjs://platform/tester.js:1648:25]]></error><failure type="uncaughtError"><![CDATA[ReferenceError: Can't find variable: paths]]></failure></testcase><testcase name="ReferenceError: Can't find variable: attorneyPath" classname="functional/tests/25-CreatePfLpaClone/04-when-lpa-starts" time="0"><error type="error"><![CDATA[tearDown@phantomjs://code/04-when-lpa-starts.js:10:47
done@phantomjs://platform/tester.js:1213:28
begin@phantomjs://platform/tester.js:1170:18
global code@phantomjs://code/04-when-lpa-starts.js:2:18
injectJs@[native code]
exec@phantomjs://platform/tester.js:1304:21
runTest@phantomjs://platform/tester.js:1663:14
_check@phantomjs://platform/tester.js:1648:25]]></error><failure type="uncaughtError"><![CDATA[ReferenceError: Can't find variable: attorneyPath]]></failure></testcase><system-out><![CDATA[]]></system-out></testsuite><testsuite name="Checking user can add primary attorney" tests="2" failures="2" errors="0" time="0.018" timestamp="2019-09-23T13:02:55.884Z" package="functional/tests/25-CreatePfLpaClone/05-primary-attorney"><testcase name="ReferenceError: Can't find variable: paths" classname="functional/tests/25-CreatePfLpaClone/05-primary-attorney" time="0.017"><error type="error"><![CDATA[setUp@phantomjs://code/05-primary-attorney.js:5:36
begin@phantomjs://platform/tester.js:1158:25
global code@phantomjs://code/05-primary-attorney.js:2:18
injectJs@[native code]
exec@phantomjs://platform/tester.js:1304:21
runTest@phantomjs://platform/tester.js:1663:14
_check@phantomjs://platform/tester.js:1648:25]]></error><failure type="uncaughtError"><![CDATA[ReferenceError: Can't find variable: paths]]></failure></testcase><testcase name="ReferenceError: Can't find variable: replacementAttorneyPath" classname="functional/tests/25-CreatePfLpaClone/05-primary-attorney" time="0.001"><error type="error"><![CDATA[tearDown@phantomjs://code/05-primary-attorney.js:11:60
done@phantomjs://platform/tester.js:1213:28
begin@phantomjs://platform/tester.js:1170:18
global code@phantomjs://code/05-primary-attorney.js:2:18
injectJs@[native code]
exec@phantomjs://platform/tester.js:1304:21
runTest@phantomjs://platform/tester.js:1663:14
_check@phantomjs://platform/tester.js:1648:25]]></error><failure type="uncaughtError"><![CDATA[ReferenceError: Can't find variable: replacementAttorneyPath]]></failure></testcase><system-out><![CDATA[]]></system-out></testsuite><testsuite name="Checking user can add replacement attorney" tests="2" failures="2" errors="0" time="0.019" timestamp="2019-09-23T13:02:55.884Z" package="functional/tests/25-CreatePfLpaClone/07-replacement-attorney"><testcase name="ReferenceError: Can't find variable: paths" classname="functional/tests/25-CreatePfLpaClone/07-replacement-attorney" time="0.018"><error type="error"><![CDATA[setUp@phantomjs://code/07-replacement-attorney.js:5:37
begin@phantomjs://platform/tester.js:1158:25
global code@phantomjs://code/07-replacement-attorney.js:2:18
injectJs@[native code]
exec@phantomjs://platform/tester.js:1304:21
runTest@phantomjs://platform/tester.js:1663:14
_check@phantomjs://platform/tester.js:1648:25]]></error><failure type="uncaughtError"><![CDATA[ReferenceError: Can't find variable: paths]]></failure></testcase><testcase name="ReferenceError: Can't find variable: whenReplacementAttorneyStepInPath" classname="functional/tests/25-CreatePfLpaClone/07-replacement-attorney" time="0.001"><error type="error"><![CDATA[tearDown@phantomjs://code/07-replacement-attorney.js:11:71
done@phantomjs://platform/tester.js:1213:28
begin@phantomjs://platform/tester.js:1170:18
global code@phantomjs://code/07-replacement-attorney.js:2:18
injectJs@[native code]
exec@phantomjs://platform/tester.js:1304:21
runTest@phantomjs://platform/tester.js:1663:14
_check@phantomjs://platform/tester.js:1648:25]]></error><failure type="uncaughtError"><![CDATA[ReferenceError: Can't find variable: whenReplacementAttorneyStepInPath]]></failure></testcase><system-out><![CDATA[]]></system-out></testsuite><testsuite name="Checking user can add certificate provider" tests="2" failures="2" errors="0" time="0.024" timestamp="2019-09-23T13:02:55.884Z" package="functional/tests/25-CreatePfLpaClone/10-certificate-provider"><testcase name="ReferenceError: Can't find variable: paths" classname="functional/tests/25-CreatePfLpaClone/10-certificate-provider" time="0.023"><error type="error"><![CDATA[setUp@phantomjs://code/10-certificate-provider.js:5:40
begin@phantomjs://platform/tester.js:1158:25
global code@phantomjs://code/10-certificate-provider.js:2:18
injectJs@[native code]
exec@phantomjs://platform/tester.js:1304:21
runTest@phantomjs://platform/tester.js:1663:14
_check@phantomjs://platform/tester.js:1648:25]]></error><failure type="uncaughtError"><![CDATA[ReferenceError: Can't find variable: paths]]></failure></testcase><testcase name="ReferenceError: Can't find variable: peopleToNotifyPath" classname="functional/tests/25-CreatePfLpaClone/10-certificate-provider" time="0.001"><error type="error"><![CDATA[tearDown@phantomjs://code/10-certificate-provider.js:10:59
done@phantomjs://platform/tester.js:1213:28
begin@phantomjs://platform/tester.js:1170:18
global code@phantomjs://code/10-certificate-provider.js:2:18
injectJs@[native code]
exec@phantomjs://platform/tester.js:1304:21
runTest@phantomjs://platform/tester.js:1663:14
_check@phantomjs://platform/tester.js:1648:25]]></error><failure type="uncaughtError"><![CDATA[ReferenceError: Can't find variable: peopleToNotifyPath]]></failure></testcase><system-out><![CDATA[]]></system-out></testsuite><testsuite name="Checking user can add people to notify" tests="2" failures="2" errors="0" time="0.018" timestamp="2019-09-23T13:02:55.884Z" package="functional/tests/25-CreatePfLpaClone/11-people-to-notify"><testcase name="ReferenceError: Can't find variable: paths" classname="functional/tests/25-CreatePfLpaClone/11-people-to-notify" time="0.017"><error type="error"><![CDATA[setUp@phantomjs://code/11-people-to-notify.js:5:32
begin@phantomjs://platform/tester.js:1158:25
global code@phantomjs://code/11-people-to-notify.js:2:18
injectJs@[native code]
exec@phantomjs://platform/tester.js:1304:21
runTest@phantomjs://platform/tester.js:1663:14
_check@phantomjs://platform/tester.js:1648:25]]></error><failure type="uncaughtError"><![CDATA[ReferenceError: Can't find variable: paths]]></failure></testcase><testcase name="ReferenceError: Can't find variable: instructionPath" classname="functional/tests/25-CreatePfLpaClone/11-people-to-notify" time="0.001"><error type="error"><![CDATA[tearDown@phantomjs://code/11-people-to-notify.js:10:48
done@phantomjs://platform/tester.js:1213:28
begin@phantomjs://platform/tester.js:1170:18
global code@phantomjs://code/11-people-to-notify.js:2:18
injectJs@[native code]
exec@phantomjs://platform/tester.js:1304:21
runTest@phantomjs://platform/tester.js:1663:14
_check@phantomjs://platform/tester.js:1648:25]]></error><failure type="uncaughtError"><![CDATA[ReferenceError: Can't find variable: instructionPath]]></failure></testcase><system-out><![CDATA[]]></system-out></testsuite><testsuite name="Checking instructions page" tests="2" failures="2" errors="0" time="0.021" timestamp="2019-09-23T13:02:55.885Z" package="functional/tests/25-CreatePfLpaClone/12-instructions"><testcase name="ReferenceError: Can't find variable: paths" classname="functional/tests/25-CreatePfLpaClone/12-instructions" time="0.02"><error type="error"><![CDATA[setUp@phantomjs://code/12-instructions.js:5:29
begin@phantomjs://platform/tester.js:1158:25
global code@phantomjs://code/12-instructions.js:2:18
injectJs@[native code]
exec@phantomjs://platform/tester.js:1304:21
runTest@phantomjs://platform/tester.js:1663:14
_check@phantomjs://platform/tester.js:1648:25]]></error><failure type="uncaughtError"><![CDATA[ReferenceError: Can't find variable: paths]]></failure></testcase><testcase name="ReferenceError: Can't find variable: applicantpath" classname="functional/tests/25-CreatePfLpaClone/12-instructions" time="0.001"><error type="error"><![CDATA[tearDown@phantomjs://code/12-instructions.js:10:43
done@phantomjs://platform/tester.js:1213:28
begin@phantomjs://platform/tester.js:1170:18
global code@phantomjs://code/12-instructions.js:2:18
injectJs@[native code]
exec@phantomjs://platform/tester.js:1304:21
runTest@phantomjs://platform/tester.js:1663:14
_check@phantomjs://platform/tester.js:1648:25]]></error><failure type="uncaughtError"><![CDATA[ReferenceError: Can't find variable: applicantpath]]></failure></testcase><system-out><![CDATA[]]></system-out></testsuite><testsuite name="Checking Summary page" tests="2" failures="2" errors="0" time="0.023" timestamp="2019-09-23T13:02:55.885Z" package="functional/tests/25-CreatePfLpaClone/13-summary"><testcase name="ReferenceError: Can't find variable: paths" classname="functional/tests/25-CreatePfLpaClone/13-summary" time="0.023"><error type="error"><![CDATA[setUp@phantomjs://code/13-summary.js:7:30
begin@phantomjs://platform/tester.js:1158:25
global code@phantomjs://code/13-summary.js:4:18
injectJs@[native code]
exec@phantomjs://platform/tester.js:1304:21
runTest@phantomjs://platform/tester.js:1663:14
_check@phantomjs://platform/tester.js:1648:25]]></error><failure type="uncaughtError"><![CDATA[ReferenceError: Can't find variable: paths]]></failure></testcase><testcase name="ReferenceError: Can't find variable: summaryPath" classname="functional/tests/25-CreatePfLpaClone/13-summary" time="0"><error type="error"><![CDATA[tearDown@phantomjs://code/13-summary.js:14:42
done@phantomjs://platform/tester.js:1213:28
begin@phantomjs://platform/tester.js:1170:18
global code@phantomjs://code/13-summary.js:4:18
injectJs@[native code]
exec@phantomjs://platform/tester.js:1304:21
runTest@phantomjs://platform/tester.js:1663:14
_check@phantomjs://platform/tester.js:1648:25]]></error><failure type="uncaughtError"><![CDATA[ReferenceError: Can't find variable: summaryPath]]></failure></testcase><system-out><![CDATA[]]></system-out></testsuite><testsuite name="Checking user can select an applicant" tests="2" failures="2" errors="0" time="0.018" timestamp="2019-09-23T13:02:55.885Z" package="functional/tests/25-CreatePfLpaClone/14-applicant"><testcase name="ReferenceError: Can't find variable: paths" classname="functional/tests/25-CreatePfLpaClone/14-applicant" time="0.016"><error type="error"><![CDATA[setUp@phantomjs://code/14-applicant.js:5:27
begin@phantomjs://platform/tester.js:1158:25
global code@phantomjs://code/14-applicant.js:2:18
injectJs@[native code]
exec@phantomjs://platform/tester.js:1304:21
runTest@phantomjs://platform/tester.js:1663:14
_check@phantomjs://platform/tester.js:1648:25]]></error><failure type="uncaughtError"><![CDATA[ReferenceError: Can't find variable: paths]]></failure></testcase><testcase name="ReferenceError: Can't find variable: correspondentPath" classname="functional/tests/25-CreatePfLpaClone/14-applicant" time="0.002"><error type="error"><![CDATA[tearDown@phantomjs://code/14-applicant.js:10:45
done@phantomjs://platform/tester.js:1213:28
begin@phantomjs://platform/tester.js:1170:18
global code@phantomjs://code/14-applicant.js:2:18
injectJs@[native code]
exec@phantomjs://platform/tester.js:1304:21
runTest@phantomjs://platform/tester.js:1663:14
_check@phantomjs://platform/tester.js:1648:25]]></error><failure type="uncaughtError"><![CDATA[ReferenceError: Can't find variable: correspondentPath]]></failure></testcase><system-out><![CDATA[]]></system-out></testsuite><testsuite name="Checking user can access correspondent page" tests="2" failures="2" errors="0" time="0.025" timestamp="2019-09-23T13:02:55.885Z" package="functional/tests/25-CreatePfLpaClone/15-correspondent"><testcase name="ReferenceError: Can't find variable: paths" classname="functional/tests/25-CreatePfLpaClone/15-correspondent" time="0.024"><error type="error"><![CDATA[setUp@phantomjs://code/15-correspondent.js:5:37
begin@phantomjs://platform/tester.js:1158:25
global code@phantomjs://code/15-correspondent.js:2:18
injectJs@[native code]
exec@phantomjs://platform/tester.js:1304:21
runTest@phantomjs://platform/tester.js:1663:14
_check@phantomjs://platform/tester.js:1648:25]]></error><failure type="uncaughtError"><![CDATA[ReferenceError: Can't find variable: paths]]></failure></testcase><testcase name="ReferenceError: Can't find variable: whoAreYouPath" classname="functional/tests/25-CreatePfLpaClone/15-correspondent" time="0.001"><error type="error"><![CDATA[tearDown@phantomjs://code/15-correspondent.js:10:48
done@phantomjs://platform/tester.js:1213:28
begin@phantomjs://platform/tester.js:1170:18
global code@phantomjs://code/15-correspondent.js:2:18
injectJs@[native code]
exec@phantomjs://platform/tester.js:1304:21
runTest@phantomjs://platform/tester.js:1663:14
_check@phantomjs://platform/tester.js:1648:25]]></error><failure type="uncaughtError"><![CDATA[ReferenceError: Can't find variable: whoAreYouPath]]></failure></testcase><system-out><![CDATA[]]></system-out></testsuite><testsuite name="Checking user can access who are you page" tests="2" failures="2" errors="0" time="0.014" timestamp="2019-09-23T13:02:55.885Z" package="functional/tests/25-CreatePfLpaClone/16-who-are-you"><testcase name="ReferenceError: Can't find variable: paths" classname="functional/tests/25-CreatePfLpaClone/16-who-are-you" time="0.013"><error type="error"><![CDATA[setUp@phantomjs://code/16-who-are-you.js:5:28
begin@phantomjs://platform/tester.js:1158:25
global code@phantomjs://code/16-who-are-you.js:2:18
injectJs@[native code]
exec@phantomjs://platform/tester.js:1304:21
runTest@phantomjs://platform/tester.js:1663:14
_check@phantomjs://platform/tester.js:1648:25]]></error><failure type="uncaughtError"><![CDATA[ReferenceError: Can't find variable: paths]]></failure></testcase><testcase name="ReferenceError: Can't find variable: repeatApplicationPath" classname="functional/tests/25-CreatePfLpaClone/16-who-are-you" time="0.001"><error type="error"><![CDATA[tearDown@phantomjs://code/16-who-are-you.js:10:50
done@phantomjs://platform/tester.js:1213:28
begin@phantomjs://platform/tester.js:1170:18
global code@phantomjs://code/16-who-are-you.js:2:18
injectJs@[native code]
exec@phantomjs://platform/tester.js:1304:21
runTest@phantomjs://platform/tester.js:1663:14
_check@phantomjs://platform/tester.js:1648:25]]></error><failure type="uncaughtError"><![CDATA[ReferenceError: Can't find variable: repeatApplicationPath]]></failure></testcase><system-out><![CDATA[]]></system-out></testsuite><testsuite name="Checking user can access repeat application page" tests="2" failures="2" errors="0" time="0.022" timestamp="2019-09-23T13:02:55.885Z" package="functional/tests/25-CreatePfLpaClone/17-repeat-application"><testcase name="ReferenceError: Can't find variable: paths" classname="functional/tests/25-CreatePfLpaClone/17-repeat-application" time="0.021"><error type="error"><![CDATA[setUp@phantomjs://code/17-repeat-application.js:5:35
begin@phantomjs://platform/tester.js:1158:25
global code@phantomjs://code/17-repeat-application.js:2:18
injectJs@[native code]
exec@phantomjs://platform/tester.js:1304:21
runTest@phantomjs://platform/tester.js:1663:14
_check@phantomjs://platform/tester.js:1648:25]]></error><failure type="uncaughtError"><![CDATA[ReferenceError: Can't find variable: paths]]></failure></testcase><testcase name="ReferenceError: Can't find variable: feeReductionPath" classname="functional/tests/25-CreatePfLpaClone/17-repeat-application" time="0.001"><error type="error"><![CDATA[tearDown@phantomjs://code/17-repeat-application.js:10:52
done@phantomjs://platform/tester.js:1213:28
begin@phantomjs://platform/tester.js:1170:18
global code@phantomjs://code/17-repeat-application.js:2:18
injectJs@[native code]
exec@phantomjs://platform/tester.js:1304:21
runTest@phantomjs://platform/tester.js:1663:14
_check@phantomjs://platform/tester.js:1648:25]]></error><failure type="uncaughtError"><![CDATA[ReferenceError: Can't find variable: feeReductionPath]]></failure></testcase><system-out><![CDATA[]]></system-out></testsuite><testsuite name="Checking user can access fee reduction page" tests="2" failures="2" errors="0" time="0.024" timestamp="2019-09-23T13:02:55.885Z" package="functional/tests/25-CreatePfLpaClone/18-fee-reduction"><testcase name="ReferenceError: Can't find variable: paths" classname="functional/tests/25-CreatePfLpaClone/18-fee-reduction" time="0.021"><error type="error"><![CDATA[setUp@phantomjs://code/18-fee-reduction.js:5:30
begin@phantomjs://platform/tester.js:1158:25
global code@phantomjs://code/18-fee-reduction.js:2:18
injectJs@[native code]
exec@phantomjs://platform/tester.js:1304:21
runTest@phantomjs://platform/tester.js:1663:14
_check@phantomjs://platform/tester.js:1648:25]]></error><failure type="uncaughtError"><![CDATA[ReferenceError: Can't find variable: paths]]></failure></testcase><testcase name="ReferenceError: Can't find variable: paymentPath" classname="functional/tests/25-CreatePfLpaClone/18-fee-reduction" time="0.003"><error type="error"><![CDATA[tearDown@phantomjs://code/18-fee-reduction.js:13:39
done@phantomjs://platform/tester.js:1213:28
begin@phantomjs://platform/tester.js:1170:18
global code@phantomjs://code/18-fee-reduction.js:2:18
injectJs@[native code]
exec@phantomjs://platform/tester.js:1304:21
runTest@phantomjs://platform/tester.js:1663:14
_check@phantomjs://platform/tester.js:1648:25]]></error><failure type="uncaughtError"><![CDATA[ReferenceError: Can't find variable: paymentPath]]></failure></testcase><system-out><![CDATA[]]></system-out></testsuite><testsuite name="Checking Checkout page" tests="1" failures="1" errors="0" time="0.021" timestamp="2019-09-23T13:02:55.885Z" package="functional/tests/25-CreatePfLpaClone/19-checkout"><testcase name="ReferenceError: Can't find variable: paths" classname="functional/tests/25-CreatePfLpaClone/19-checkout" time="0.021"><error type="error"><![CDATA[setUp@phantomjs://code/19-checkout.js:7:23
begin@phantomjs://platform/tester.js:1158:25
global code@phantomjs://code/19-checkout.js:4:18
injectJs@[native code]
exec@phantomjs://platform/tester.js:1304:21
runTest@phantomjs://platform/tester.js:1663:14
_check@phantomjs://platform/tester.js:1648:25]]></error><failure type="uncaughtError"><![CDATA[ReferenceError: Can't find variable: paths]]></failure></testcase><system-out><![CDATA[]]></system-out></testsuite><testsuite name="Checking user can access payment page" tests="2" failures="2" errors="0" time="0.015" timestamp="2019-09-23T13:02:55.885Z" package="functional/tests/25-CreatePfLpaClone/20-complete"><testcase name="ReferenceError: Can't find variable: paths" classname="functional/tests/25-CreatePfLpaClone/20-complete" time="0.014"><error type="error"><![CDATA[setUp@phantomjs://code/20-complete.js:5:28
begin@phantomjs://platform/tester.js:1158:25
global code@phantomjs://code/20-complete.js:2:18
injectJs@[native code]
exec@phantomjs://platform/tester.js:1304:21
runTest@phantomjs://platform/tester.js:1663:14
_check@phantomjs://platform/tester.js:1648:25]]></error><failure type="uncaughtError"><![CDATA[ReferenceError: Can't find variable: paths]]></failure></testcase><testcase name="ReferenceError: Can't find variable: completePath" classname="functional/tests/25-CreatePfLpaClone/20-complete" time="0.001"><error type="error"><![CDATA[tearDown@phantomjs://code/20-complete.js:11:41
done@phantomjs://platform/tester.js:1213:28
begin@phantomjs://platform/tester.js:1170:18
global code@phantomjs://code/20-complete.js:2:18
injectJs@[native code]
exec@phantomjs://platform/tester.js:1304:21
runTest@phantomjs://platform/tester.js:1663:14
_check@phantomjs://platform/tester.js:1648:25]]></error><failure type="uncaughtError"><![CDATA[ReferenceError: Can't find variable: completePath]]></failure></testcase><system-out><![CDATA[]]></system-out></testsuite><testsuite name="Change password" tests="1" failures="1" errors="0" time="0.019" timestamp="2019-09-23T13:02:55.886Z" package="functional/tests/35-ChangePassword/01-change-password"><testcase name="ReferenceError: Can't find variable: basePath" classname="functional/tests/35-ChangePassword/01-change-password" time="0.019"><error type="error"><![CDATA[test@phantomjs://code/01-change-password.js:10:30
phantomjs://platform/tester.js:1131:24
[native code]
begin@phantomjs://platform/tester.js:1161:24
global code@phantomjs://code/01-change-password.js:2:18
injectJs@[native code]
exec@phantomjs://platform/tester.js:1304:21
runTest@phantomjs://platform/tester.js:1663:14
_check@phantomjs://platform/tester.js:1648:25]]></error><failure type="uncaughtError"><![CDATA[ReferenceError: Can't find variable: basePath]]></failure></testcase><system-out><![CDATA[]]></system-out></testsuite><testsuite name="Check feedback page accessible" tests="1" failures="1" errors="0" time="0.02" timestamp="2019-09-23T13:02:55.886Z" package="functional/tests/99-feedback/01-feedback"><testcase name="ReferenceError: Can't find variable: basePath" classname="functional/tests/99-feedback/01-feedback" time="0.02"><error type="error"><![CDATA[test@phantomjs://code/01-feedback.js:10:30
phantomjs://platform/tester.js:1131:24
[native code]
begin@phantomjs://platform/tester.js:1161:24
global code@phantomjs://code/01-feedback.js:2:18
injectJs@[native code]
exec@phantomjs://platform/tester.js:1304:21
runTest@phantomjs://platform/tester.js:1663:14
_check@phantomjs://platform/tester.js:1648:25]]></error><failure type="uncaughtError"><![CDATA[ReferenceError: Can't find variable: basePath]]></failure></testcase><system-out><![CDATA[]]></system-out></testsuite></testsuites>