<?xml version="1.0" encoding="UTF-8"?><testsuites time="481.811"><testsuite name="Checking root path redirect" tests="1" failures="0" errors="0" time="0.681" timestamp="2019-09-26T13:10:18.164Z" package="tests/01-HomePage/01-redirects"><testcase name="Page is on the expected URL." classname="tests/01-HomePage/01-redirects" time="0.681"/><system-out><![CDATA[]]></system-out></testsuite><testsuite name="Checking http -&gt; https redirect" tests="1" failures="0" errors="0" time="0.465" timestamp="2019-09-26T13:10:18.165Z" package="tests/01-HomePage/01-redirects"><testcase name="Page is on the expected URL." classname="tests/01-HomePage/01-redirects" time="0.465"/><system-out><![CDATA[]]></system-out></testsuite><testsuite name="Checking homepage" tests="9" failures="0" errors="0" time="1.216" timestamp="2019-09-26T13:10:18.165Z" package="tests/01-HomePage/02-home"><testcase name="Page is on the expected URL." classname="tests/01-HomePage/02-home" time="0.241"/><testcase name="/login link exists and is visible." classname="tests/01-HomePage/02-home" time="0.02"/><testcase name="Link goes to correct page." classname="tests/01-HomePage/02-home" time="0.175"/><testcase name="/signup link exists and is visible." classname="tests/01-HomePage/02-home" time="0.185"/><testcase name="Link goes to correct page." classname="tests/01-HomePage/02-home" time="0.149"/><testcase name="/terms link exists and is visible." classname="tests/01-HomePage/02-home" time="0.166"/><testcase name="Page is on the expected URL." classname="tests/01-HomePage/02-home" time="0.131"/><testcase name="/privacy-notice link exists and is visible." classname="tests/01-HomePage/02-home" time="0.022"/><testcase name="Page is on the expected URL." classname="tests/01-HomePage/02-home" time="0.127"/><system-out><![CDATA[]]></system-out></testsuite><testsuite name="Checking the guidance popup" tests="50" failures="0" errors="0" time="2.795" timestamp="2019-09-26T13:10:18.165Z" package="tests/01-HomePage/03-guidance"><testcase name="Guidance link exists and is visible." classname="tests/01-HomePage/03-guidance" time="0.241"/><testcase name="Guidance popup appears." classname="tests/01-HomePage/03-guidance" time="0.182"/><testcase name="Popup URL is correct." classname="tests/01-HomePage/03-guidance" time="0"/><testcase name="What is an LPA article is visible." classname="tests/01-HomePage/03-guidance" time="0.001"/><testcase name="What is an LPA article h1 looks sensible." classname="tests/01-HomePage/03-guidance" time="0.001"/><testcase name="22 help topics correctly found." classname="tests/01-HomePage/03-guidance" time="0.002"/><testcase name="The page's heading has correctly changed: Mental capacity" classname="tests/01-HomePage/03-guidance" time="0.037"/><testcase name="The URL has correctly changed: https://53-lpa3302add.front.development.lpa.opg.service.justice.gov.uk/home#/guide/topic-mental-capacity" classname="tests/01-HomePage/03-guidance" time="0.001"/><testcase name="The page's heading has correctly changed: How to make an LPA online" classname="tests/01-HomePage/03-guidance" time="0.039"/><testcase name="The URL has correctly changed: https://53-lpa3302add.front.development.lpa.opg.service.justice.gov.uk/home#/guide/topic-how-to-make-an-lpa-online" classname="tests/01-HomePage/03-guidance" time="0"/><testcase name="The page's heading has correctly changed: Before you begin" classname="tests/01-HomePage/03-guidance" time="0.04"/><testcase name="The URL has correctly changed: https://53-lpa3302add.front.development.lpa.opg.service.justice.gov.uk/home#/guide/topic-before-you-begin" classname="tests/01-HomePage/03-guidance" time="0.001"/><testcase name="The page's heading has correctly changed: The 2 types of LPA" classname="tests/01-HomePage/03-guidance" time="0.039"/><testcase name="The URL has correctly changed: https://53-lpa3302add.front.development.lpa.opg.service.justice.gov.uk/home#/guide/topic-the-2-types-of-lpa" classname="tests/01-HomePage/03-guidance" time="0"/><testcase name="The page's heading has correctly changed: The donor" classname="tests/01-HomePage/03-guidance" time="0.051"/><testcase name="The URL has correctly changed: https://53-lpa3302add.front.development.lpa.opg.service.justice.gov.uk/home#/guide/topic-donor" classname="tests/01-HomePage/03-guidance" time="0"/><testcase name="The page's heading has correctly changed: When an LPA can be used" classname="tests/01-HomePage/03-guidance" time="0.039"/><testcase name="The URL has correctly changed: https://53-lpa3302add.front.development.lpa.opg.service.justice.gov.uk/home#/guide/topic-when-an-lpa-can-be-used" classname="tests/01-HomePage/03-guidance" time="0"/><testcase name="The page's heading has correctly changed: Life-sustaining treatment" classname="tests/01-HomePage/03-guidance" time="0.04"/><testcase name="The URL has correctly changed: https://53-lpa3302add.front.development.lpa.opg.service.justice.gov.uk/home#/guide/topic-life-sustaining-treatment" classname="tests/01-HomePage/03-guidance" time="0"/><testcase name="The page's heading has correctly changed: Attorneys" classname="tests/01-HomePage/03-guidance" time="0.042"/><testcase name="The URL has correctly changed: https://53-lpa3302add.front.development.lpa.opg.service.justice.gov.uk/home#/guide/topic-attorneys" classname="tests/01-HomePage/03-guidance" time="0.001"/><testcase name="The page's heading has correctly changed: How multiple attorneys make decisions" classname="tests/01-HomePage/03-guidance" time="0.038"/><testcase name="The URL has correctly changed: https://53-lpa3302add.front.development.lpa.opg.service.justice.gov.uk/home#/guide/topic-how-multiple-attorneys-make-decisions" classname="tests/01-HomePage/03-guidance" time="0.001"/><testcase name="The page's heading has correctly changed: Replacement attorneys" classname="tests/01-HomePage/03-guidance" time="0.042"/><testcase name="The URL has correctly changed: https://53-lpa3302add.front.development.lpa.opg.service.justice.gov.uk/home#/guide/topic-replacement-attorneys" classname="tests/01-HomePage/03-guidance" time="0"/><testcase name="The page's heading has correctly changed: Certificate providers" classname="tests/01-HomePage/03-guidance" time="0.04"/><testcase name="The URL has correctly changed: https://53-lpa3302add.front.development.lpa.opg.service.justice.gov.uk/home#/guide/topic-certificate-providers" classname="tests/01-HomePage/03-guidance" time="0"/><testcase name="The page's heading has correctly changed: People to notify" classname="tests/01-HomePage/03-guidance" time="0.04"/><testcase name="The URL has correctly changed: https://53-lpa3302add.front.development.lpa.opg.service.justice.gov.uk/home#/guide/topic-people-to-notify" classname="tests/01-HomePage/03-guidance" time="0.001"/><testcase name="The page's heading has correctly changed: Preferences and instructions" classname="tests/01-HomePage/03-guidance" time="0.04"/><testcase name="The URL has correctly changed: https://53-lpa3302add.front.development.lpa.opg.service.justice.gov.uk/home#/guide/topic-preferences-and-instructions" classname="tests/01-HomePage/03-guidance" time="0"/><testcase name="The page's heading has correctly changed: View a draft of the LPA" classname="tests/01-HomePage/03-guidance" time="0.042"/><testcase name="The URL has correctly changed: https://53-lpa3302add.front.development.lpa.opg.service.justice.gov.uk/home#/guide/topic-view-a-draft-of-the-lpa" classname="tests/01-HomePage/03-guidance" time="0.001"/><testcase name="The page's heading has correctly changed: If you find a mistake" classname="tests/01-HomePage/03-guidance" time="0.039"/><testcase name="The URL has correctly changed: https://53-lpa3302add.front.development.lpa.opg.service.justice.gov.uk/home#/guide/topic-if-you-find-a-mistake" classname="tests/01-HomePage/03-guidance" time="0"/><testcase name="The page's heading has correctly changed: Signing the LPA" classname="tests/01-HomePage/03-guidance" time="0.041"/><testcase name="The URL has correctly changed: https://53-lpa3302add.front.development.lpa.opg.service.justice.gov.uk/home#/guide/topic-signing-the-lpa" classname="tests/01-HomePage/03-guidance" time="0.001"/><testcase name="The page's heading has correctly changed: How to register the LPA" classname="tests/01-HomePage/03-guidance" time="0.04"/><testcase name="The URL has correctly changed: https://53-lpa3302add.front.development.lpa.opg.service.justice.gov.uk/home#/guide/topic-how-to-register-the-lpa" classname="tests/01-HomePage/03-guidance" time="0.001"/><testcase name="The page's heading has correctly changed: Applicant" classname="tests/01-HomePage/03-guidance" time="0.038"/><testcase name="The URL has correctly changed: https://53-lpa3302add.front.development.lpa.opg.service.justice.gov.uk/home#/guide/topic-applicant" classname="tests/01-HomePage/03-guidance" time="0.001"/><testcase name="The page's heading has correctly changed: Correspondent" classname="tests/01-HomePage/03-guidance" time="0.04"/><testcase name="The URL has correctly changed: https://53-lpa3302add.front.development.lpa.opg.service.justice.gov.uk/home#/guide/topic-correspondent" classname="tests/01-HomePage/03-guidance" time="0.001"/><testcase name="The page's heading has correctly changed: Fees, reductions and exemptions" classname="tests/01-HomePage/03-guidance" time="0.041"/><testcase name="The URL has correctly changed: https://53-lpa3302add.front.development.lpa.opg.service.justice.gov.uk/home#/guide/topic-fees-reductions-and-exemptions" classname="tests/01-HomePage/03-guidance" time="0.002"/><testcase name="The page's heading has correctly changed: Glossary" classname="tests/01-HomePage/03-guidance" time="0.039"/><testcase name="The URL has correctly changed: https://53-lpa3302add.front.development.lpa.opg.service.justice.gov.uk/home#/guide/topic-glossary" classname="tests/01-HomePage/03-guidance" time="0.001"/><testcase name="Popup closes as expected." classname="tests/01-HomePage/03-guidance" time="0.486"/><testcase name="URL correctly changed post-popup." classname="tests/01-HomePage/03-guidance" time="1.022"/><system-out><![CDATA[]]></system-out></testsuite><testsuite name="Checking &quot;Terms and Conditions&quot; page" tests="1" failures="0" errors="0" time="0.193" timestamp="2019-09-26T13:10:18.166Z" package="tests/01-HomePage/04-terms"><testcase name="Page is on the expected URL." classname="tests/01-HomePage/04-terms" time="0.193"/><system-out><![CDATA[]]></system-out></testsuite><testsuite name="Checking &quot;Privacy Notice&quot; page" tests="1" failures="0" errors="0" time="0.193" timestamp="2019-09-26T13:10:18.166Z" package="tests/01-HomePage/05-privacy"><testcase name="Page is on the expected URL." classname="tests/01-HomePage/05-privacy" time="0.193"/><system-out><![CDATA[]]></system-out></testsuite><testsuite name="Checking &quot;Cookies Disabled&quot; page" tests="3" failures="0" errors="0" time="0.707" timestamp="2019-09-26T13:10:18.166Z" package="tests/01-HomePage/06-noCookies"><testcase name="Page is on the expected URL." classname="tests/01-HomePage/06-noCookies" time="0.224"/><testcase name="Page is on the expected URL." classname="tests/01-HomePage/06-noCookies" time="0.293"/><testcase name="Page is on the expected URL." classname="tests/01-HomePage/06-noCookies" time="0.19"/><system-out><![CDATA[]]></system-out></testsuite><testsuite name="Checking signup form validation" tests="8" failures="0" errors="0" time="0.229" timestamp="2019-09-26T13:10:18.166Z" package="tests/02-Signup/01-validation"><testcase name="Page is on the expected URL." classname="tests/02-Signup/01-validation" time="0.203"/><testcase name="Registeration form exists" classname="tests/02-Signup/01-validation" time="0.02"/><testcase name="Email field exists" classname="tests/02-Signup/01-validation" time="0.001"/><testcase name="Email confirm field exists" classname="tests/02-Signup/01-validation" time="0.001"/><testcase name="Password field exists" classname="tests/02-Signup/01-validation" time="0.001"/><testcase name="Password Confirm field exists" classname="tests/02-Signup/01-validation" time="0"/><testcase name="T &amp; C Field exists" classname="tests/02-Signup/01-validation" time="0.001"/><testcase name="Register button exists" classname="tests/02-Signup/01-validation" time="0.002"/><system-out><![CDATA[Post submission validation checks not implemented - waiting for HTML to be confirmed.]]></system-out></testsuite><testsuite name="Checking for a successful signup" tests="3" failures="0" errors="0" time="0.769" timestamp="2019-09-26T13:10:18.167Z" package="tests/02-Signup/02-signup"><testcase name="Page is on the expected URL." classname="tests/02-Signup/02-signup" time="0.333"/><testcase name="Page confirms user's email address." classname="tests/02-Signup/02-signup" time="0.434"/><testcase name="User caspertests+1569502936186852144763@lpa.opg.service.justice.gov.uk created with password of Casper1569502936186852144763" classname="tests/02-Signup/02-signup" time="0.002"/><system-out><![CDATA[]]></system-out></testsuite><testsuite name="Checking account activation" tests="0" failures="0" errors="0" time="0" timestamp="2019-09-26T13:10:18.167Z" package="tests/02-Signup/03-activate"><system-out><![CDATA[]]></system-out></testsuite><testsuite name="Adding About me details" tests="14" failures="0" errors="0" time="12.746" timestamp="2019-09-26T13:10:18.167Z" package="tests/02-Signup/04-about-me"><testcase name="Page is on the expected URL." classname="tests/02-Signup/04-about-me" time="10.519"/><testcase name="We're now correctly on the About You details page for a new account." classname="tests/02-Signup/04-about-me" time="0.565"/><testcase name="Back to About You details as expected due to failed validation." classname="tests/02-Signup/04-about-me" time="0.268"/><testcase name="Correct validation message shown for blank title" classname="tests/02-Signup/04-about-me" time="0.001"/><testcase name="Correct validation message shown for too long first name" classname="tests/02-Signup/04-about-me" time="0"/><testcase name="Correct validation message shown for too long last name" classname="tests/02-Signup/04-about-me" time="0.001"/><testcase name="Correct validation message shown for incomplete DOB" classname="tests/02-Signup/04-about-me" time="0"/><testcase name="Correcty validation message shown for invalid  postcode in manual address Postcode box" classname="tests/02-Signup/04-about-me" time="0.001"/><testcase name="Back to About You details as expected due to failed validation." classname="tests/02-Signup/04-about-me" time="0.307"/><testcase name="Correct validation message shown for bad DOB" classname="tests/02-Signup/04-about-me" time="0.001"/><testcase name="Back to About You details as expected due to failed validation." classname="tests/02-Signup/04-about-me" time="0.28"/><testcase name="Correct validation message shown for future DOB" classname="tests/02-Signup/04-about-me" time="0.001"/><testcase name="We're now correctly on the Type page." classname="tests/02-Signup/04-about-me" time="0.55"/><testcase name="We're now on the post logout page." classname="tests/02-Signup/04-about-me" time="0.252"/><system-out><![CDATA[]]></system-out></testsuite><testsuite name="Checking login form validation" tests="4" failures="0" errors="0" time="0.371" timestamp="2019-09-26T13:10:18.167Z" package="tests/03-Authentication/01-validation"><testcase name="Page is on the expected URL." classname="tests/03-Authentication/01-validation" time="0.349"/><testcase name="Form exists" classname="tests/03-Authentication/01-validation" time="0.02"/><testcase name="Email field exists" classname="tests/03-Authentication/01-validation" time="0.001"/><testcase name="Password field exists" classname="tests/03-Authentication/01-validation" time="0.001"/><system-out><![CDATA[Post submission validation checks not implemented - waiting for HTML to be confirmed.]]></system-out></testsuite><testsuite name="Checking for a successful login" tests="2" failures="0" errors="0" time="0.916" timestamp="2019-09-26T13:10:18.167Z" package="tests/03-Authentication/02-login"><testcase name="Page is on the expected URL." classname="tests/03-Authentication/02-login" time="0.371"/><testcase name="We're now correctly on the Type page." classname="tests/03-Authentication/02-login" time="0.545"/><system-out><![CDATA[]]></system-out></testsuite><testsuite name="Check password reset process" tests="12" failures="0" errors="0" time="1.151" timestamp="2019-09-26T13:10:18.167Z" package="tests/04-PasswordReset/01-password-reset"><testcase name="We're now on the post logout page." classname="tests/04-PasswordReset/01-password-reset" time="0.252"/><testcase name="Page is on the expected URL." classname="tests/04-PasswordReset/01-password-reset" time="0.155"/><testcase name="Page returns a 200" classname="tests/04-PasswordReset/01-password-reset" time="0"/><testcase name="Page header has a title" classname="tests/04-PasswordReset/01-password-reset" time="0.001"/><testcase name="Page has a H1 header" classname="tests/04-PasswordReset/01-password-reset" time="0.001"/><testcase name="H1 header is not &quot;Page not found&quot;" classname="tests/04-PasswordReset/01-password-reset" time="0"/><testcase name="Found email address input box on page" classname="tests/04-PasswordReset/01-password-reset" time="0.001"/><testcase name="Found email confirmation input box on page" classname="tests/04-PasswordReset/01-password-reset" time="0.001"/><testcase name="Found submit button on page" classname="tests/04-PasswordReset/01-password-reset" time="0"/><testcase name="Find text within the document body" classname="tests/04-PasswordReset/01-password-reset" time="0.238"/><testcase name="Page returns a 200 when feedback form is submitted" classname="tests/04-PasswordReset/01-password-reset" time="0.438"/><testcase name="Request sent page url is correct" classname="tests/04-PasswordReset/01-password-reset" time="0.064"/><system-out><![CDATA[]]></system-out></testsuite><testsuite name="Checking password reset email" tests="0" failures="0" errors="0" time="0" timestamp="2019-09-26T13:10:18.167Z" package="tests/04-PasswordReset/02-use-email-link"><system-out><![CDATA[]]></system-out></testsuite><testsuite name="Checking for a successful login" tests="2" failures="0" errors="0" time="12.306" timestamp="2019-09-26T13:10:18.167Z" package="tests/04-PasswordReset/06-login"><testcase name="Page is on the expected URL." classname="tests/04-PasswordReset/06-login" time="10.845"/><testcase name="We're now correctly on the dashboard page." classname="tests/04-PasswordReset/06-login" time="1.461"/><system-out><![CDATA[]]></system-out></testsuite><testsuite name="Checking clicking 'Create a new LPA' from the Dashboard" tests="1" failures="0" errors="0" time="0.384" timestamp="2019-09-26T13:10:18.167Z" package="tests/05-CreatePfLpa/01-dashboard"><testcase name="Page is on the expected URL." classname="tests/05-CreatePfLpa/01-dashboard" time="0.384"/><system-out><![CDATA[]]></system-out></testsuite><testsuite name="Checking user can select an LPA type and create an LPA of the chosen type" tests="10" failures="0" errors="0" time="1.007" timestamp="2019-09-26T13:10:18.167Z" package="tests/05-CreatePfLpa/02-type"><testcase name="Page is on the expected URL." classname="tests/05-CreatePfLpa/02-type" time="0.263"/><testcase name="Accordion header is found on the page" classname="tests/05-CreatePfLpa/02-type" time="0.001"/><testcase name="Found radio option &quot;Property and financial affairs&quot;" classname="tests/05-CreatePfLpa/02-type" time="0.001"/><testcase name="Found radio option &quot;Health and welfare&quot;" classname="tests/05-CreatePfLpa/02-type" time="0.001"/><testcase name="Found submit button on page" classname="tests/05-CreatePfLpa/02-type" time="0"/><testcase name="Error messages are displayed as expected" classname="tests/05-CreatePfLpa/02-type" time="0.292"/><testcase name="There is at least one error displayed." classname="tests/05-CreatePfLpa/02-type" time="0.001"/><testcase name="Page returns a 200 when LPA type form is submitted" classname="tests/05-CreatePfLpa/02-type" time="0.363"/><testcase name="We're now correctly on the Donor page." classname="tests/05-CreatePfLpa/02-type" time="0.084"/><testcase name="Found an accordion bar link as expected" classname="tests/05-CreatePfLpa/02-type" time="0.001"/><system-out><![CDATA[]]></system-out></testsuite><testsuite name="Checking user can add donor" tests="54" failures="0" errors="0" time="2.1" timestamp="2019-09-26T13:10:18.168Z" package="tests/05-CreatePfLpa/03-donor"><testcase name="Page is on the expected URL." classname="tests/05-CreatePfLpa/03-donor" time="0.267"/><testcase name="Accordion header is found on the page" classname="tests/05-CreatePfLpa/03-donor" time="0.001"/><testcase name="Found [Add donor details] button" classname="tests/05-CreatePfLpa/03-donor" time="0.001"/><testcase name="Save button currently is not shown" classname="tests/05-CreatePfLpa/03-donor" time="0.001"/><testcase name="Lightbox for editing donor's details is loaded and displayed as expected" classname="tests/05-CreatePfLpa/03-donor" time="0.204"/><testcase name="Found donor form as expected" classname="tests/05-CreatePfLpa/03-donor" time="0.001"/><testcase name="Title dropdown is correctly generated" classname="tests/05-CreatePfLpa/03-donor" time="0.001"/><testcase name="Found &quot;Use my details&quot; link in the lightbox as expected" classname="tests/05-CreatePfLpa/03-donor" time="0.019"/><testcase name="Found title element in the lightbox as expected" classname="tests/05-CreatePfLpa/03-donor" time="0.001"/><testcase name="Found title dropdown list has items" classname="tests/05-CreatePfLpa/03-donor" time="0"/><testcase name="Found first names text input box in the lightbox as expected" classname="tests/05-CreatePfLpa/03-donor" time="0.002"/><testcase name="Found last name text input box in the lightbox as expected" classname="tests/05-CreatePfLpa/03-donor" time="0.001"/><testcase name="Found other names text input box in the lightbox as expected" classname="tests/05-CreatePfLpa/03-donor" time="0.002"/><testcase name="Found DOB day text input box in the lightbox as expected" classname="tests/05-CreatePfLpa/03-donor" time="0.001"/><testcase name="Found DOB month text input box in the lightbox as expected" classname="tests/05-CreatePfLpa/03-donor" time="0.001"/><testcase name="Found DOB year text input box in the lightbox as expected" classname="tests/05-CreatePfLpa/03-donor" time="0.001"/><testcase name="Found email address input box in the lightbox as expected" classname="tests/05-CreatePfLpa/03-donor" time="0.001"/><testcase name="Found postcode lookup input field in the lightbox as expected" classname="tests/05-CreatePfLpa/03-donor" time="0.001"/><testcase name="Found postcode look button in the lightbox as expected" classname="tests/05-CreatePfLpa/03-donor" time="0.001"/><testcase name="Found address line 1 text input field in the lightbox as expected" classname="tests/05-CreatePfLpa/03-donor" time="0.001"/><testcase name="Found address line 2 text input field in the lightbox as expected" classname="tests/05-CreatePfLpa/03-donor" time="0.001"/><testcase name="Found address line 3 text input field in the lightbox as expected" classname="tests/05-CreatePfLpa/03-donor" time="0"/><testcase name="Found address postcode text input field in the lightbox as expected" classname="tests/05-CreatePfLpa/03-donor" time="0.001"/><testcase name="Found donor cannot sign checkbox in the lightbox as expected" classname="tests/05-CreatePfLpa/03-donor" time="0.001"/><testcase name="Found 'Save details' button in the lightbox as expected" classname="tests/05-CreatePfLpa/03-donor" time="0"/><testcase name="Found cancel button in the lightbox as expected" classname="tests/05-CreatePfLpa/03-donor" time="0.001"/><testcase name="Correct validation message shown for blank title" classname="tests/05-CreatePfLpa/03-donor" time="0.459"/><testcase name="Correct validation message shown for too long first name" classname="tests/05-CreatePfLpa/03-donor" time="0"/><testcase name="Correct validation message shown for too long last name" classname="tests/05-CreatePfLpa/03-donor" time="0.001"/><testcase name="Correct validation message shown for too long address line 1" classname="tests/05-CreatePfLpa/03-donor" time="0.001"/><testcase name="Correct validation message shown for too long address line 2" classname="tests/05-CreatePfLpa/03-donor" time="0.001"/><testcase name="Correct validation message shown for too long address line 3" classname="tests/05-CreatePfLpa/03-donor" time="0.001"/><testcase name="Donor's name is displayed on the donor's landing page as expected" classname="tests/05-CreatePfLpa/03-donor" time="0.519"/><testcase name="Found the link for editing donor details as expected" classname="tests/05-CreatePfLpa/03-donor" time="0.001"/><testcase name="Not found [Add donor details] button" classname="tests/05-CreatePfLpa/03-donor" time="0.001"/><testcase name="Save button currently is shown" classname="tests/05-CreatePfLpa/03-donor" time="0"/><testcase name="Lightbox for editing donor's details is loaded and displayed as expected" classname="tests/05-CreatePfLpa/03-donor" time="0.2"/><testcase name="Found donor form as expected" classname="tests/05-CreatePfLpa/03-donor" time="0.002"/><testcase name="Title dropdown is correctly generated" classname="tests/05-CreatePfLpa/03-donor" time="0.002"/><testcase name="First names field value is correct" classname="tests/05-CreatePfLpa/03-donor" time="0.002"/><testcase name="Last name field value is correct" classname="tests/05-CreatePfLpa/03-donor" time="0.001"/><testcase name="Dob day field value is correct" classname="tests/05-CreatePfLpa/03-donor" time="0.002"/><testcase name="Dob month field value is correct" classname="tests/05-CreatePfLpa/03-donor" time="0.001"/><testcase name="Dob year field value is correct" classname="tests/05-CreatePfLpa/03-donor" time="0"/><testcase name="Email field value is correct" classname="tests/05-CreatePfLpa/03-donor" time="0.001"/><testcase name="Address 1 field value is correct" classname="tests/05-CreatePfLpa/03-donor" time="0"/><testcase name="Address 2 field value is correct" classname="tests/05-CreatePfLpa/03-donor" time="0.001"/><testcase name="Address 3 field value is correct" classname="tests/05-CreatePfLpa/03-donor" time="0"/><testcase name="Postcode field value is correct" classname="tests/05-CreatePfLpa/03-donor" time="0.001"/><testcase name="Found [Save details] button on editing donor form" classname="tests/05-CreatePfLpa/03-donor" time="0"/><testcase name="Found cancel button in the lightbox as expected" classname="tests/05-CreatePfLpa/03-donor" time="0"/><testcase name="Page returns a 200 when the form is submitted" classname="tests/05-CreatePfLpa/03-donor" time="0.384"/><testcase name="Page is on the expected URL: https://53-lpa3302add.front.development.lpa.opg.service.justice.gov.uk/lpa/99091465045/when-lpa-starts" classname="tests/05-CreatePfLpa/03-donor" time="0.005"/><testcase name="Found an accordion bar link as expected" classname="tests/05-CreatePfLpa/03-donor" time="0.002"/><system-out><![CDATA[]]></system-out></testsuite><testsuite name="Checking user can set when lpa starts" tests="10" failures="0" errors="0" time="0.915" timestamp="2019-09-26T13:10:18.169Z" package="tests/05-CreatePfLpa/04-when-lpa-starts"><testcase name="Page is on the expected URL." classname="tests/05-CreatePfLpa/04-when-lpa-starts" time="0.237"/><testcase name="Accordion header is found on the page" classname="tests/05-CreatePfLpa/04-when-lpa-starts" time="0.001"/><testcase name="Found &quot;as soon as register&quot; radio option" classname="tests/05-CreatePfLpa/04-when-lpa-starts" time="0.001"/><testcase name="Found &quot;only if I dont have mental capacity&quot; radio option" classname="tests/05-CreatePfLpa/04-when-lpa-starts" time="0.001"/><testcase name="Found &quot;Save and continue&quot; button" classname="tests/05-CreatePfLpa/04-when-lpa-starts" time="0.001"/><testcase name="Error messages are displayed as expected" classname="tests/05-CreatePfLpa/04-when-lpa-starts" time="0.297"/><testcase name="There is at least one error displayed." classname="tests/05-CreatePfLpa/04-when-lpa-starts" time="0.001"/><testcase name="Page returns a 200 when the form is submitted" classname="tests/05-CreatePfLpa/04-when-lpa-starts" time="0.373"/><testcase name="Page is on expected URL: https://53-lpa3302add.front.development.lpa.opg.service.justice.gov.uk/lpa/99091465045/primary-attorney" classname="tests/05-CreatePfLpa/04-when-lpa-starts" time="0.002"/><testcase name="Found an accordion bar link as expected" classname="tests/05-CreatePfLpa/04-when-lpa-starts" time="0.001"/><system-out><![CDATA[]]></system-out></testsuite><testsuite name="Checking user can add primary attorney" tests="87" failures="0" errors="0" time="20.611" timestamp="2019-09-26T13:10:18.169Z" package="tests/05-CreatePfLpa/05-primary-attorney"><testcase name="Page is on the expected URL." classname="tests/05-CreatePfLpa/05-primary-attorney" time="0.245"/><testcase name="Accordion header is found on the page" classname="tests/05-CreatePfLpa/05-primary-attorney" time="0.001"/><testcase name="Found [Add attorney details] button" classname="tests/05-CreatePfLpa/05-primary-attorney" time="0.001"/><testcase name="Save button currently is not shown" classname="tests/05-CreatePfLpa/05-primary-attorney" time="0.001"/><testcase name="Lightbox for editing attorney's details is loaded and displayed as expected" classname="tests/05-CreatePfLpa/05-primary-attorney" time="1.645"/><testcase name="Found attorney form as expected" classname="tests/05-CreatePfLpa/05-primary-attorney" time="0.001"/><testcase name="Title dropdown is correctly generated" classname="tests/05-CreatePfLpa/05-primary-attorney" time="0.002"/><testcase name="Found &quot;Use my details&quot; link in the lightbox as expected" classname="tests/05-CreatePfLpa/05-primary-attorney" time="0.017"/><testcase name="Found &lt;&lt; Use a trust corporation &gt;&gt; link in the lightbox as expected" classname="tests/05-CreatePfLpa/05-primary-attorney" time="0.002"/><testcase name="Found title element in the lightbox as expected" classname="tests/05-CreatePfLpa/05-primary-attorney" time="0.004"/><testcase name="Found title dropdown list has items" classname="tests/05-CreatePfLpa/05-primary-attorney" time="0.001"/><testcase name="Found first names text input box in the lightbox as expected" classname="tests/05-CreatePfLpa/05-primary-attorney" time="0.002"/><testcase name="Found last name text input box in the lightbox as expected" classname="tests/05-CreatePfLpa/05-primary-attorney" time="0"/><testcase name="Found DOB day text input box in the lightbox as expected" classname="tests/05-CreatePfLpa/05-primary-attorney" time="0.001"/><testcase name="Found DOB month text input box in the lightbox as expected" classname="tests/05-CreatePfLpa/05-primary-attorney" time="0.001"/><testcase name="Found DOB year text input box in the lightbox as expected" classname="tests/05-CreatePfLpa/05-primary-attorney" time="0"/><testcase name="Found email address input box in the lightbox as expected" classname="tests/05-CreatePfLpa/05-primary-attorney" time="0"/><testcase name="Found postcode lookup input field in the lightbox as expected" classname="tests/05-CreatePfLpa/05-primary-attorney" time="0.001"/><testcase name="Found postcode look button in the lightbox as expected" classname="tests/05-CreatePfLpa/05-primary-attorney" time="0"/><testcase name="Found address line 1 text input field in the lightbox as expected" classname="tests/05-CreatePfLpa/05-primary-attorney" time="0.001"/><testcase name="Found address line 2 text input field in the lightbox as expected" classname="tests/05-CreatePfLpa/05-primary-attorney" time="0.001"/><testcase name="Found address line 3 text input field in the lightbox as expected" classname="tests/05-CreatePfLpa/05-primary-attorney" time="0.001"/><testcase name="Found address postcode text input field in the lightbox as expected" classname="tests/05-CreatePfLpa/05-primary-attorney" time="0"/><testcase name="Found 'Save details' button in the lightbox as expected" classname="tests/05-CreatePfLpa/05-primary-attorney" time="0.001"/><testcase name="Found cancel button in the lightbox as expected" classname="tests/05-CreatePfLpa/05-primary-attorney" time="0"/><testcase name="Correct validation message shown for blank title" classname="tests/05-CreatePfLpa/05-primary-attorney" time="0.226"/><testcase name="Correct validation message shown for too long first name" classname="tests/05-CreatePfLpa/05-primary-attorney" time="0.002"/><testcase name="Correct validation message shown for too long last name" classname="tests/05-CreatePfLpa/05-primary-attorney" time="0.003"/><testcase name="Correct validation message shown for too long address line 1" classname="tests/05-CreatePfLpa/05-primary-attorney" time="0.001"/><testcase name="Correct validation message shown for too long address line 2" classname="tests/05-CreatePfLpa/05-primary-attorney" time="0.002"/><testcase name="Correct validation message shown for too long address line 3" classname="tests/05-CreatePfLpa/05-primary-attorney" time="0.001"/><testcase name="Attorney's name Amy Wheeler is displayed on the attorney landing page as expected" classname="tests/05-CreatePfLpa/05-primary-attorney" time="1.652"/><testcase name="Found the link for editing attorney Amy Wheeler as expected" classname="tests/05-CreatePfLpa/05-primary-attorney" time="0.001"/><testcase name="Found the link for deleting attorney Amy Wheeler as expected" classname="tests/05-CreatePfLpa/05-primary-attorney" time="0"/><testcase name="Save button currently is now shown" classname="tests/05-CreatePfLpa/05-primary-attorney" time="0.001"/><testcase name="Page is on the expected URL: https://53-lpa3302add.front.development.lpa.opg.service.justice.gov.uk/lpa/99091465045/replacement-attorney" classname="tests/05-CreatePfLpa/05-primary-attorney" time="0.234"/><testcase name="Page is on the expected URL: https://53-lpa3302add.front.development.lpa.opg.service.justice.gov.uk/lpa/99091465045/primary-attorney" classname="tests/05-CreatePfLpa/05-primary-attorney" time="0.277"/><testcase name="Lightbox for editing attorney's details is loaded and displayed as expected" classname="tests/05-CreatePfLpa/05-primary-attorney" time="0.203"/><testcase name="Found attorney form as expected" classname="tests/05-CreatePfLpa/05-primary-attorney" time="0.001"/><testcase name="Title dropdown is correctly generated" classname="tests/05-CreatePfLpa/05-primary-attorney" time="0.001"/><testcase name="Name duplication warning shown" classname="tests/05-CreatePfLpa/05-primary-attorney" time="1.568"/><testcase name="Second attorney's name is displayed on attorney page as expected" classname="tests/05-CreatePfLpa/05-primary-attorney" time="1.663"/><testcase name="Found the link for editing attorney David Wheeler as expected" classname="tests/05-CreatePfLpa/05-primary-attorney" time="0.001"/><testcase name="Found the link for deleting attorney David Wheeler as expected" classname="tests/05-CreatePfLpa/05-primary-attorney" time="0"/><testcase name="Save button currently is now shown" classname="tests/05-CreatePfLpa/05-primary-attorney" time="0.001"/><testcase name="Second attorney's has been deleted from attorney page as expected" classname="tests/05-CreatePfLpa/05-primary-attorney" time="3.692"/><testcase name="Save button currently is now shown" classname="tests/05-CreatePfLpa/05-primary-attorney" time="0"/><testcase name="Lightbox for editing attorney's details is loaded and displayed as expected" classname="tests/05-CreatePfLpa/05-primary-attorney" time="0.202"/><testcase name="Found &lt;&lt; Use individual &gt;&gt; link in the lightbox as expected" classname="tests/05-CreatePfLpa/05-primary-attorney" time="5.067"/><testcase name="Found first names text input box in the lightbox as expected" classname="tests/05-CreatePfLpa/05-primary-attorney" time="0"/><testcase name="Found last name text input box in the lightbox as expected" classname="tests/05-CreatePfLpa/05-primary-attorney" time="0.001"/><testcase name="Found email address input box in the lightbox as expected" classname="tests/05-CreatePfLpa/05-primary-attorney" time="0"/><testcase name="Found postcode lookup input field in the lightbox as expected" classname="tests/05-CreatePfLpa/05-primary-attorney" time="0.001"/><testcase name="Found postcode look button in the lightbox as expected" classname="tests/05-CreatePfLpa/05-primary-attorney" time="0"/><testcase name="Found address line 1 text input field in the lightbox as expected" classname="tests/05-CreatePfLpa/05-primary-attorney" time="0.001"/><testcase name="Found address line 2 text input field in the lightbox as expected" classname="tests/05-CreatePfLpa/05-primary-attorney" time="0.001"/><testcase name="Found address line 3 text input field in the lightbox as expected" classname="tests/05-CreatePfLpa/05-primary-attorney" time="0.001"/><testcase name="Found address postcode text input field in the lightbox as expected" classname="tests/05-CreatePfLpa/05-primary-attorney" time="0"/><testcase name="Found 'Save details' button in the lightbox as expected" classname="tests/05-CreatePfLpa/05-primary-attorney" time="0.001"/><testcase name="Found cancel button in the lightbox as expected" classname="tests/05-CreatePfLpa/05-primary-attorney" time="0"/><testcase name="Correct validation message shown for too long company name" classname="tests/05-CreatePfLpa/05-primary-attorney" time="0.24"/><testcase name="Correct validation message shown for too long reg number" classname="tests/05-CreatePfLpa/05-primary-attorney" time="0.002"/><testcase name="Correct validation message shown for too long address line 1" classname="tests/05-CreatePfLpa/05-primary-attorney" time="0.001"/><testcase name="Correct validation message shown for too long address line 2" classname="tests/05-CreatePfLpa/05-primary-attorney" time="0.002"/><testcase name="Correct validation message shown for too long address line 3" classname="tests/05-CreatePfLpa/05-primary-attorney" time="0.001"/><testcase name="Trust corportation is displayed on attorney page as expected" classname="tests/05-CreatePfLpa/05-primary-attorney" time="1.65"/><testcase name="Found the link for editing trust corporation as expected" classname="tests/05-CreatePfLpa/05-primary-attorney" time="0.001"/><testcase name="Found the link for deleting trust corporation as expected" classname="tests/05-CreatePfLpa/05-primary-attorney" time="0.001"/><testcase name="Save button currently is now shown" classname="tests/05-CreatePfLpa/05-primary-attorney" time="0.001"/><testcase name="Lightbox for editing attorney Amy Wheller's details is loaded and displayed as expected" classname="tests/05-CreatePfLpa/05-primary-attorney" time="0.207"/><testcase name="Found attorney form as expected" classname="tests/05-CreatePfLpa/05-primary-attorney" time="0.001"/><testcase name="Title dropdown is correctly generated" classname="tests/05-CreatePfLpa/05-primary-attorney" time="0.001"/><testcase name="First names field value is correct" classname="tests/05-CreatePfLpa/05-primary-attorney" time="0"/><testcase name="Last name field value is correct" classname="tests/05-CreatePfLpa/05-primary-attorney" time="0.001"/><testcase name="Dob day field value is correct" classname="tests/05-CreatePfLpa/05-primary-attorney" time="0.001"/><testcase name="Dob month field value is correct" classname="tests/05-CreatePfLpa/05-primary-attorney" time="0"/><testcase name="Dob year field value is correct" classname="tests/05-CreatePfLpa/05-primary-attorney" time="0.001"/><testcase name="Email field value is correct" classname="tests/05-CreatePfLpa/05-primary-attorney" time="0"/><testcase name="Address 1 field value is correct" classname="tests/05-CreatePfLpa/05-primary-attorney" time="0.001"/><testcase name="Address 2 field value is correct" classname="tests/05-CreatePfLpa/05-primary-attorney" time="0"/><testcase name="Address 3 field value is correct" classname="tests/05-CreatePfLpa/05-primary-attorney" time="0.001"/><testcase name="Postcode field value is correct" classname="tests/05-CreatePfLpa/05-primary-attorney" time="0"/><testcase name="Found [Save details] button on editing attorney form" classname="tests/05-CreatePfLpa/05-primary-attorney" time="0.001"/><testcase name="Found cancel button in the lightbox as expected" classname="tests/05-CreatePfLpa/05-primary-attorney" time="0.001"/><testcase name="Page returns a 200 when the form is submitted" classname="tests/05-CreatePfLpa/05-primary-attorney" time="1.761"/><testcase name="Page is on the expected URL: /lpa/99091465045/how-primary-attorneys-make-decision as expected" classname="tests/05-CreatePfLpa/05-primary-attorney" time="0"/><testcase name="Found an accordion bar link as expected" classname="tests/05-CreatePfLpa/05-primary-attorney" time="0.001"/><system-out><![CDATA[]]></system-out></testsuite><testsuite name="Checking user can access how primary attorney make decision page" tests="16" failures="0" errors="0" time="1.371" timestamp="2019-09-26T13:10:18.170Z" package="tests/05-CreatePfLpa/06-how-primary-attorneys-make-decision"><testcase name="Page is on the expected URL." classname="tests/05-CreatePfLpa/06-how-primary-attorneys-make-decision" time="0.317"/><testcase name="Accordion header is found on the page" classname="tests/05-CreatePfLpa/06-how-primary-attorneys-make-decision" time="0.001"/><testcase name="Found radio option &quot;Jointly and severally&quot;" classname="tests/05-CreatePfLpa/06-how-primary-attorneys-make-decision" time="0.001"/><testcase name="Found radio option &quot;Jointly&quot;" classname="tests/05-CreatePfLpa/06-how-primary-attorneys-make-decision" time="0.001"/><testcase name="Found radio option &quot;Jointly for some decisions, and jointly and severally for other decisions&quot;" classname="tests/05-CreatePfLpa/06-how-primary-attorneys-make-decision" time="0.001"/><testcase name="Found textarea box" classname="tests/05-CreatePfLpa/06-how-primary-attorneys-make-decision" time="0.001"/><testcase name="And the free text box is invisible as expected" classname="tests/05-CreatePfLpa/06-how-primary-attorneys-make-decision" time="0"/><testcase name="Found &quot;Save and continue&quot; button" classname="tests/05-CreatePfLpa/06-how-primary-attorneys-make-decision" time="0.001"/><testcase name="Error messages are displayed as expected" classname="tests/05-CreatePfLpa/06-how-primary-attorneys-make-decision" time="0.32"/><testcase name="There is at least one error displayed." classname="tests/05-CreatePfLpa/06-how-primary-attorneys-make-decision" time="0.001"/><testcase name="Now the free text box is visible as expected" classname="tests/05-CreatePfLpa/06-how-primary-attorneys-make-decision" time="0.009"/><testcase name="Error messages are displayed as expected" classname="tests/05-CreatePfLpa/06-how-primary-attorneys-make-decision" time="0.215"/><testcase name="There is at least one error displayed." classname="tests/05-CreatePfLpa/06-how-primary-attorneys-make-decision" time="0.001"/><testcase name="Page returns a 200 when attorneys decisions form is submitted" classname="tests/05-CreatePfLpa/06-how-primary-attorneys-make-decision" time="0.416"/><testcase name="Page is landing on the expected URL: /lpa/99091465045/replacement-attorney" classname="tests/05-CreatePfLpa/06-how-primary-attorneys-make-decision" time="0.084"/><testcase name="Found an accordion bar link as expected" classname="tests/05-CreatePfLpa/06-how-primary-attorneys-make-decision" time="0.002"/><system-out><![CDATA[]]></system-out></testsuite><testsuite name="Checking user can add replacement attorney" tests="68" failures="0" errors="0" time="14.775" timestamp="2019-09-26T13:10:18.170Z" package="tests/05-CreatePfLpa/07-replacement-attorney"><testcase name="Page is on the expected URL." classname="tests/05-CreatePfLpa/07-replacement-attorney" time="0.253"/><testcase name="Accordion header is found on the page" classname="tests/05-CreatePfLpa/07-replacement-attorney" time="0.001"/><testcase name="Found &quot;Add replacement attorney&quot; button" classname="tests/05-CreatePfLpa/07-replacement-attorney" time="0.001"/><testcase name="&quot;Save and continue&quot; button is visible as expected" classname="tests/05-CreatePfLpa/07-replacement-attorney" time="0.001"/><testcase name="Page is on the expected URL: https://53-lpa3302add.front.development.lpa.opg.service.justice.gov.uk/lpa/99091465045/certificate-provider" classname="tests/05-CreatePfLpa/07-replacement-attorney" time="0.436"/><testcase name="Found an accordion bar link as expected" classname="tests/05-CreatePfLpa/07-replacement-attorney" time="0.001"/><testcase name="Page is on the expected URL: /lpa/99091465045/replacement-attorney" classname="tests/05-CreatePfLpa/07-replacement-attorney" time="0.29"/><testcase name="Lightbox for editing replacement attorney's details is loaded and displayed as expected" classname="tests/05-CreatePfLpa/07-replacement-attorney" time="0.208"/><testcase name="Found replacement attorney form as expected" classname="tests/05-CreatePfLpa/07-replacement-attorney" time="0.001"/><testcase name="Title dropdown is correctly generated" classname="tests/05-CreatePfLpa/07-replacement-attorney" time="0.001"/><testcase name="Found &quot;Use my details&quot; link in the lightbox as expected" classname="tests/05-CreatePfLpa/07-replacement-attorney" time="0.017"/><testcase name="Found title element in the lightbox as expected" classname="tests/05-CreatePfLpa/07-replacement-attorney" time="0.001"/><testcase name="Found title dropdown list has items" classname="tests/05-CreatePfLpa/07-replacement-attorney" time="0"/><testcase name="Found first names text input box in the lightbox as expected" classname="tests/05-CreatePfLpa/07-replacement-attorney" time="0.001"/><testcase name="Found last name text input box in the lightbox as expected" classname="tests/05-CreatePfLpa/07-replacement-attorney" time="0.001"/><testcase name="Found DOB day text input box in the lightbox as expected" classname="tests/05-CreatePfLpa/07-replacement-attorney" time="0.001"/><testcase name="Found DOB month text input box in the lightbox as expected" classname="tests/05-CreatePfLpa/07-replacement-attorney" time="0"/><testcase name="Found DOB year text input box in the lightbox as expected" classname="tests/05-CreatePfLpa/07-replacement-attorney" time="0.001"/><testcase name="Found postcode lookup input field in the lightbox as expected" classname="tests/05-CreatePfLpa/07-replacement-attorney" time="0.001"/><testcase name="Found postcode look button in the lightbox as expected" classname="tests/05-CreatePfLpa/07-replacement-attorney" time="0.001"/><testcase name="Found address line 1 text input field in the lightbox as expected" classname="tests/05-CreatePfLpa/07-replacement-attorney" time="0.001"/><testcase name="Found address line 2 text input field in the lightbox as expected" classname="tests/05-CreatePfLpa/07-replacement-attorney" time="0.001"/><testcase name="Found address line 3 text input field in the lightbox as expected" classname="tests/05-CreatePfLpa/07-replacement-attorney" time="0.001"/><testcase name="Found address postcode text input field in the lightbox as expected" classname="tests/05-CreatePfLpa/07-replacement-attorney" time="0.001"/><testcase name="Found 'Save details' button in the lightbox as expected" classname="tests/05-CreatePfLpa/07-replacement-attorney" time="0"/><testcase name="Found cancel button in the lightbox as expected" classname="tests/05-CreatePfLpa/07-replacement-attorney" time="0.001"/><testcase name="Correct validation message shown for blank title" classname="tests/05-CreatePfLpa/07-replacement-attorney" time="0.213"/><testcase name="Correct validation message shown for too long first name" classname="tests/05-CreatePfLpa/07-replacement-attorney" time="0.001"/><testcase name="Correct validation message shown for too long last name" classname="tests/05-CreatePfLpa/07-replacement-attorney" time="0.001"/><testcase name="Correct validation message shown for too long address line 1" classname="tests/05-CreatePfLpa/07-replacement-attorney" time="0.001"/><testcase name="Correct validation message shown for too long address line 2" classname="tests/05-CreatePfLpa/07-replacement-attorney" time="0"/><testcase name="Correct validation message shown for too long address line 3" classname="tests/05-CreatePfLpa/07-replacement-attorney" time="0.002"/><testcase name="Replacement attorney's name Isobel Ward is displayed on the replacement attorney landing page as expected" classname="tests/05-CreatePfLpa/07-replacement-attorney" time="1.624"/><testcase name="Found the link for editing replacement attorney Isobel Ward as expected" classname="tests/05-CreatePfLpa/07-replacement-attorney" time="0.001"/><testcase name="Found the link for deleting replacement attorney Isobel Ward as expected" classname="tests/05-CreatePfLpa/07-replacement-attorney" time="0.001"/><testcase name="Page is on the expected URL: /lpa/99091465045/when-replacement-attorney-step-in" classname="tests/05-CreatePfLpa/07-replacement-attorney" time="0.315"/><testcase name="Page is on the expected URL: /lpa/99091465045/replacement-attorney" classname="tests/05-CreatePfLpa/07-replacement-attorney" time="0.213"/><testcase name="Lightbox for editing replacement attorney's details is loaded and displayed as expected" classname="tests/05-CreatePfLpa/07-replacement-attorney" time="0.204"/><testcase name="Found replacement attorney form as expected" classname="tests/05-CreatePfLpa/07-replacement-attorney" time="0"/><testcase name="Title dropdown is correctly generated" classname="tests/05-CreatePfLpa/07-replacement-attorney" time="0.001"/><testcase name="Name duplication warning shown" classname="tests/05-CreatePfLpa/07-replacement-attorney" time="1.554"/><testcase name="Second replacement attorney's name is displayed on replacement attorney page as expected" classname="tests/05-CreatePfLpa/07-replacement-attorney" time="1.666"/><testcase name="Found the link for editing attorney Ewan Adams as expected" classname="tests/05-CreatePfLpa/07-replacement-attorney" time="0.002"/><testcase name="Found the link for deleting attorney Ewan Adams as expected" classname="tests/05-CreatePfLpa/07-replacement-attorney" time="0.002"/><testcase name="Second attorney's has been deleted from attorney page as expected" classname="tests/05-CreatePfLpa/07-replacement-attorney" time="3.59"/><testcase name="Lightbox for editing attorney's details is loaded and displayed as expected" classname="tests/05-CreatePfLpa/07-replacement-attorney" time="0.228"/><testcase name="Found attorney form as expected" classname="tests/05-CreatePfLpa/07-replacement-attorney" time="0.002"/><testcase name="Title dropdown is correctly generated" classname="tests/05-CreatePfLpa/07-replacement-attorney" time="0.003"/><testcase name="Second replacement attorney's name is displayed on replacement attorney page as expected" classname="tests/05-CreatePfLpa/07-replacement-attorney" time="1.669"/><testcase name="Found the link for editing attorney Ewan Adams as expected" classname="tests/05-CreatePfLpa/07-replacement-attorney" time="0.005"/><testcase name="Found the link for deleting attorney Ewan Adams as expected" classname="tests/05-CreatePfLpa/07-replacement-attorney" time="0.001"/><testcase name="Lightbox for editing replacement attorney Ewan Adams's details is loaded and displayed as expected" classname="tests/05-CreatePfLpa/07-replacement-attorney" time="0.333"/><testcase name="Found attorney form as expected" classname="tests/05-CreatePfLpa/07-replacement-attorney" time="0.002"/><testcase name="Title dropdown is correctly generated" classname="tests/05-CreatePfLpa/07-replacement-attorney" time="0.002"/><testcase name="First names field value is correct" classname="tests/05-CreatePfLpa/07-replacement-attorney" time="0.002"/><testcase name="Last name field value is correct" classname="tests/05-CreatePfLpa/07-replacement-attorney" time="0.002"/><testcase name="Dob day field value is correct" classname="tests/05-CreatePfLpa/07-replacement-attorney" time="0.002"/><testcase name="Dob month field value is correct" classname="tests/05-CreatePfLpa/07-replacement-attorney" time="0.002"/><testcase name="Dob year field value is correct" classname="tests/05-CreatePfLpa/07-replacement-attorney" time="0.002"/><testcase name="Address 1 field value is correct" classname="tests/05-CreatePfLpa/07-replacement-attorney" time="0.002"/><testcase name="Address 2 field value is correct" classname="tests/05-CreatePfLpa/07-replacement-attorney" time="0.002"/><testcase name="Address 3 field value is correct" classname="tests/05-CreatePfLpa/07-replacement-attorney" time="0.001"/><testcase name="Postcode field value is correct" classname="tests/05-CreatePfLpa/07-replacement-attorney" time="0.001"/><testcase name="Found [Save details] button on editing attorney form" classname="tests/05-CreatePfLpa/07-replacement-attorney" time="0.003"/><testcase name="Found cancel button in the lightbox as expected" classname="tests/05-CreatePfLpa/07-replacement-attorney" time="0"/><testcase name="Page returns a 200 when the form is submitted" classname="tests/05-CreatePfLpa/07-replacement-attorney" time="1.893"/><testcase name="Page is on the expected URL: https://53-lpa3302add.front.development.lpa.opg.service.justice.gov.uk/lpa/99091465045/when-replacement-attorney-step-in as expected" classname="tests/05-CreatePfLpa/07-replacement-attorney" time="0.003"/><testcase name="Found an accordion bar link as expected" classname="tests/05-CreatePfLpa/07-replacement-attorney" time="0.002"/><system-out><![CDATA[]]></system-out></testsuite><testsuite name="Checking user can set when replacement attorney step in page" tests="21" failures="0" errors="0" time="2.055" timestamp="2019-09-26T13:10:18.171Z" package="tests/05-CreatePfLpa/08-when-replacement-attorney-step-in"><testcase name="Page is on the expected URL." classname="tests/05-CreatePfLpa/08-when-replacement-attorney-step-in" time="0.262"/><testcase name="Accordion header is found on the page" classname="tests/05-CreatePfLpa/08-when-replacement-attorney-step-in" time="0.001"/><testcase name="Found radio option &quot;As soon as one of the original attorneys can no longer act&quot;" classname="tests/05-CreatePfLpa/08-when-replacement-attorney-step-in" time="0"/><testcase name="Found radio option &quot;Only when none of the original attorneys can act&quot;" classname="tests/05-CreatePfLpa/08-when-replacement-attorney-step-in" time="0.001"/><testcase name="Found radio option &quot;In some other way&quot;" classname="tests/05-CreatePfLpa/08-when-replacement-attorney-step-in" time="0.001"/><testcase name="Free text box element exists" classname="tests/05-CreatePfLpa/08-when-replacement-attorney-step-in" time="0"/><testcase name="And the free text box is invisible as expected" classname="tests/05-CreatePfLpa/08-when-replacement-attorney-step-in" time="0.001"/><testcase name="Found &quot;Save and continue&quot; button" classname="tests/05-CreatePfLpa/08-when-replacement-attorney-step-in" time="0.001"/><testcase name="Error messages are displayed as expected" classname="tests/05-CreatePfLpa/08-when-replacement-attorney-step-in" time="0.312"/><testcase name="There is at least one error displayed." classname="tests/05-CreatePfLpa/08-when-replacement-attorney-step-in" time="0.001"/><testcase name="Now the free text box is visible as expected" classname="tests/05-CreatePfLpa/08-when-replacement-attorney-step-in" time="0.026"/><testcase name="Error messages are displayed as expected" classname="tests/05-CreatePfLpa/08-when-replacement-attorney-step-in" time="0.302"/><testcase name="There is at least one error displayed." classname="tests/05-CreatePfLpa/08-when-replacement-attorney-step-in" time="0.001"/><testcase name="The text area is highlighted as the error." classname="tests/05-CreatePfLpa/08-when-replacement-attorney-step-in" time="0.001"/><testcase name="Page returns a 200 when the form is submitted" classname="tests/05-CreatePfLpa/08-when-replacement-attorney-step-in" time="0.453"/><testcase name="Page is landing on the expected URL: /lpa/99091465045/certificate-provider" classname="tests/05-CreatePfLpa/08-when-replacement-attorney-step-in" time="0.001"/><testcase name="Found an accordion bar link as expected" classname="tests/05-CreatePfLpa/08-when-replacement-attorney-step-in" time="0.001"/><testcase name="Page is on the expected URL: /lpa/99091465045/when-replacement-attorney-step-in" classname="tests/05-CreatePfLpa/08-when-replacement-attorney-step-in" time="0.225"/><testcase name="Page returns a 200 when attorneys decisions form is submitted" classname="tests/05-CreatePfLpa/08-when-replacement-attorney-step-in" time="0.463"/><testcase name="Page is landing on the expected URL: /lpa/99091465045/how-replacement-attorneys-make-decision" classname="tests/05-CreatePfLpa/08-when-replacement-attorney-step-in" time="0.001"/><testcase name="Found an accordion bar link as expected" classname="tests/05-CreatePfLpa/08-when-replacement-attorney-step-in" time="0.001"/><system-out><![CDATA[]]></system-out></testsuite><testsuite name="Checking user can access how primary attorney make decision page" tests="16" failures="0" errors="0" time="1.266" timestamp="2019-09-26T13:10:18.171Z" package="tests/05-CreatePfLpa/09-how-replacement-attorneys-make-decision"><testcase name="Page is on the expected URL." classname="tests/05-CreatePfLpa/09-how-replacement-attorneys-make-decision" time="0.269"/><testcase name="Accordion header is found on the page" classname="tests/05-CreatePfLpa/09-how-replacement-attorneys-make-decision" time="0.002"/><testcase name="Found radio option &quot;Jointly and severally&quot;" classname="tests/05-CreatePfLpa/09-how-replacement-attorneys-make-decision" time="0.001"/><testcase name="Found radio option &quot;Jointly&quot;" classname="tests/05-CreatePfLpa/09-how-replacement-attorneys-make-decision" time="0"/><testcase name="Found radio option &quot;Jointly for some decisions, and jointly and severally for other decisions&quot;" classname="tests/05-CreatePfLpa/09-how-replacement-attorneys-make-decision" time="0.001"/><testcase name="Free text box element exists" classname="tests/05-CreatePfLpa/09-how-replacement-attorneys-make-decision" time="0.001"/><testcase name="And the free text box is invisible as expected" classname="tests/05-CreatePfLpa/09-how-replacement-attorneys-make-decision" time="0.001"/><testcase name="Found &quot;Save and continue&quot; button" classname="tests/05-CreatePfLpa/09-how-replacement-attorneys-make-decision" time="0.001"/><testcase name="Error messages are displayed as expected" classname="tests/05-CreatePfLpa/09-how-replacement-attorneys-make-decision" time="0.302"/><testcase name="There is at least one error displayed." classname="tests/05-CreatePfLpa/09-how-replacement-attorneys-make-decision" time="0.002"/><testcase name="Now the free text box is visible as expected" classname="tests/05-CreatePfLpa/09-how-replacement-attorneys-make-decision" time="0.011"/><testcase name="Error messages are displayed as expected" classname="tests/05-CreatePfLpa/09-how-replacement-attorneys-make-decision" time="0.21"/><testcase name="There is at least one error displayed." classname="tests/05-CreatePfLpa/09-how-replacement-attorneys-make-decision" time="0.002"/><testcase name="Page returns a 200 when attorneys decisions form is submitted" classname="tests/05-CreatePfLpa/09-how-replacement-attorneys-make-decision" time="0.461"/><testcase name="Page is landing on the expected URL: /lpa/99091465045/certificate-provider" classname="tests/05-CreatePfLpa/09-how-replacement-attorneys-make-decision" time="0.001"/><testcase name="Found an accordion bar link as expected" classname="tests/05-CreatePfLpa/09-how-replacement-attorneys-make-decision" time="0.001"/><system-out><![CDATA[]]></system-out></testsuite><testsuite name="Checking user can add certificate provider" tests="42" failures="0" errors="0" time="1.889" timestamp="2019-09-26T13:10:18.171Z" package="tests/05-CreatePfLpa/10-certificate-provider"><testcase name="Page is on the expected URL." classname="tests/05-CreatePfLpa/10-certificate-provider" time="0.278"/><testcase name="Accordion header is found on the page" classname="tests/05-CreatePfLpa/10-certificate-provider" time="0.001"/><testcase name="Found [Add a certificate provider] button" classname="tests/05-CreatePfLpa/10-certificate-provider" time="0"/><testcase name="Lightbox for editing certificate provider's details is loaded and displayed as expected" classname="tests/05-CreatePfLpa/10-certificate-provider" time="0.207"/><testcase name="Found certificate provider form as expected" classname="tests/05-CreatePfLpa/10-certificate-provider" time="0.001"/><testcase name="Title dropdown is correctly generated" classname="tests/05-CreatePfLpa/10-certificate-provider" time="0.001"/><testcase name="Found &quot;Use my details&quot; link in the lightbox as expected" classname="tests/05-CreatePfLpa/10-certificate-provider" time="0.019"/><testcase name="Found title element in the lightbox as expected" classname="tests/05-CreatePfLpa/10-certificate-provider" time="0.001"/><testcase name="Found title dropdown list has items" classname="tests/05-CreatePfLpa/10-certificate-provider" time="0.001"/><testcase name="Found first names text input box in the lightbox as expected" classname="tests/05-CreatePfLpa/10-certificate-provider" time="0"/><testcase name="Found last name text input box in the lightbox as expected" classname="tests/05-CreatePfLpa/10-certificate-provider" time="0.001"/><testcase name="Found postcode lookup input field in the lightbox as expected" classname="tests/05-CreatePfLpa/10-certificate-provider" time="0.001"/><testcase name="Found postcode look button in the lightbox as expected" classname="tests/05-CreatePfLpa/10-certificate-provider" time="0"/><testcase name="Found address line 1 text input field in the lightbox as expected" classname="tests/05-CreatePfLpa/10-certificate-provider" time="0.001"/><testcase name="Found address line 2 text input field in the lightbox as expected" classname="tests/05-CreatePfLpa/10-certificate-provider" time="0.001"/><testcase name="Found address line 3 text input field in the lightbox as expected" classname="tests/05-CreatePfLpa/10-certificate-provider" time="0"/><testcase name="Found address postcode text input field in the lightbox as expected" classname="tests/05-CreatePfLpa/10-certificate-provider" time="0.001"/><testcase name="Found 'Save details' button in the lightbox as expected" classname="tests/05-CreatePfLpa/10-certificate-provider" time="0"/><testcase name="Found cancel button in the lightbox as expected" classname="tests/05-CreatePfLpa/10-certificate-provider" time="0.001"/><testcase name="Correct validation message shown for blank title" classname="tests/05-CreatePfLpa/10-certificate-provider" time="0.228"/><testcase name="Correct validation message shown for too long first name" classname="tests/05-CreatePfLpa/10-certificate-provider" time="0.001"/><testcase name="Correct validation message shown for too long last name" classname="tests/05-CreatePfLpa/10-certificate-provider" time="0.001"/><testcase name="Correct validation message shown for too long address line 1" classname="tests/05-CreatePfLpa/10-certificate-provider" time="0.001"/><testcase name="Correct validation message shown for too long address line 2" classname="tests/05-CreatePfLpa/10-certificate-provider" time="0.001"/><testcase name="Correct validation message shown for too long address line 3" classname="tests/05-CreatePfLpa/10-certificate-provider" time="0.001"/><testcase name="Certificate provider's name is displayed on landing page" classname="tests/05-CreatePfLpa/10-certificate-provider" time="0.549"/><testcase name="Found view/edit link for changing certificate provider details" classname="tests/05-CreatePfLpa/10-certificate-provider" time="0"/><testcase name="[Save and continue] button on certificate provider page is visible and pointing to people-to-notify page as expected" classname="tests/05-CreatePfLpa/10-certificate-provider" time="0.001"/><testcase name="Lightbox for editing certificate provider's details is loaded and displayed as expected" classname="tests/05-CreatePfLpa/10-certificate-provider" time="0.197"/><testcase name="Found certificate provider form as expected" classname="tests/05-CreatePfLpa/10-certificate-provider" time="0.001"/><testcase name="Title dropdown is correctly generated" classname="tests/05-CreatePfLpa/10-certificate-provider" time="0.001"/><testcase name="First name is correctly loaded" classname="tests/05-CreatePfLpa/10-certificate-provider" time="0"/><testcase name="Last name is correctly loaded" classname="tests/05-CreatePfLpa/10-certificate-provider" time="0.001"/><testcase name="Address1 is correctly loaded" classname="tests/05-CreatePfLpa/10-certificate-provider" time="0.001"/><testcase name="Address2 is correctly loaded" classname="tests/05-CreatePfLpa/10-certificate-provider" time="0"/><testcase name="Address3 is correctly loaded" classname="tests/05-CreatePfLpa/10-certificate-provider" time="0.001"/><testcase name="Postcode is correctly loaded" classname="tests/05-CreatePfLpa/10-certificate-provider" time="0"/><testcase name="Found [Save details] button on editing certificate provider form" classname="tests/05-CreatePfLpa/10-certificate-provider" time="0.001"/><testcase name="Found cancel button in the lightbox as expected" classname="tests/05-CreatePfLpa/10-certificate-provider" time="0"/><testcase name="Page returns a 200 when the form is submitted" classname="tests/05-CreatePfLpa/10-certificate-provider" time="0.385"/><testcase name="Page is on the expected URL: https://53-lpa3302add.front.development.lpa.opg.service.justice.gov.uk/lpa/99091465045/people-to-notify" classname="tests/05-CreatePfLpa/10-certificate-provider" time="0.002"/><testcase name="Found an accordion bar link as expected" classname="tests/05-CreatePfLpa/10-certificate-provider" time="0.001"/><system-out><![CDATA[]]></system-out></testsuite><testsuite name="Checking user can add people to notify" tests="44" failures="0" errors="0" time="2.027" timestamp="2019-09-26T13:10:18.172Z" package="tests/05-CreatePfLpa/11-people-to-notify"><testcase name="Page is on the expected URL." classname="tests/05-CreatePfLpa/11-people-to-notify" time="0.248"/><testcase name="Accordion header is found on the page" classname="tests/05-CreatePfLpa/11-people-to-notify" time="0.001"/><testcase name="Found &quot;Add a person to notify&quot; button" classname="tests/05-CreatePfLpa/11-people-to-notify" time="0.001"/><testcase name="Found &quot;Save and continue&quot; button" classname="tests/05-CreatePfLpa/11-people-to-notify" time="0"/><testcase name="Lightbox for editing people to notify's details is loaded and displayed as expected" classname="tests/05-CreatePfLpa/11-people-to-notify" time="0.191"/><testcase name="Found people to notify form as expected" classname="tests/05-CreatePfLpa/11-people-to-notify" time="0.001"/><testcase name="Title dropdown is correctly generated" classname="tests/05-CreatePfLpa/11-people-to-notify" time="0.001"/><testcase name="Found &quot;Use my details&quot; link in the lightbox as expected" classname="tests/05-CreatePfLpa/11-people-to-notify" time="0.02"/><testcase name="Found title element in the lightbox as expected" classname="tests/05-CreatePfLpa/11-people-to-notify" time="0"/><testcase name="Found title dropdown list has items" classname="tests/05-CreatePfLpa/11-people-to-notify" time="0.001"/><testcase name="Found first names text input box in the lightbox as expected" classname="tests/05-CreatePfLpa/11-people-to-notify" time="0.001"/><testcase name="Found last name text input box in the lightbox as expected" classname="tests/05-CreatePfLpa/11-people-to-notify" time="0.001"/><testcase name="Found postcode lookup input field in the lightbox as expected" classname="tests/05-CreatePfLpa/11-people-to-notify" time="0.001"/><testcase name="Found postcode look button in the lightbox as expected" classname="tests/05-CreatePfLpa/11-people-to-notify" time="0"/><testcase name="Found address line 1 text input field in the lightbox as expected" classname="tests/05-CreatePfLpa/11-people-to-notify" time="0.001"/><testcase name="Found address line 2 text input field in the lightbox as expected" classname="tests/05-CreatePfLpa/11-people-to-notify" time="0.001"/><testcase name="Found address line 3 text input field in the lightbox as expected" classname="tests/05-CreatePfLpa/11-people-to-notify" time="0"/><testcase name="Found address postcode text input field in the lightbox as expected" classname="tests/05-CreatePfLpa/11-people-to-notify" time="0.001"/><testcase name="Found 'Save details' button in the lightbox as expected" classname="tests/05-CreatePfLpa/11-people-to-notify" time="0"/><testcase name="Found cancel button in the lightbox as expected" classname="tests/05-CreatePfLpa/11-people-to-notify" time="0.001"/><testcase name="Correct validation message shown for blank title" classname="tests/05-CreatePfLpa/11-people-to-notify" time="0.223"/><testcase name="Correct validation message shown for too long first name" classname="tests/05-CreatePfLpa/11-people-to-notify" time="0.001"/><testcase name="Correct validation message shown for too long last name" classname="tests/05-CreatePfLpa/11-people-to-notify" time="0.002"/><testcase name="Correct validation message shown for too long address line 1" classname="tests/05-CreatePfLpa/11-people-to-notify" time="0.002"/><testcase name="Correct validation message shown for too long address line 2" classname="tests/05-CreatePfLpa/11-people-to-notify" time="0.002"/><testcase name="Correct validation message shown for too long address line 3" classname="tests/05-CreatePfLpa/11-people-to-notify" time="0.002"/><testcase name="Found the notified person is displayed on landing page" classname="tests/05-CreatePfLpa/11-people-to-notify" time="0.599"/><testcase name="Found view/edit link for changing person to notify details" classname="tests/05-CreatePfLpa/11-people-to-notify" time="0.001"/><testcase name="Found delete link for changing person to notify details" classname="tests/05-CreatePfLpa/11-people-to-notify" time="0.001"/><testcase name="[Save and continue] button on people to notify page is visible" classname="tests/05-CreatePfLpa/11-people-to-notify" time="0"/><testcase name="Lightbox for editing notified person's details is loaded and displayed as expected" classname="tests/05-CreatePfLpa/11-people-to-notify" time="0.198"/><testcase name="Found notified person form as expected" classname="tests/05-CreatePfLpa/11-people-to-notify" time="0.001"/><testcase name="Title is correctly loaded" classname="tests/05-CreatePfLpa/11-people-to-notify" time="0.001"/><testcase name="First name is correctly loaded" classname="tests/05-CreatePfLpa/11-people-to-notify" time="0"/><testcase name="Last name is correctly loaded" classname="tests/05-CreatePfLpa/11-people-to-notify" time="0.001"/><testcase name="Address1 is correctly loaded" classname="tests/05-CreatePfLpa/11-people-to-notify" time="0.001"/><testcase name="Address2 is correctly loaded" classname="tests/05-CreatePfLpa/11-people-to-notify" time="0.001"/><testcase name="Address3 is correctly loaded" classname="tests/05-CreatePfLpa/11-people-to-notify" time="0"/><testcase name="Postcode is correctly loaded" classname="tests/05-CreatePfLpa/11-people-to-notify" time="0.001"/><testcase name="Found [Save details] button on editing notified person form" classname="tests/05-CreatePfLpa/11-people-to-notify" time="0"/><testcase name="Found cancel button in the lightbox as expected" classname="tests/05-CreatePfLpa/11-people-to-notify" time="0.001"/><testcase name="Page returns a 200 when the form is submitted" classname="tests/05-CreatePfLpa/11-people-to-notify" time="0.516"/><testcase name="Page is on the expected URL: https://53-lpa3302add.front.development.lpa.opg.service.justice.gov.uk/lpa/99091465045/instructions" classname="tests/05-CreatePfLpa/11-people-to-notify" time="0.002"/><testcase name="Found an accordion bar link as expected" classname="tests/05-CreatePfLpa/11-people-to-notify" time="0"/><system-out><![CDATA[]]></system-out></testsuite><testsuite name="Checking instructions page" tests="17" failures="0" errors="0" time="1.134" timestamp="2019-09-26T13:10:18.172Z" package="tests/05-CreatePfLpa/12-instructions"><testcase name="Page is on the expected URL." classname="tests/05-CreatePfLpa/12-instructions" time="0.297"/><testcase name="Accordion header is found on the page" classname="tests/05-CreatePfLpa/12-instructions" time="0.001"/><testcase name="Found instructions box" classname="tests/05-CreatePfLpa/12-instructions" time="0.001"/><testcase name="Instructions box is not visible" classname="tests/05-CreatePfLpa/12-instructions" time="0.001"/><testcase name="Found preferences box" classname="tests/05-CreatePfLpa/12-instructions" time="0.001"/><testcase name="Preferences box is not visible" classname="tests/05-CreatePfLpa/12-instructions" time="0.001"/><testcase name="Found &quot;Save and continue&quot; button" classname="tests/05-CreatePfLpa/12-instructions" time="0.001"/><testcase name="Found Add extra instructions button" classname="tests/05-CreatePfLpa/12-instructions" time="0"/><testcase name="Instructions box is now visible" classname="tests/05-CreatePfLpa/12-instructions" time="0.128"/><testcase name="Preferences box is now visible" classname="tests/05-CreatePfLpa/12-instructions" time="0.001"/><testcase name="Page returns a 200 when LPA type form is submitted" classname="tests/05-CreatePfLpa/12-instructions" time="0.482"/><testcase name="Now page is on expected URL: https://53-lpa3302add.front.development.lpa.opg.service.justice.gov.uk/lpa/99091465045/applicant" classname="tests/05-CreatePfLpa/12-instructions" time="0.001"/><testcase name="Found an accordion bar link as expected" classname="tests/05-CreatePfLpa/12-instructions" time="0"/><testcase name="Page returns a 200 when LPA type form is submitted" classname="tests/05-CreatePfLpa/12-instructions" time="0.217"/><testcase name="Page is on the expected URL." classname="tests/05-CreatePfLpa/12-instructions" time="0"/><testcase name="Instructon was saved correctly" classname="tests/05-CreatePfLpa/12-instructions" time="0.001"/><testcase name="Preference was saved correctly" classname="tests/05-CreatePfLpa/12-instructions" time="0.001"/><system-out><![CDATA[]]></system-out></testsuite><testsuite name="Checking Summary page" tests="104" failures="0" errors="0" time="32.144" timestamp="2019-09-26T13:10:18.172Z" package="tests/05-CreatePfLpa/13-summary"><testcase name="Page is on the expected URL." classname="tests/05-CreatePfLpa/13-summary" time="0.26"/><testcase name="Found an accordion bar link as expected" classname="tests/05-CreatePfLpa/13-summary" time="0"/><testcase name="Page is on the expected URL: /lpa/99091465045/summary" classname="tests/05-CreatePfLpa/13-summary" time="0.237"/><testcase name="Title found" classname="tests/05-CreatePfLpa/13-summary" time="0.021"/><testcase name="Content found" classname="tests/05-CreatePfLpa/13-summary" time="0.001"/><testcase name="Title found" classname="tests/05-CreatePfLpa/13-summary" time="0.001"/><testcase name="Title found" classname="tests/05-CreatePfLpa/13-summary" time="0.001"/><testcase name="Content found" classname="tests/05-CreatePfLpa/13-summary" time="0"/><testcase name="Link found" classname="tests/05-CreatePfLpa/13-summary" time="0.001"/><testcase name="Title found" classname="tests/05-CreatePfLpa/13-summary" time="0"/><testcase name="Content found" classname="tests/05-CreatePfLpa/13-summary" time="0.001"/><testcase name="Title found" classname="tests/05-CreatePfLpa/13-summary" time="0"/><testcase name="Content found" classname="tests/05-CreatePfLpa/13-summary" time="0.001"/><testcase name="Title found" classname="tests/05-CreatePfLpa/13-summary" time="0.001"/><testcase name="StreetAddress found" classname="tests/05-CreatePfLpa/13-summary" time="0.001"/><testcase name="AddressLocality found" classname="tests/05-CreatePfLpa/13-summary" time="0"/><testcase name="AddressRegion found" classname="tests/05-CreatePfLpa/13-summary" time="0.001"/><testcase name="PostalCode found" classname="tests/05-CreatePfLpa/13-summary" time="0"/><testcase name="Title found" classname="tests/05-CreatePfLpa/13-summary" time="0.001"/><testcase name="Content found" classname="tests/05-CreatePfLpa/13-summary" time="0"/><testcase name="Title found" classname="tests/05-CreatePfLpa/13-summary" time="0.001"/><testcase name="Content found" classname="tests/05-CreatePfLpa/13-summary" time="0"/><testcase name="Link found" classname="tests/05-CreatePfLpa/13-summary" time="0.001"/><testcase name="Title found" classname="tests/05-CreatePfLpa/13-summary" time="0"/><testcase name="Title found" classname="tests/05-CreatePfLpa/13-summary" time="0.001"/><testcase name="Content found" classname="tests/05-CreatePfLpa/13-summary" time="0"/><testcase name="Link found" classname="tests/05-CreatePfLpa/13-summary" time="0.001"/><testcase name="Title found" classname="tests/05-CreatePfLpa/13-summary" time="0.001"/><testcase name="Content found" classname="tests/05-CreatePfLpa/13-summary" time="0"/><testcase name="Title found" classname="tests/05-CreatePfLpa/13-summary" time="0.001"/><testcase name="Content found" classname="tests/05-CreatePfLpa/13-summary" time="0"/><testcase name="Title found" classname="tests/05-CreatePfLpa/13-summary" time="0"/><testcase name="StreetAddress found" classname="tests/05-CreatePfLpa/13-summary" time="0.001"/><testcase name="AddressLocality found" classname="tests/05-CreatePfLpa/13-summary" time="0"/><testcase name="AddressRegion found" classname="tests/05-CreatePfLpa/13-summary" time="0.001"/><testcase name="PostalCode found" classname="tests/05-CreatePfLpa/13-summary" time="0"/><testcase name="Title found" classname="tests/05-CreatePfLpa/13-summary" time="0.001"/><testcase name="Title found" classname="tests/05-CreatePfLpa/13-summary" time="0"/><testcase name="Content found" classname="tests/05-CreatePfLpa/13-summary" time="0"/><testcase name="Link found" classname="tests/05-CreatePfLpa/13-summary" time="0.001"/><testcase name="Title found" classname="tests/05-CreatePfLpa/13-summary" time="0"/><testcase name="Content found" classname="tests/05-CreatePfLpa/13-summary" time="0.001"/><testcase name="Title found" classname="tests/05-CreatePfLpa/13-summary" time="0"/><testcase name="Content found" classname="tests/05-CreatePfLpa/13-summary" time="0.001"/><testcase name="Title found" classname="tests/05-CreatePfLpa/13-summary" time="0"/><testcase name="StreetAddress found" classname="tests/05-CreatePfLpa/13-summary" time="0.001"/><testcase name="AddressLocality found" classname="tests/05-CreatePfLpa/13-summary" time="0"/><testcase name="AddressRegion found" classname="tests/05-CreatePfLpa/13-summary" time="0"/><testcase name="PostalCode found" classname="tests/05-CreatePfLpa/13-summary" time="0.001"/><testcase name="Title found" classname="tests/05-CreatePfLpa/13-summary" time="0"/><testcase name="Title found" classname="tests/05-CreatePfLpa/13-summary" time="0.001"/><testcase name="Content found" classname="tests/05-CreatePfLpa/13-summary" time="0"/><testcase name="Link found" classname="tests/05-CreatePfLpa/13-summary" time="0.001"/><testcase name="Title found" classname="tests/05-CreatePfLpa/13-summary" time="0"/><testcase name="Title found" classname="tests/05-CreatePfLpa/13-summary" time="0"/><testcase name="Content found" classname="tests/05-CreatePfLpa/13-summary" time="0.001"/><testcase name="Lin
[...]
a 200 when the correspondent form is submitted" classname="tests/25-CreatePfLpaClone/15-correspondent" time="3.783"/><testcase name="Page is on the expected URL." classname="tests/25-CreatePfLpaClone/15-correspondent" time="0.002"/><testcase name="Found an accordion bar link as expected" classname="tests/25-CreatePfLpaClone/15-correspondent" time="0.002"/><system-out><![CDATA[]]></system-out></testsuite><testsuite name="Checking user can access who are you page" tests="23" failures="0" errors="0" time="1.212" timestamp="2019-09-26T13:10:18.188Z" package="tests/25-CreatePfLpaClone/16-who-are-you"><testcase name="Page is on the expected URL." classname="tests/25-CreatePfLpaClone/16-who-are-you" time="0.311"/><testcase name="Accordion header is found on the page" classname="tests/25-CreatePfLpaClone/16-who-are-you" time="0.002"/><testcase name="Found form-who-are-you" classname="tests/25-CreatePfLpaClone/16-who-are-you" time="0.003"/><testcase name="Found donor option" classname="tests/25-CreatePfLpaClone/16-who-are-you" time="0.002"/><testcase name="Found friendOrFamily option" classname="tests/25-CreatePfLpaClone/16-who-are-you" time="0.001"/><testcase name="Found financeProfessional option" classname="tests/25-CreatePfLpaClone/16-who-are-you" time="0"/><testcase name="Found legalProfessional option" classname="tests/25-CreatePfLpaClone/16-who-are-you" time="0.001"/><testcase name="Found estatePlanningProfessional option" classname="tests/25-CreatePfLpaClone/16-who-are-you" time="0"/><testcase name="Found digitalPartner option" classname="tests/25-CreatePfLpaClone/16-who-are-you" time="0.001"/><testcase name="Found charity option" classname="tests/25-CreatePfLpaClone/16-who-are-you" time="0"/><testcase name="Found organisation option" classname="tests/25-CreatePfLpaClone/16-who-are-you" time="0.001"/><testcase name="Found other option" classname="tests/25-CreatePfLpaClone/16-who-are-you" time="0"/><testcase name="Found notSaid option" classname="tests/25-CreatePfLpaClone/16-who-are-you" time="0.001"/><testcase name="Found other text input element" classname="tests/25-CreatePfLpaClone/16-who-are-you" time="0"/><testcase name="Found &quot;Save and continue&quot; button" classname="tests/25-CreatePfLpaClone/16-who-are-you" time="0"/><testcase name="Error messages are displayed as expected" classname="tests/25-CreatePfLpaClone/16-who-are-you" time="0.248"/><testcase name="There is at least one error displayed." classname="tests/25-CreatePfLpaClone/16-who-are-you" time="0"/><testcase name="Page returns a 200 when the &quot;who-are-you&quot; form is submitted" classname="tests/25-CreatePfLpaClone/16-who-are-you" time="0.381"/><testcase name="Page is on the expected URL." classname="tests/25-CreatePfLpaClone/16-who-are-you" time="0.001"/><testcase name="Found an accordion bar link as expected" classname="tests/25-CreatePfLpaClone/16-who-are-you" time="0.001"/><testcase name="Page is on the who are you page." classname="tests/25-CreatePfLpaClone/16-who-are-you" time="0.257"/><testcase name="Page does not have form-who-are-you as expected" classname="tests/25-CreatePfLpaClone/16-who-are-you" time="0.001"/><testcase name="Found the continue button as expected" classname="tests/25-CreatePfLpaClone/16-who-are-you" time="0"/><system-out><![CDATA[]]></system-out></testsuite><testsuite name="Checking user can access repeat application page" tests="13" failures="0" errors="0" time="0.969" timestamp="2019-09-26T13:10:18.188Z" package="tests/25-CreatePfLpaClone/17-repeat-application"><testcase name="Page is on the expected URL." classname="tests/25-CreatePfLpaClone/17-repeat-application" time="0.33"/><testcase name="Accordion header is found on the page" classname="tests/25-CreatePfLpaClone/17-repeat-application" time="0.001"/><testcase name="Found form-repeat-application" classname="tests/25-CreatePfLpaClone/17-repeat-application" time="0.001"/><testcase name="Found is-repeat option" classname="tests/25-CreatePfLpaClone/17-repeat-application" time="0.001"/><testcase name="Found is-new option" classname="tests/25-CreatePfLpaClone/17-repeat-application" time="0.001"/><testcase name="Found repeat case number text input" classname="tests/25-CreatePfLpaClone/17-repeat-application" time="0.001"/><testcase name="Found repeat case number text input is hidden" classname="tests/25-CreatePfLpaClone/17-repeat-application" time="0.001"/><testcase name="Found &quot;Save and continue&quot; button" classname="tests/25-CreatePfLpaClone/17-repeat-application" time="0.001"/><testcase name="Error messages are displayed as expected" classname="tests/25-CreatePfLpaClone/17-repeat-application" time="0.222"/><testcase name="There is at least one error displayed." classname="tests/25-CreatePfLpaClone/17-repeat-application" time="0"/><testcase name="Page returns a 200 when the &quot;who-are-you&quot; form is submitted" classname="tests/25-CreatePfLpaClone/17-repeat-application" time="0.408"/><testcase name="Page is on the expected URL." classname="tests/25-CreatePfLpaClone/17-repeat-application" time="0.001"/><testcase name="Found an accordion bar link as expected" classname="tests/25-CreatePfLpaClone/17-repeat-application" time="0.001"/><system-out><![CDATA[]]></system-out></testsuite><testsuite name="Checking user can access fee reduction page" tests="21" failures="0" errors="0" time="1.103" timestamp="2019-09-26T13:10:18.188Z" package="tests/25-CreatePfLpaClone/18-fee-reduction"><testcase name="Page is on the expected URL." classname="tests/25-CreatePfLpaClone/18-fee-reduction" time="0.295"/><testcase name="Accordion header is found on the page" classname="tests/25-CreatePfLpaClone/18-fee-reduction" time="0.001"/><testcase name="Found form-fee-reduction" classname="tests/25-CreatePfLpaClone/18-fee-reduction" time="0.001"/><testcase name="Found reducedFeeReceivesBenefits option" classname="tests/25-CreatePfLpaClone/18-fee-reduction" time="0.001"/><testcase name="Found reducedFeeUniversalCredit option" classname="tests/25-CreatePfLpaClone/18-fee-reduction" time="0.001"/><testcase name="Found reducedFeeLowIncome option" classname="tests/25-CreatePfLpaClone/18-fee-reduction" time="0.001"/><testcase name="Found notApply option" classname="tests/25-CreatePfLpaClone/18-fee-reduction" time="0.001"/><testcase name="Found &quot;Save and continue&quot; button" classname="tests/25-CreatePfLpaClone/18-fee-reduction" time="0"/><testcase name="Error messages are displayed as expected" classname="tests/25-CreatePfLpaClone/18-fee-reduction" time="0.256"/><testcase name="There is at least one error displayed." classname="tests/25-CreatePfLpaClone/18-fee-reduction" time="0"/><testcase name="Description about fee exemption is hidden as expected" classname="tests/25-CreatePfLpaClone/18-fee-reduction" time="0.023"/><testcase name="Description about universal credit is hidden as expected" classname="tests/25-CreatePfLpaClone/18-fee-reduction" time="0.001"/><testcase name="Description about fee exemption is hidden as expected" classname="tests/25-CreatePfLpaClone/18-fee-reduction" time="0.039"/><testcase name="Description about universal credit is hidden as expected" classname="tests/25-CreatePfLpaClone/18-fee-reduction" time="0.001"/><testcase name="Description about fee exemption is hidden as expected" classname="tests/25-CreatePfLpaClone/18-fee-reduction" time="0.041"/><testcase name="Description about universal credit is hidden as expected" classname="tests/25-CreatePfLpaClone/18-fee-reduction" time="0.001"/><testcase name="Description about universal credit is displayed as expected" classname="tests/25-CreatePfLpaClone/18-fee-reduction" time="0.04"/><testcase name="Description about fee exemption is hidden as expected" classname="tests/25-CreatePfLpaClone/18-fee-reduction" time="0.001"/><testcase name="Description about fee exemption is displayed as expected" classname="tests/25-CreatePfLpaClone/18-fee-reduction" time="0.039"/><testcase name="Page is on the expected URL: /lpa/45539064315/checkout" classname="tests/25-CreatePfLpaClone/18-fee-reduction" time="0.358"/><testcase name="Fee is £0 as expected" classname="tests/25-CreatePfLpaClone/18-fee-reduction" time="0.002"/><system-out><![CDATA[]]></system-out></testsuite><testsuite name="Checking Checkout page" tests="73" failures="0" errors="0" time="0.859" timestamp="2019-09-26T13:10:18.188Z" package="tests/25-CreatePfLpaClone/19-checkout"><testcase name="Page is on the expected URL." classname="tests/25-CreatePfLpaClone/19-checkout" time="0.332"/><testcase name="Title found" classname="tests/25-CreatePfLpaClone/19-checkout" time="0.021"/><testcase name="Content found" classname="tests/25-CreatePfLpaClone/19-checkout" time="0"/><testcase name="Title found" classname="tests/25-CreatePfLpaClone/19-checkout" time="0.002"/><testcase name="Title found" classname="tests/25-CreatePfLpaClone/19-checkout" time="0"/><testcase name="Content found" classname="tests/25-CreatePfLpaClone/19-checkout" time="0.001"/><testcase name="Link found" classname="tests/25-CreatePfLpaClone/19-checkout" time="0.001"/><testcase name="Title found" classname="tests/25-CreatePfLpaClone/19-checkout" time="0.001"/><testcase name="Content found" classname="tests/25-CreatePfLpaClone/19-checkout" time="0.001"/><testcase name="Title found" classname="tests/25-CreatePfLpaClone/19-checkout" time="0"/><testcase name="Content found" classname="tests/25-CreatePfLpaClone/19-checkout" time="0.001"/><testcase name="Title found" classname="tests/25-CreatePfLpaClone/19-checkout" time="0"/><testcase name="StreetAddress found" classname="tests/25-CreatePfLpaClone/19-checkout" time="0.001"/><testcase name="AddressLocality found" classname="tests/25-CreatePfLpaClone/19-checkout" time="0"/><testcase name="AddressRegion found" classname="tests/25-CreatePfLpaClone/19-checkout" time="0.001"/><testcase name="PostalCode found" classname="tests/25-CreatePfLpaClone/19-checkout" time="0"/><testcase name="Title found" classname="tests/25-CreatePfLpaClone/19-checkout" time="0.001"/><testcase name="Content found" classname="tests/25-CreatePfLpaClone/19-checkout" time="0"/><testcase name="Title found" classname="tests/25-CreatePfLpaClone/19-checkout" time="0.001"/><testcase name="Content found" classname="tests/25-CreatePfLpaClone/19-checkout" time="0"/><testcase name="Link found" classname="tests/25-CreatePfLpaClone/19-checkout" time="0.001"/><testcase name="Title found" classname="tests/25-CreatePfLpaClone/19-checkout" time="0"/><testcase name="Title found" classname="tests/25-CreatePfLpaClone/19-checkout" time="0.001"/><testcase name="Content found" classname="tests/25-CreatePfLpaClone/19-checkout" time="0"/><testcase name="Link found" classname="tests/25-CreatePfLpaClone/19-checkout" time="0.001"/><testcase name="Title found" classname="tests/25-CreatePfLpaClone/19-checkout" time="0"/><testcase name="Content found" classname="tests/25-CreatePfLpaClone/19-checkout" time="0.001"/><testcase name="Title found" classname="tests/25-CreatePfLpaClone/19-checkout" time="0"/><testcase name="Content found" classname="tests/25-CreatePfLpaClone/19-checkout" time="0.001"/><testcase name="Title found" classname="tests/25-CreatePfLpaClone/19-checkout" time="0"/><testcase name="StreetAddress found" classname="tests/25-CreatePfLpaClone/19-checkout" time="0"/><testcase name="AddressLocality found" classname="tests/25-CreatePfLpaClone/19-checkout" time="0.001"/><testcase name="AddressRegion found" classname="tests/25-CreatePfLpaClone/19-checkout" time="0"/><testcase name="PostalCode found" classname="tests/25-CreatePfLpaClone/19-checkout" time="0.001"/><testcase name="RAs found" classname="tests/25-CreatePfLpaClone/19-checkout" time="0"/><testcase name="Title found" classname="tests/25-CreatePfLpaClone/19-checkout" time="0.001"/><testcase name="Title found" classname="tests/25-CreatePfLpaClone/19-checkout" time="0"/><testcase name="Content found" classname="tests/25-CreatePfLpaClone/19-checkout" time="0"/><testcase name="Link found" classname="tests/25-CreatePfLpaClone/19-checkout" time="0.001"/><testcase name="Title found" classname="tests/25-CreatePfLpaClone/19-checkout" time="0"/><testcase name="StreetAddress found" classname="tests/25-CreatePfLpaClone/19-checkout" time="0.001"/><testcase name="AddressLocality found" classname="tests/25-CreatePfLpaClone/19-checkout" time="0"/><testcase name="AddressRegion found" classname="tests/25-CreatePfLpaClone/19-checkout" time="0.001"/><testcase name="PostalCode found" classname="tests/25-CreatePfLpaClone/19-checkout" time="0"/><testcase name="Title found" classname="tests/25-CreatePfLpaClone/19-checkout" time="0.001"/><testcase name="Content found" classname="tests/25-CreatePfLpaClone/19-checkout" time="0"/><testcase name="Link found" classname="tests/25-CreatePfLpaClone/19-checkout" time="0"/><testcase name="Title found" classname="tests/25-CreatePfLpaClone/19-checkout" time="0.001"/><testcase name="Content found" classname="tests/25-CreatePfLpaClone/19-checkout" time="0"/><testcase name="Link found" classname="tests/25-CreatePfLpaClone/19-checkout" time="0.001"/><testcase name="Title found" classname="tests/25-CreatePfLpaClone/19-checkout" time="0"/><testcase name="Content found" classname="tests/25-CreatePfLpaClone/19-checkout" time="0.001"/><testcase name="Link found" classname="tests/25-CreatePfLpaClone/19-checkout" time="0.001"/><testcase name="Title found" classname="tests/25-CreatePfLpaClone/19-checkout" time="0"/><testcase name="Title found" classname="tests/25-CreatePfLpaClone/19-checkout" time="0.001"/><testcase name="Content found" classname="tests/25-CreatePfLpaClone/19-checkout" time="0"/><testcase name="Link found" classname="tests/25-CreatePfLpaClone/19-checkout" time="0.001"/><testcase name="Title found" classname="tests/25-CreatePfLpaClone/19-checkout" time="0"/><testcase name="Content found" classname="tests/25-CreatePfLpaClone/19-checkout" time="0.001"/><testcase name="Title found" classname="tests/25-CreatePfLpaClone/19-checkout" time="0"/><testcase name="StreetAddress found" classname="tests/25-CreatePfLpaClone/19-checkout" time="0.001"/><testcase name="AddressLocality found" classname="tests/25-CreatePfLpaClone/19-checkout" time="0"/><testcase name="AddressRegion found" classname="tests/25-CreatePfLpaClone/19-checkout" time="0"/><testcase name="PostalCode found" classname="tests/25-CreatePfLpaClone/19-checkout" time="0.001"/><testcase name="Title found" classname="tests/25-CreatePfLpaClone/19-checkout" time="0"/><testcase name="Content found" classname="tests/25-CreatePfLpaClone/19-checkout" time="0.001"/><testcase name="Link found" classname="tests/25-CreatePfLpaClone/19-checkout" time="0"/><testcase name="Title found" classname="tests/25-CreatePfLpaClone/19-checkout" time="0.001"/><testcase name="Fee found" classname="tests/25-CreatePfLpaClone/19-checkout" time="0"/><testcase name="Link found" classname="tests/25-CreatePfLpaClone/19-checkout" time="0.001"/><testcase name="Fee is £0 as expected" classname="tests/25-CreatePfLpaClone/19-checkout" time="0.004"/><testcase name="Confirm and finish link found" classname="tests/25-CreatePfLpaClone/19-checkout" time="0.021"/><testcase name="Page is on the expected URL." classname="tests/25-CreatePfLpaClone/19-checkout" time="0.446"/><system-out><![CDATA[]]></system-out></testsuite><testsuite name="Checking user can access payment page" tests="5" failures="0" errors="0" time="23.131" timestamp="2019-09-26T13:10:18.189Z" package="tests/25-CreatePfLpaClone/20-complete"><testcase name="Page is on the expected URL: https://53-lpa3302add.front.development.lpa.opg.service.justice.gov.uk/lpa/45539064315/complete" classname="tests/25-CreatePfLpaClone/20-complete" time="0.246"/><testcase name="Found LP1 download link" classname="tests/25-CreatePfLpaClone/20-complete" time="0.002"/><testcase name="Found LPA120 download link" classname="tests/25-CreatePfLpaClone/20-complete" time="0"/><testcase name="PDF is a sensible size." classname="tests/25-CreatePfLpaClone/20-complete" time="11.606"/><testcase name="PDF is a sensible size." classname="tests/25-CreatePfLpaClone/20-complete" time="11.277"/><system-out><![CDATA[]]></system-out></testsuite><testsuite name="Change password" tests="6" failures="0" errors="0" time="1.072" timestamp="2019-09-26T13:10:18.189Z" package="tests/35-ChangePassword/01-change-password"><testcase name="Page is on the expected URL for changing password." classname="tests/35-ChangePassword/01-change-password" time="0.435"/><testcase name="Back to Change Password page as expected due to failed validation" classname="tests/35-ChangePassword/01-change-password" time="0.633"/><testcase name="Correct validation message shown for no digits" classname="tests/35-ChangePassword/01-change-password" time="0.001"/><testcase name="Correct validation message shown for no lowercase letters" classname="tests/35-ChangePassword/01-change-password" time="0.001"/><testcase name="Correct validation message shown for no uppercase letters" classname="tests/35-ChangePassword/01-change-password" time="0.001"/><testcase name="Correct validation message shown for password mismatch" classname="tests/35-ChangePassword/01-change-password" time="0.001"/><system-out><![CDATA[]]></system-out></testsuite><testsuite name="Check feedback page accessible" tests="22" failures="0" errors="0" time="1.512" timestamp="2019-09-26T13:10:18.189Z" package="tests/99-feedback/01-feedback"><testcase name="Page is on the expected URL." classname="tests/99-feedback/01-feedback" time="0.306"/><testcase name="Page returns a 200" classname="tests/99-feedback/01-feedback" time="0"/><testcase name="Page header has a title" classname="tests/99-feedback/01-feedback" time="0.001"/><testcase name="Page has a H1 header" classname="tests/99-feedback/01-feedback" time="0.001"/><testcase name="H1 header is not &quot;Page not found&quot;" classname="tests/99-feedback/01-feedback" time="0"/><testcase name="Found radio option &quot;Very satisfied&quot; on page" classname="tests/99-feedback/01-feedback" time="0.001"/><testcase name="Found radio option &quot;Satisfied&quot; on page" classname="tests/99-feedback/01-feedback" time="0"/><testcase name="Found radio option &quot;Neither satisfied or dissatisfied&quot; on page" classname="tests/99-feedback/01-feedback" time="0.001"/><testcase name="Found radio option &quot;Dissatisfied&quot; on page" classname="tests/99-feedback/01-feedback" time="0.001"/><testcase name="Found radio option &quot;Very dissatisfied&quot; on page" classname="tests/99-feedback/01-feedback" time="0"/><testcase name="Found feedback text box on page" classname="tests/99-feedback/01-feedback" time="0.001"/><testcase name="Found email address input box on page" classname="tests/99-feedback/01-feedback" time="0"/><testcase name="Found submit button on page" classname="tests/99-feedback/01-feedback" time="0.001"/><testcase name="Find text within the document body" classname="tests/99-feedback/01-feedback" time="0.302"/><testcase name="&quot;Satisfied&quot; radio button is checked as expected" classname="tests/99-feedback/01-feedback" time="0.026"/><testcase name="Find text within the document body" classname="tests/99-feedback/01-feedback" time="0.329"/><testcase name="&quot;Neither satisfied or dissatisfied&quot; radio button is checked as expected" classname="tests/99-feedback/01-feedback" time="0.029"/><testcase name="Email field is populated as expected" classname="tests/99-feedback/01-feedback" time="0.004"/><testcase name="feedback textarea field is populated as expected" classname="tests/99-feedback/01-feedback" time="0.001"/><testcase name="Page returns a 200 when feedback form is submitted" classname="tests/99-feedback/01-feedback" time="0.506"/><testcase name="Feedback sent page url is correct" classname="tests/99-feedback/01-feedback" time="0.001"/><testcase name="Feedback sent page has a returning url link" classname="tests/99-feedback/01-feedback" time="0.001"/><system-out><![CDATA[]]></system-out></testsuite></testsuites>