<?xml version="1.0" encoding="UTF-8"?><testsuites time="0.094"><testsuite name="Checking root path redirect" tests="1" failures="1" errors="0" time="0.094" timestamp="2019-03-13T22:23:35.047Z" package="nt/test/tests/01-HomePage/01-redirects"><testcase name="Page is on the expected URL." classname="nt/test/tests/01-HomePage/01-redirects" time="0.094"><failure type="assertUrlMatch"><![CDATA[Page is on the expected URL.]]></failure></testcase><system-out><![CDATA[--fail-fast: aborted all remaining tests]]></system-out></testsuite></testsuites>